-- Install configuration: ""
-- Installing: /home/emred/ackerman_ws/src/install/ack_robot_description/share/ack_robot_description//urdf
-- Installing: /home/emred/ackerman_ws/src/install/ack_robot_description/share/ack_robot_description//urdf/traktor.urdf
-- Installing: /home/emred/ackerman_ws/src/install/ack_robot_description/share/ack_robot_description//launch
-- Installing: /home/emred/ackerman_ws/src/install/ack_robot_description/share/ack_robot_description//launch/display.launch.xml
-- Installing: /home/emred/ackerman_ws/src/install/ack_robot_description/share/ack_robot_description//rviz
-- Installing: /home/emred/ackerman_ws/src/install/ack_robot_description/share/ack_robot_description//rviz/urdf_config.rviz
-- Installing: /home/emred/ackerman_ws/src/install/ack_robot_description/share/ament_index/resource_index/package_run_dependencies/ack_robot_description
-- Installing: /home/emred/ackerman_ws/src/install/ack_robot_description/share/ament_index/resource_index/parent_prefix_path/ack_robot_description
-- Installing: /home/emred/ackerman_ws/src/install/ack_robot_description/share/ack_robot_description/environment/ament_prefix_path.sh
-- Installing: /home/emred/ackerman_ws/src/install/ack_robot_description/share/ack_robot_description/environment/ament_prefix_path.dsv
-- Installing: /home/emred/ackerman_ws/src/install/ack_robot_description/share/ack_robot_description/environment/path.sh
-- Installing: /home/emred/ackerman_ws/src/install/ack_robot_description/share/ack_robot_description/environment/path.dsv
-- Installing: /home/emred/ackerman_ws/src/install/ack_robot_description/share/ack_robot_description/local_setup.bash
-- Installing: /home/emred/ackerman_ws/src/install/ack_robot_description/share/ack_robot_description/local_setup.sh
-- Installing: /home/emred/ackerman_ws/src/install/ack_robot_description/share/ack_robot_description/local_setup.zsh
-- Installing: /home/emred/ackerman_ws/src/install/ack_robot_description/share/ack_robot_description/local_setup.dsv
-- Installing: /home/emred/ackerman_ws/src/install/ack_robot_description/share/ack_robot_description/package.dsv
-- Installing: /home/emred/ackerman_ws/src/install/ack_robot_description/share/ament_index/resource_index/packages/ack_robot_description
-- Installing: /home/emred/ackerman_ws/src/install/ack_robot_description/share/ack_robot_description/cmake/ack_robot_descriptionConfig.cmake
-- Installing: /home/emred/ackerman_ws/src/install/ack_robot_description/share/ack_robot_description/cmake/ack_robot_descriptionConfig-version.cmake
-- Installing: /home/emred/ackerman_ws/src/install/ack_robot_description/share/ack_robot_description/package.xml
