[1.160s] DEBUG:colcon:Command line arguments: ['/usr/bin/colcon', 'build']
[1.161s] DEBUG:colcon:Parsed command line arguments: Namespace(log_base=None, log_level=None, verb_name='build', build_base='build', install_base='install', merge_install=False, symlink_install=False, test_result_base=None, continue_on_error=False, executor='parallel', parallel_workers=16, event_handlers=None, ignore_user_meta=False, metas=['./colcon.meta'], base_paths=['.'], packages_ignore=None, packages_ignore_regex=None, paths=None, packages_up_to=None, packages_up_to_regex=None, packages_above=None, packages_above_and_dependencies=None, packages_above_depth=None, packages_select_by_dep=None, packages_skip_by_dep=None, packages_skip_up_to=None, packages_select_build_failed=False, packages_skip_build_finished=False, packages_select_test_failures=False, packages_skip_test_passed=False, packages_select=None, packages_skip=None, packages_select_regex=None, packages_skip_regex=None, packages_start=None, packages_end=None, allow_overriding=[], cmake_args=None, cmake_target=None, cmake_target_skip_unavailable=False, cmake_clean_cache=False, cmake_clean_first=False, cmake_force_configure=False, ament_cmake_args=None, catkin_cmake_args=None, catkin_skip_building_tests=False, verb_parser=<colcon_defaults.argument_parser.defaults.DefaultArgumentsDecorator object at 0x7f9751edd840>, verb_extension=<colcon_core.verb.build.BuildVerb object at 0x7f9751edd780>, main=<bound method BuildVerb.main of <colcon_core.verb.build.BuildVerb object at 0x7f9751edd780>>)
[1.216s] Level 1:colcon.colcon_core.package_discovery:discover_packages(colcon_meta) check parameters
[1.216s] Level 1:colcon.colcon_core.package_discovery:discover_packages(recursive) check parameters
[1.216s] Level 1:colcon.colcon_core.package_discovery:discover_packages(ignore) check parameters
[1.216s] Level 1:colcon.colcon_core.package_discovery:discover_packages(path) check parameters
[1.216s] Level 1:colcon.colcon_core.package_discovery:discover_packages(colcon_meta) discover
[1.216s] Level 1:colcon.colcon_core.package_discovery:discover_packages(recursive) discover
[1.216s] INFO:colcon.colcon_core.package_discovery:Crawling recursively for packages in '/home/emred/ackerman_ws'
[1.216s] Level 1:colcon.colcon_core.package_identification:_identify(.) by extensions ['ignore', 'ignore_ament_install']
[1.216s] Level 1:colcon.colcon_core.package_identification:_identify(.) by extension 'ignore'
[1.216s] Level 1:colcon.colcon_core.package_identification:_identify(.) by extension 'ignore_ament_install'
[1.216s] Level 1:colcon.colcon_core.package_identification:_identify(.) by extensions ['colcon_pkg']
[1.216s] Level 1:colcon.colcon_core.package_identification:_identify(.) by extension 'colcon_pkg'
[1.216s] Level 1:colcon.colcon_core.package_identification:_identify(.) by extensions ['colcon_meta']
[1.216s] Level 1:colcon.colcon_core.package_identification:_identify(.) by extension 'colcon_meta'
[1.217s] Level 1:colcon.colcon_core.package_identification:_identify(.) by extensions ['ros']
[1.217s] Level 1:colcon.colcon_core.package_identification:_identify(.) by extension 'ros'
[1.229s] Level 1:colcon.colcon_core.package_identification:_identify(.) by extensions ['cmake', 'python']
[1.229s] Level 1:colcon.colcon_core.package_identification:_identify(.) by extension 'cmake'
[1.230s] Level 1:colcon.colcon_core.package_identification:_identify(.) by extension 'python'
[1.230s] Level 1:colcon.colcon_core.package_identification:_identify(.) by extensions ['python_setup_py']
[1.230s] Level 1:colcon.colcon_core.package_identification:_identify(.) by extension 'python_setup_py'
[1.230s] Level 1:colcon.colcon_core.package_identification:_identify(build) by extensions ['ignore', 'ignore_ament_install']
[1.230s] Level 1:colcon.colcon_core.package_identification:_identify(build) by extension 'ignore'
[1.230s] Level 1:colcon.colcon_core.package_identification:_identify(build) ignored
[1.230s] Level 1:colcon.colcon_core.package_identification:_identify(install) by extensions ['ignore', 'ignore_ament_install']
[1.230s] Level 1:colcon.colcon_core.package_identification:_identify(install) by extension 'ignore'
[1.230s] Level 1:colcon.colcon_core.package_identification:_identify(install) ignored
[1.230s] Level 1:colcon.colcon_core.package_identification:_identify(log) by extensions ['ignore', 'ignore_ament_install']
[1.230s] Level 1:colcon.colcon_core.package_identification:_identify(log) by extension 'ignore'
[1.230s] Level 1:colcon.colcon_core.package_identification:_identify(log) ignored
[1.230s] Level 1:colcon.colcon_core.package_identification:_identify(src) by extensions ['ignore', 'ignore_ament_install']
[1.230s] Level 1:colcon.colcon_core.package_identification:_identify(src) by extension 'ignore'
[1.230s] Level 1:colcon.colcon_core.package_identification:_identify(src) by extension 'ignore_ament_install'
[1.230s] Level 1:colcon.colcon_core.package_identification:_identify(src) by extensions ['colcon_pkg']
[1.230s] Level 1:colcon.colcon_core.package_identification:_identify(src) by extension 'colcon_pkg'
[1.230s] Level 1:colcon.colcon_core.package_identification:_identify(src) by extensions ['colcon_meta']
[1.231s] Level 1:colcon.colcon_core.package_identification:_identify(src) by extension 'colcon_meta'
[1.231s] Level 1:colcon.colcon_core.package_identification:_identify(src) by extensions ['ros']
[1.231s] Level 1:colcon.colcon_core.package_identification:_identify(src) by extension 'ros'
[1.231s] Level 1:colcon.colcon_core.package_identification:_identify(src) by extensions ['cmake', 'python']
[1.231s] Level 1:colcon.colcon_core.package_identification:_identify(src) by extension 'cmake'
[1.231s] Level 1:colcon.colcon_core.package_identification:_identify(src) by extension 'python'
[1.231s] Level 1:colcon.colcon_core.package_identification:_identify(src) by extensions ['python_setup_py']
[1.231s] Level 1:colcon.colcon_core.package_identification:_identify(src) by extension 'python_setup_py'
[1.231s] Level 1:colcon.colcon_core.package_identification:_identify(src/ack_robot_bringup) by extensions ['ignore', 'ignore_ament_install']
[1.231s] Level 1:colcon.colcon_core.package_identification:_identify(src/ack_robot_bringup) by extension 'ignore'
[1.231s] Level 1:colcon.colcon_core.package_identification:_identify(src/ack_robot_bringup) by extension 'ignore_ament_install'
[1.231s] Level 1:colcon.colcon_core.package_identification:_identify(src/ack_robot_bringup) by extensions ['colcon_pkg']
[1.231s] Level 1:colcon.colcon_core.package_identification:_identify(src/ack_robot_bringup) by extension 'colcon_pkg'
[1.231s] Level 1:colcon.colcon_core.package_identification:_identify(src/ack_robot_bringup) by extensions ['colcon_meta']
[1.231s] Level 1:colcon.colcon_core.package_identification:_identify(src/ack_robot_bringup) by extension 'colcon_meta'
[1.231s] Level 1:colcon.colcon_core.package_identification:_identify(src/ack_robot_bringup) by extensions ['ros']
[1.231s] Level 1:colcon.colcon_core.package_identification:_identify(src/ack_robot_bringup) by extension 'ros'
[1.234s] DEBUG:colcon.colcon_core.package_identification:Package 'src/ack_robot_bringup' with type 'ros.ament_cmake' and name 'ack_robot_bringup'
[1.234s] Level 1:colcon.colcon_core.package_identification:_identify(src/ack_robot_description) by extensions ['ignore', 'ignore_ament_install']
[1.234s] Level 1:colcon.colcon_core.package_identification:_identify(src/ack_robot_description) by extension 'ignore'
[1.234s] Level 1:colcon.colcon_core.package_identification:_identify(src/ack_robot_description) by extension 'ignore_ament_install'
[1.234s] Level 1:colcon.colcon_core.package_identification:_identify(src/ack_robot_description) by extensions ['colcon_pkg']
[1.234s] Level 1:colcon.colcon_core.package_identification:_identify(src/ack_robot_description) by extension 'colcon_pkg'
[1.234s] Level 1:colcon.colcon_core.package_identification:_identify(src/ack_robot_description) by extensions ['colcon_meta']
[1.234s] Level 1:colcon.colcon_core.package_identification:_identify(src/ack_robot_description) by extension 'colcon_meta'
[1.234s] Level 1:colcon.colcon_core.package_identification:_identify(src/ack_robot_description) by extensions ['ros']
[1.235s] Level 1:colcon.colcon_core.package_identification:_identify(src/ack_robot_description) by extension 'ros'
[1.235s] DEBUG:colcon.colcon_core.package_identification:Package 'src/ack_robot_description' with type 'ros.ament_cmake' and name 'ack_robot_description'
[1.235s] Level 1:colcon.colcon_core.package_discovery:discover_packages(recursive) using defaults
[1.235s] Level 1:colcon.colcon_core.package_discovery:discover_packages(ignore) discover
[1.235s] Level 1:colcon.colcon_core.package_discovery:discover_packages(ignore) using defaults
[1.235s] Level 1:colcon.colcon_core.package_discovery:discover_packages(path) discover
[1.235s] Level 1:colcon.colcon_core.package_discovery:discover_packages(path) using defaults
[1.331s] Level 1:colcon.colcon_core.package_discovery:discover_packages(prefix_path) check parameters
[1.331s] Level 1:colcon.colcon_core.package_discovery:discover_packages(prefix_path) discover
[1.347s] WARNING:colcon.colcon_ros.prefix_path.ament:The path '/home/emred/ackerman_ws/install/my_robot_description' in the environment variable AMENT_PREFIX_PATH doesn't exist
[1.347s] WARNING:colcon.colcon_ros.prefix_path.ament:The path '/home/emred/ackerman_ws/install/my_robot_bringup' in the environment variable AMENT_PREFIX_PATH doesn't exist
[1.348s] WARNING:colcon.colcon_ros.prefix_path.catkin:The path '/home/emred/ackerman_ws/install/my_robot_description' in the environment variable CMAKE_PREFIX_PATH doesn't exist
[1.348s] WARNING:colcon.colcon_ros.prefix_path.catkin:The path '/home/emred/ackerman_ws/install/my_robot_bringup' in the environment variable CMAKE_PREFIX_PATH doesn't exist
[1.377s] DEBUG:colcon.colcon_installed_package_information.package_discovery:Found 2 installed packages in /home/emred/ackerman_ws/install
[1.392s] DEBUG:colcon.colcon_installed_package_information.package_discovery:Found 5 installed packages in /home/emred/tas-gps/install
[1.407s] DEBUG:colcon.colcon_installed_package_information.package_discovery:Found 452 installed packages in /opt/ros/humble
[1.409s] Level 1:colcon.colcon_core.package_discovery:discover_packages(prefix_path) using defaults
[1.547s] Level 5:colcon.colcon_core.verb:set package 'ack_robot_bringup' build argument 'cmake_args' from command line to 'None'
[1.547s] Level 5:colcon.colcon_core.verb:set package 'ack_robot_bringup' build argument 'cmake_target' from command line to 'None'
[1.548s] Level 5:colcon.colcon_core.verb:set package 'ack_robot_bringup' build argument 'cmake_target_skip_unavailable' from command line to 'False'
[1.548s] Level 5:colcon.colcon_core.verb:set package 'ack_robot_bringup' build argument 'cmake_clean_cache' from command line to 'False'
[1.548s] Level 5:colcon.colcon_core.verb:set package 'ack_robot_bringup' build argument 'cmake_clean_first' from command line to 'False'
[1.548s] Level 5:colcon.colcon_core.verb:set package 'ack_robot_bringup' build argument 'cmake_force_configure' from command line to 'False'
[1.548s] Level 5:colcon.colcon_core.verb:set package 'ack_robot_bringup' build argument 'ament_cmake_args' from command line to 'None'
[1.548s] Level 5:colcon.colcon_core.verb:set package 'ack_robot_bringup' build argument 'catkin_cmake_args' from command line to 'None'
[1.548s] Level 5:colcon.colcon_core.verb:set package 'ack_robot_bringup' build argument 'catkin_skip_building_tests' from command line to 'False'
[1.548s] DEBUG:colcon.colcon_core.verb:Building package 'ack_robot_bringup' with the following arguments: {'ament_cmake_args': None, 'build_base': '/home/emred/ackerman_ws/build/ack_robot_bringup', 'catkin_cmake_args': None, 'catkin_skip_building_tests': False, 'cmake_args': None, 'cmake_clean_cache': False, 'cmake_clean_first': False, 'cmake_force_configure': False, 'cmake_target': None, 'cmake_target_skip_unavailable': False, 'install_base': '/home/emred/ackerman_ws/install/ack_robot_bringup', 'merge_install': False, 'path': '/home/emred/ackerman_ws/src/ack_robot_bringup', 'symlink_install': False, 'test_result_base': None}
[1.563s] Level 5:colcon.colcon_core.verb:set package 'ack_robot_description' build argument 'cmake_args' from command line to 'None'
[1.563s] Level 5:colcon.colcon_core.verb:set package 'ack_robot_description' build argument 'cmake_target' from command line to 'None'
[1.563s] Level 5:colcon.colcon_core.verb:set package 'ack_robot_description' build argument 'cmake_target_skip_unavailable' from command line to 'False'
[1.563s] Level 5:colcon.colcon_core.verb:set package 'ack_robot_description' build argument 'cmake_clean_cache' from command line to 'False'
[1.563s] Level 5:colcon.colcon_core.verb:set package 'ack_robot_description' build argument 'cmake_clean_first' from command line to 'False'
[1.563s] Level 5:colcon.colcon_core.verb:set package 'ack_robot_description' build argument 'cmake_force_configure' from command line to 'False'
[1.563s] Level 5:colcon.colcon_core.verb:set package 'ack_robot_description' build argument 'ament_cmake_args' from command line to 'None'
[1.563s] Level 5:colcon.colcon_core.verb:set package 'ack_robot_description' build argument 'catkin_cmake_args' from command line to 'None'
[1.563s] Level 5:colcon.colcon_core.verb:set package 'ack_robot_description' build argument 'catkin_skip_building_tests' from command line to 'False'
[1.563s] DEBUG:colcon.colcon_core.verb:Building package 'ack_robot_description' with the following arguments: {'ament_cmake_args': None, 'build_base': '/home/emred/ackerman_ws/build/ack_robot_description', 'catkin_cmake_args': None, 'catkin_skip_building_tests': False, 'cmake_args': None, 'cmake_clean_cache': False, 'cmake_clean_first': False, 'cmake_force_configure': False, 'cmake_target': None, 'cmake_target_skip_unavailable': False, 'install_base': '/home/emred/ackerman_ws/install/ack_robot_description', 'merge_install': False, 'path': '/home/emred/ackerman_ws/src/ack_robot_description', 'symlink_install': False, 'test_result_base': None}
[1.578s] INFO:colcon.colcon_core.executor:Executing jobs using 'parallel' executor
[1.593s] DEBUG:colcon.colcon_parallel_executor.executor.parallel:run_until_complete
[1.593s] INFO:colcon.colcon_ros.task.ament_cmake.build:Building ROS package in '/home/emred/ackerman_ws/src/ack_robot_bringup' with build type 'ament_cmake'
[1.593s] INFO:colcon.colcon_cmake.task.cmake.build:Building CMake package in '/home/emred/ackerman_ws/src/ack_robot_bringup'
[1.616s] INFO:colcon.colcon_core.plugin_system:Skipping extension 'colcon_core.shell.bat': Not used on non-Windows systems
[1.616s] INFO:colcon.colcon_core.shell:Skip shell extension 'powershell' for command environment: Not usable outside of PowerShell
[1.616s] DEBUG:colcon.colcon_core.shell:Skip shell extension 'dsv' for command environment
[1.678s] INFO:colcon.colcon_ros.task.ament_cmake.build:Building ROS package in '/home/emred/ackerman_ws/src/ack_robot_description' with build type 'ament_cmake'
[1.678s] INFO:colcon.colcon_cmake.task.cmake.build:Building CMake package in '/home/emred/ackerman_ws/src/ack_robot_description'
[1.693s] INFO:colcon.colcon_core.shell:Skip shell extension 'powershell' for command environment: Not usable outside of PowerShell
[1.693s] DEBUG:colcon.colcon_core.shell:Skip shell extension 'dsv' for command environment
[1.763s] DEBUG:colcon.colcon_core.event_handler.log_command:Invoking command in '/home/emred/ackerman_ws/build/ack_robot_bringup': CMAKE_PREFIX_PATH=${CMAKE_PREFIX_PATH}:/home/emred/tas-gps/install/nav2_project:/home/emred/tas-gps/install/moveon_control:/opt/ros/humble /usr/bin/cmake --build /home/emred/ackerman_ws/build/ack_robot_bringup -- -j16 -l16
[1.770s] DEBUG:colcon.colcon_core.event_handler.log_command:Invoking command in '/home/emred/ackerman_ws/build/ack_robot_description': CMAKE_PREFIX_PATH=${CMAKE_PREFIX_PATH}:/home/emred/tas-gps/install/nav2_project:/home/emred/tas-gps/install/moveon_control:/opt/ros/humble /usr/bin/cmake --build /home/emred/ackerman_ws/build/ack_robot_description -- -j16 -l16
[1.837s] DEBUG:colcon.colcon_core.event_handler.log_command:Invoked command in '/home/emred/ackerman_ws/build/ack_robot_description' returned '0': CMAKE_PREFIX_PATH=${CMAKE_PREFIX_PATH}:/home/emred/tas-gps/install/nav2_project:/home/emred/tas-gps/install/moveon_control:/opt/ros/humble /usr/bin/cmake --build /home/emred/ackerman_ws/build/ack_robot_description -- -j16 -l16
[1.846s] DEBUG:colcon.colcon_core.event_handler.log_command:Invoked command in '/home/emred/ackerman_ws/build/ack_robot_bringup' returned '0': CMAKE_PREFIX_PATH=${CMAKE_PREFIX_PATH}:/home/emred/tas-gps/install/nav2_project:/home/emred/tas-gps/install/moveon_control:/opt/ros/humble /usr/bin/cmake --build /home/emred/ackerman_ws/build/ack_robot_bringup -- -j16 -l16
[1.884s] DEBUG:colcon.colcon_core.event_handler.log_command:Invoking command in '/home/emred/ackerman_ws/build/ack_robot_description': CMAKE_PREFIX_PATH=${CMAKE_PREFIX_PATH}:/home/emred/tas-gps/install/nav2_project:/home/emred/tas-gps/install/moveon_control:/opt/ros/humble /usr/bin/cmake --install /home/emred/ackerman_ws/build/ack_robot_description
[1.885s] DEBUG:colcon.colcon_core.event_handler.log_command:Invoking command in '/home/emred/ackerman_ws/build/ack_robot_bringup': CMAKE_PREFIX_PATH=${CMAKE_PREFIX_PATH}:/home/emred/tas-gps/install/nav2_project:/home/emred/tas-gps/install/moveon_control:/opt/ros/humble /usr/bin/cmake --install /home/emred/ackerman_ws/build/ack_robot_bringup
[1.897s] Level 1:colcon.colcon_core.environment:create_environment_scripts_only(ack_robot_bringup)
[1.898s] DEBUG:colcon.colcon_core.event_handler.log_command:Invoked command in '/home/emred/ackerman_ws/build/ack_robot_bringup' returned '0': CMAKE_PREFIX_PATH=${CMAKE_PREFIX_PATH}:/home/emred/tas-gps/install/nav2_project:/home/emred/tas-gps/install/moveon_control:/opt/ros/humble /usr/bin/cmake --install /home/emred/ackerman_ws/build/ack_robot_bringup
[1.916s] Level 1:colcon.colcon_core.environment:checking '/home/emred/ackerman_ws/install/ack_robot_bringup' for CMake module files
[1.916s] Level 1:colcon.colcon_core.environment:checking '/home/emred/ackerman_ws/install/ack_robot_bringup' for CMake config files
[1.916s] Level 1:colcon.colcon_core.shell:create_environment_hook('ack_robot_bringup', 'cmake_prefix_path')
[1.931s] INFO:colcon.colcon_core.shell:Creating environment hook '/home/emred/ackerman_ws/install/ack_robot_bringup/share/ack_robot_bringup/hook/cmake_prefix_path.ps1'
[1.932s] INFO:colcon.colcon_core.shell:Creating environment descriptor '/home/emred/ackerman_ws/install/ack_robot_bringup/share/ack_robot_bringup/hook/cmake_prefix_path.dsv'
[1.932s] INFO:colcon.colcon_core.shell:Creating environment hook '/home/emred/ackerman_ws/install/ack_robot_bringup/share/ack_robot_bringup/hook/cmake_prefix_path.sh'
[1.933s] Level 1:colcon.colcon_core.environment:checking '/home/emred/ackerman_ws/install/ack_robot_bringup/bin'
[1.933s] Level 1:colcon.colcon_core.environment:checking '/home/emred/ackerman_ws/install/ack_robot_bringup/lib/pkgconfig/ack_robot_bringup.pc'
[1.933s] Level 1:colcon.colcon_core.environment:checking '/home/emred/ackerman_ws/install/ack_robot_bringup/lib/python3.10/site-packages'
[1.933s] Level 1:colcon.colcon_core.environment:checking '/home/emred/ackerman_ws/install/ack_robot_bringup/bin'
[1.948s] INFO:colcon.colcon_core.shell:Creating package script '/home/emred/ackerman_ws/install/ack_robot_bringup/share/ack_robot_bringup/package.ps1'
[1.948s] INFO:colcon.colcon_core.shell:Creating package descriptor '/home/emred/ackerman_ws/install/ack_robot_bringup/share/ack_robot_bringup/package.dsv'
[1.949s] INFO:colcon.colcon_core.shell:Creating package script '/home/emred/ackerman_ws/install/ack_robot_bringup/share/ack_robot_bringup/package.sh'
[1.950s] INFO:colcon.colcon_core.shell:Creating package script '/home/emred/ackerman_ws/install/ack_robot_bringup/share/ack_robot_bringup/package.bash'
[1.950s] INFO:colcon.colcon_core.shell:Creating package script '/home/emred/ackerman_ws/install/ack_robot_bringup/share/ack_robot_bringup/package.zsh'
[1.951s] Level 1:colcon.colcon_core.environment:create_file_with_runtime_dependencies(/home/emred/ackerman_ws/install/ack_robot_bringup/share/colcon-core/packages/ack_robot_bringup)
[1.952s] Level 1:colcon.colcon_core.environment:create_environment_scripts_only(ack_robot_description)
[1.954s] DEBUG:colcon.colcon_core.event_handler.log_command:Invoked command in '/home/emred/ackerman_ws/build/ack_robot_description' returned '0': CMAKE_PREFIX_PATH=${CMAKE_PREFIX_PATH}:/home/emred/tas-gps/install/nav2_project:/home/emred/tas-gps/install/moveon_control:/opt/ros/humble /usr/bin/cmake --install /home/emred/ackerman_ws/build/ack_robot_description
[1.967s] Level 1:colcon.colcon_core.environment:checking '/home/emred/ackerman_ws/install/ack_robot_description' for CMake module files
[1.968s] Level 1:colcon.colcon_core.environment:checking '/home/emred/ackerman_ws/install/ack_robot_description' for CMake config files
[1.968s] Level 1:colcon.colcon_core.shell:create_environment_hook('ack_robot_description', 'cmake_prefix_path')
[1.986s] INFO:colcon.colcon_core.shell:Creating environment hook '/home/emred/ackerman_ws/install/ack_robot_description/share/ack_robot_description/hook/cmake_prefix_path.ps1'
[1.987s] INFO:colcon.colcon_core.shell:Creating environment descriptor '/home/emred/ackerman_ws/install/ack_robot_description/share/ack_robot_description/hook/cmake_prefix_path.dsv'
[1.988s] INFO:colcon.colcon_core.shell:Creating environment hook '/home/emred/ackerman_ws/install/ack_robot_description/share/ack_robot_description/hook/cmake_prefix_path.sh'
[1.988s] Level 1:colcon.colcon_core.environment:checking '/home/emred/ackerman_ws/install/ack_robot_description/bin'
[1.989s] Level 1:colcon.colcon_core.environment:checking '/home/emred/ackerman_ws/install/ack_robot_description/lib/pkgconfig/ack_robot_description.pc'
[1.989s] Level 1:colcon.colcon_core.environment:checking '/home/emred/ackerman_ws/install/ack_robot_description/lib/python3.10/site-packages'
[1.989s] Level 1:colcon.colcon_core.environment:checking '/home/emred/ackerman_ws/install/ack_robot_description/bin'
[2.004s] INFO:colcon.colcon_core.shell:Creating package script '/home/emred/ackerman_ws/install/ack_robot_description/share/ack_robot_description/package.ps1'
[2.005s] INFO:colcon.colcon_core.shell:Creating package descriptor '/home/emred/ackerman_ws/install/ack_robot_description/share/ack_robot_description/package.dsv'
[2.005s] INFO:colcon.colcon_core.shell:Creating package script '/home/emred/ackerman_ws/install/ack_robot_description/share/ack_robot_description/package.sh'
[2.005s] INFO:colcon.colcon_core.shell:Creating package script '/home/emred/ackerman_ws/install/ack_robot_description/share/ack_robot_description/package.bash'
[2.006s] INFO:colcon.colcon_core.shell:Creating package script '/home/emred/ackerman_ws/install/ack_robot_description/share/ack_robot_description/package.zsh'
[2.006s] Level 1:colcon.colcon_core.environment:create_file_with_runtime_dependencies(/home/emred/ackerman_ws/install/ack_robot_description/share/colcon-core/packages/ack_robot_description)
[2.023s] Level 1:colcon.colcon_core.environment:create_environment_scripts_only(ack_robot_bringup)
[2.039s] Level 1:colcon.colcon_core.environment:checking '/home/emred/ackerman_ws/install/ack_robot_bringup' for CMake module files
[2.040s] Level 1:colcon.colcon_core.environment:checking '/home/emred/ackerman_ws/install/ack_robot_bringup' for CMake config files
[2.040s] Level 1:colcon.colcon_core.shell:create_environment_hook('ack_robot_bringup', 'cmake_prefix_path')
[2.055s] INFO:colcon.colcon_core.shell:Creating environment hook '/home/emred/ackerman_ws/install/ack_robot_bringup/share/ack_robot_bringup/hook/cmake_prefix_path.ps1'
[2.056s] INFO:colcon.colcon_core.shell:Creating environment descriptor '/home/emred/ackerman_ws/install/ack_robot_bringup/share/ack_robot_bringup/hook/cmake_prefix_path.dsv'
[2.056s] INFO:colcon.colcon_core.shell:Creating environment hook '/home/emred/ackerman_ws/install/ack_robot_bringup/share/ack_robot_bringup/hook/cmake_prefix_path.sh'
[2.057s] Level 1:colcon.colcon_core.environment:checking '/home/emred/ackerman_ws/install/ack_robot_bringup/bin'
[2.057s] Level 1:colcon.colcon_core.environment:checking '/home/emred/ackerman_ws/install/ack_robot_bringup/lib/pkgconfig/ack_robot_bringup.pc'
[2.057s] Level 1:colcon.colcon_core.environment:checking '/home/emred/ackerman_ws/install/ack_robot_bringup/lib/python3.10/site-packages'
[2.057s] Level 1:colcon.colcon_core.environment:checking '/home/emred/ackerman_ws/install/ack_robot_bringup/bin'
[2.074s] INFO:colcon.colcon_core.shell:Creating package script '/home/emred/ackerman_ws/install/ack_robot_bringup/share/ack_robot_bringup/package.ps1'
[2.074s] INFO:colcon.colcon_core.shell:Creating package descriptor '/home/emred/ackerman_ws/install/ack_robot_bringup/share/ack_robot_bringup/package.dsv'
[2.075s] INFO:colcon.colcon_core.shell:Creating package script '/home/emred/ackerman_ws/install/ack_robot_bringup/share/ack_robot_bringup/package.sh'
[2.075s] INFO:colcon.colcon_core.shell:Creating package script '/home/emred/ackerman_ws/install/ack_robot_bringup/share/ack_robot_bringup/package.bash'
[2.076s] INFO:colcon.colcon_core.shell:Creating package script '/home/emred/ackerman_ws/install/ack_robot_bringup/share/ack_robot_bringup/package.zsh'
[2.076s] Level 1:colcon.colcon_core.environment:create_file_with_runtime_dependencies(/home/emred/ackerman_ws/install/ack_robot_bringup/share/colcon-core/packages/ack_robot_bringup)
[2.093s] Level 1:colcon.colcon_core.environment:create_environment_scripts_only(ack_robot_description)
[2.109s] Level 1:colcon.colcon_core.environment:checking '/home/emred/ackerman_ws/install/ack_robot_description' for CMake module files
[2.109s] Level 1:colcon.colcon_core.environment:checking '/home/emred/ackerman_ws/install/ack_robot_description' for CMake config files
[2.110s] Level 1:colcon.colcon_core.shell:create_environment_hook('ack_robot_description', 'cmake_prefix_path')
[2.124s] INFO:colcon.colcon_core.shell:Creating environment hook '/home/emred/ackerman_ws/install/ack_robot_description/share/ack_robot_description/hook/cmake_prefix_path.ps1'
[2.125s] INFO:colcon.colcon_core.shell:Creating environment descriptor '/home/emred/ackerman_ws/install/ack_robot_description/share/ack_robot_description/hook/cmake_prefix_path.dsv'
[2.125s] INFO:colcon.colcon_core.shell:Creating environment hook '/home/emred/ackerman_ws/install/ack_robot_description/share/ack_robot_description/hook/cmake_prefix_path.sh'
[2.126s] Level 1:colcon.colcon_core.environment:checking '/home/emred/ackerman_ws/install/ack_robot_description/bin'
[2.126s] Level 1:colcon.colcon_core.environment:checking '/home/emred/ackerman_ws/install/ack_robot_description/lib/pkgconfig/ack_robot_description.pc'
[2.126s] Level 1:colcon.colcon_core.environment:checking '/home/emred/ackerman_ws/install/ack_robot_description/lib/python3.10/site-packages'
[2.126s] Level 1:colcon.colcon_core.environment:checking '/home/emred/ackerman_ws/install/ack_robot_description/bin'
[2.142s] INFO:colcon.colcon_core.shell:Creating package script '/home/emred/ackerman_ws/install/ack_robot_description/share/ack_robot_description/package.ps1'
[2.142s] INFO:colcon.colcon_core.shell:Creating package descriptor '/home/emred/ackerman_ws/install/ack_robot_description/share/ack_robot_description/package.dsv'
[2.143s] INFO:colcon.colcon_core.shell:Creating package script '/home/emred/ackerman_ws/install/ack_robot_description/share/ack_robot_description/package.sh'
[2.143s] INFO:colcon.colcon_core.shell:Creating package script '/home/emred/ackerman_ws/install/ack_robot_description/share/ack_robot_description/package.bash'
[2.144s] INFO:colcon.colcon_core.shell:Creating package script '/home/emred/ackerman_ws/install/ack_robot_description/share/ack_robot_description/package.zsh'
[2.144s] Level 1:colcon.colcon_core.environment:create_file_with_runtime_dependencies(/home/emred/ackerman_ws/install/ack_robot_description/share/colcon-core/packages/ack_robot_description)
[2.145s] DEBUG:colcon.colcon_parallel_executor.executor.parallel:closing loop
[2.145s] DEBUG:colcon.colcon_parallel_executor.executor.parallel:loop closed
[2.145s] DEBUG:colcon.colcon_parallel_executor.executor.parallel:run_until_complete finished with '0'
[2.146s] DEBUG:colcon.colcon_core.event_reactor:joining thread
[2.168s] INFO:colcon.colcon_core.plugin_system:Skipping extension 'colcon_notification.desktop_notification.terminal_notifier': Not used on non-Darwin systems
[2.169s] INFO:colcon.colcon_core.plugin_system:Skipping extension 'colcon_notification.desktop_notification.win32': Not used on non-Windows systems
[2.169s] INFO:colcon.colcon_notification.desktop_notification:Sending desktop notification using 'notify2'
[2.190s] DEBUG:colcon.colcon_core.event_reactor:joined thread
[2.207s] INFO:colcon.colcon_core.shell:Creating prefix script '/home/emred/ackerman_ws/install/local_setup.ps1'
[2.209s] INFO:colcon.colcon_core.shell:Creating prefix util module '/home/emred/ackerman_ws/install/_local_setup_util_ps1.py'
[2.210s] INFO:colcon.colcon_core.shell:Creating prefix chain script '/home/emred/ackerman_ws/install/setup.ps1'
[2.226s] INFO:colcon.colcon_core.shell:Creating prefix script '/home/emred/ackerman_ws/install/local_setup.sh'
[2.227s] INFO:colcon.colcon_core.shell:Creating prefix util module '/home/emred/ackerman_ws/install/_local_setup_util_sh.py'
[2.227s] INFO:colcon.colcon_core.shell:Creating prefix chain script '/home/emred/ackerman_ws/install/setup.sh'
[2.245s] INFO:colcon.colcon_core.shell:Creating prefix script '/home/emred/ackerman_ws/install/local_setup.bash'
[2.245s] INFO:colcon.colcon_core.shell:Creating prefix chain script '/home/emred/ackerman_ws/install/setup.bash'
[2.261s] INFO:colcon.colcon_core.shell:Creating prefix script '/home/emred/ackerman_ws/install/local_setup.zsh'
[2.262s] INFO:colcon.colcon_core.shell:Creating prefix chain script '/home/emred/ackerman_ws/install/setup.zsh'
