[0.082s] Invoking command in '/home/emred/ackerman_ws/build/ack_robot_description': CMAKE_PREFIX_PATH=${CMAKE_PREFIX_PATH}:/home/emred/tas-gps/install/nav2_project:/home/emred/tas-gps/install/moveon_control:/opt/ros/humble /usr/bin/cmake /home/emred/ackerman_ws/src/ack_robot_description -DCMAKE_INSTALL_PREFIX=/home/emred/ackerman_ws/install/ack_robot_description
[0.193s] -- The C compiler identification is GNU 11.4.0
[0.285s] -- The CXX compiler identification is GNU 11.4.0
[0.297s] -- Detecting C compiler ABI info
[0.425s] -- Detecting C compiler ABI info - done
[0.444s] -- Check for working C compiler: /usr/bin/cc - skipped
[0.444s] -- Detecting C compile features
[0.446s] -- Detecting C compile features - done
[0.455s] -- Detecting CXX compiler ABI info
[0.580s] -- Detecting CXX compiler ABI info - done
[0.598s] -- Check for working CXX compiler: /usr/bin/c++ - skipped
[0.598s] -- Detecting CXX compile features
[0.599s] -- Detecting CXX compile features - done
[0.606s] -- Found ament_cmake: 1.3.8 (/opt/ros/humble/share/ament_cmake/cmake)
[0.791s] -- Found Python3: /usr/bin/python3 (found version "3.10.12") found components: Interpreter 
[1.026s] -- Configuring done
[1.029s] -- Generating done
[1.030s] -- Build files have been written to: /home/emred/ackerman_ws/build/ack_robot_description
[1.047s] Invoked command in '/home/emred/ackerman_ws/build/ack_robot_description' returned '0': CMAKE_PREFIX_PATH=${CMAKE_PREFIX_PATH}:/home/emred/tas-gps/install/nav2_project:/home/emred/tas-gps/install/moveon_control:/opt/ros/humble /usr/bin/cmake /home/emred/ackerman_ws/src/ack_robot_description -DCMAKE_INSTALL_PREFIX=/home/emred/ackerman_ws/install/ack_robot_description
[1.049s] Invoking command in '/home/emred/ackerman_ws/build/ack_robot_description': CMAKE_PREFIX_PATH=${CMAKE_PREFIX_PATH}:/home/emred/tas-gps/install/nav2_project:/home/emred/tas-gps/install/moveon_control:/opt/ros/humble /usr/bin/cmake --build /home/emred/ackerman_ws/build/ack_robot_description -- -j16 -l16
[1.117s] Invoked command in '/home/emred/ackerman_ws/build/ack_robot_description' returned '0': CMAKE_PREFIX_PATH=${CMAKE_PREFIX_PATH}:/home/emred/tas-gps/install/nav2_project:/home/emred/tas-gps/install/moveon_control:/opt/ros/humble /usr/bin/cmake --build /home/emred/ackerman_ws/build/ack_robot_description -- -j16 -l16
[1.205s] Invoking command in '/home/emred/ackerman_ws/build/ack_robot_description': CMAKE_PREFIX_PATH=${CMAKE_PREFIX_PATH}:/home/emred/tas-gps/install/nav2_project:/home/emred/tas-gps/install/moveon_control:/opt/ros/humble /usr/bin/cmake --install /home/emred/ackerman_ws/build/ack_robot_description
[1.213s] -- Install configuration: ""
[1.213s] -- Installing: /home/emred/ackerman_ws/install/ack_robot_description/share/ack_robot_description//urdf
[1.213s] -- Installing: /home/emred/ackerman_ws/install/ack_robot_description/share/ack_robot_description//urdf/traktor.urdf
[1.213s] -- Installing: /home/emred/ackerman_ws/install/ack_robot_description/share/ack_robot_description//launch
[1.213s] -- Installing: /home/emred/ackerman_ws/install/ack_robot_description/share/ack_robot_description//launch/display.launch.xml
[1.213s] -- Installing: /home/emred/ackerman_ws/install/ack_robot_description/share/ack_robot_description//rviz
[1.214s] -- Installing: /home/emred/ackerman_ws/install/ack_robot_description/share/ack_robot_description//rviz/urdf_config.rviz
[1.214s] -- Installing: /home/emred/ackerman_ws/install/ack_robot_description/share/ament_index/resource_index/package_run_dependencies/ack_robot_description
[1.214s] -- Installing: /home/emred/ackerman_ws/install/ack_robot_description/share/ament_index/resource_index/parent_prefix_path/ack_robot_description
[1.214s] -- Installing: /home/emred/ackerman_ws/install/ack_robot_description/share/ack_robot_description/environment/ament_prefix_path.sh
[1.215s] -- Installing: /home/emred/ackerman_ws/install/ack_robot_description/share/ack_robot_description/environment/ament_prefix_path.dsv
[1.215s] -- Installing: /home/emred/ackerman_ws/install/ack_robot_description/share/ack_robot_description/environment/path.sh
[1.215s] -- Installing: /home/emred/ackerman_ws/install/ack_robot_description/share/ack_robot_description/environment/path.dsv
[1.216s] -- Installing: /home/emred/ackerman_ws/install/ack_robot_description/share/ack_robot_description/local_setup.bash
[1.216s] -- Installing: /home/emred/ackerman_ws/install/ack_robot_description/share/ack_robot_description/local_setup.sh
[1.216s] -- Installing: /home/emred/ackerman_ws/install/ack_robot_description/share/ack_robot_description/local_setup.zsh
[1.217s] -- Installing: /home/emred/ackerman_ws/install/ack_robot_description/share/ack_robot_description/local_setup.dsv
[1.217s] -- Installing: /home/emred/ackerman_ws/install/ack_robot_description/share/ack_robot_description/package.dsv
[1.217s] -- Installing: /home/emred/ackerman_ws/install/ack_robot_description/share/ament_index/resource_index/packages/ack_robot_description
[1.218s] -- Installing: /home/emred/ackerman_ws/install/ack_robot_description/share/ack_robot_description/cmake/ack_robot_descriptionConfig.cmake
[1.218s] -- Installing: /home/emred/ackerman_ws/install/ack_robot_description/share/ack_robot_description/cmake/ack_robot_descriptionConfig-version.cmake
[1.218s] -- Installing: /home/emred/ackerman_ws/install/ack_robot_description/share/ack_robot_description/package.xml
[1.223s] Invoked command in '/home/emred/ackerman_ws/build/ack_robot_description' returned '0': CMAKE_PREFIX_PATH=${CMAKE_PREFIX_PATH}:/home/emred/tas-gps/install/nav2_project:/home/emred/tas-gps/install/moveon_control:/opt/ros/humble /usr/bin/cmake --install /home/emred/ackerman_ws/build/ack_robot_description
