[0.096s] Invoking command in '/home/emred/ackerman_ws/src/build/mybot_navigation': /usr/bin/cmake /home/emred/ackerman_ws/src/mybot_ws/src/mybot_navigation -DCATKIN_INSTALL_INTO_PREFIX_ROOT=0 -DCMAKE_INSTALL_PREFIX=/home/emred/ackerman_ws/src/install/mybot_navigation
[0.108s] [0mCMake Deprecation Warning at CMakeLists.txt:1 (cmake_minimum_required):
[0.108s]   Compatibility with CMake < 2.8.12 will be removed from a future version of
[0.108s]   CMake.
[0.108s] 
[0.109s]   Update the VERSION argument <min> value or use a ...<max> suffix to tell
[0.109s]   CMake that the project does not need compatibility with older versions.
[0.109s] 
[0.109s] [0m
[0.208s] -- The C compiler identification is GNU 11.4.0
[0.331s] -- The CXX compiler identification is GNU 11.4.0
[0.345s] -- Detecting C compiler ABI info
[0.457s] -- Detecting C compiler ABI info - done
[0.468s] -- Check for working C compiler: /usr/bin/cc - skipped
[0.468s] -- Detecting C compile features
[0.469s] -- Detecting C compile features - done
[0.474s] -- Detecting CXX compiler ABI info
[0.607s] -- Detecting CXX compiler ABI info - done
[0.614s] -- Check for working CXX compiler: /usr/bin/c++ - skipped
[0.615s] -- Detecting CXX compile features
[0.615s] -- Detecting CXX compile features - done
[0.633s] [31mCMake Error at CMakeLists.txt:7 (find_package):
[0.633s]   By not providing "Findcatkin.cmake" in CMAKE_MODULE_PATH this project has
[0.633s]   asked CMake to find a package configuration file provided by "catkin", but
[0.633s]   CMake did not find one.
[0.633s] 
[0.634s]   Could not find a package configuration file provided by "catkin" with any
[0.634s]   of the following names:
[0.634s] 
[0.634s]     catkinConfig.cmake
[0.634s]     catkin-config.cmake
[0.634s] 
[0.634s]   Add the installation prefix of "catkin" to CMAKE_PREFIX_PATH or set
[0.634s]   "catkin_DIR" to a directory containing one of the above files.  If "catkin"
[0.634s]   provides a separate development package or SDK, be sure it has been
[0.635s]   installed.
[0.635s] 
[0.635s] [0m
[0.635s] -- Configuring incomplete, errors occurred!
[0.635s] See also "/home/emred/ackerman_ws/src/build/mybot_navigation/CMakeFiles/CMakeOutput.log".
[0.645s] Invoked command in '/home/emred/ackerman_ws/src/build/mybot_navigation' returned '1': /usr/bin/cmake /home/emred/ackerman_ws/src/mybot_ws/src/mybot_navigation -DCATKIN_INSTALL_INTO_PREFIX_ROOT=0 -DCMAKE_INSTALL_PREFIX=/home/emred/ackerman_ws/src/install/mybot_navigation
