[1.179s] DEBUG:colcon:Command line arguments: ['/usr/bin/colcon', 'build']
[1.180s] DEBUG:colcon:Parsed command line arguments: Namespace(log_base=None, log_level=None, verb_name='build', build_base='build', install_base='install', merge_install=False, symlink_install=False, test_result_base=None, continue_on_error=False, executor='parallel', parallel_workers=16, event_handlers=None, ignore_user_meta=False, metas=['./colcon.meta'], base_paths=['.'], packages_ignore=None, packages_ignore_regex=None, paths=None, packages_up_to=None, packages_up_to_regex=None, packages_above=None, packages_above_and_dependencies=None, packages_above_depth=None, packages_select_by_dep=None, packages_skip_by_dep=None, packages_skip_up_to=None, packages_select_build_failed=False, packages_skip_build_finished=False, packages_select_test_failures=False, packages_skip_test_passed=False, packages_select=None, packages_skip=None, packages_select_regex=None, packages_skip_regex=None, packages_start=None, packages_end=None, allow_overriding=[], cmake_args=None, cmake_target=None, cmake_target_skip_unavailable=False, cmake_clean_cache=False, cmake_clean_first=False, cmake_force_configure=False, ament_cmake_args=None, catkin_cmake_args=None, catkin_skip_building_tests=False, verb_parser=<colcon_defaults.argument_parser.defaults.DefaultArgumentsDecorator object at 0x7f6618bff460>, verb_extension=<colcon_core.verb.build.BuildVerb object at 0x7f6618bfec20>, main=<bound method BuildVerb.main of <colcon_core.verb.build.BuildVerb object at 0x7f6618bfec20>>)
[1.242s] Level 1:colcon.colcon_core.package_discovery:discover_packages(colcon_meta) check parameters
[1.242s] Level 1:colcon.colcon_core.package_discovery:discover_packages(recursive) check parameters
[1.242s] Level 1:colcon.colcon_core.package_discovery:discover_packages(ignore) check parameters
[1.242s] Level 1:colcon.colcon_core.package_discovery:discover_packages(path) check parameters
[1.242s] Level 1:colcon.colcon_core.package_discovery:discover_packages(colcon_meta) discover
[1.242s] Level 1:colcon.colcon_core.package_discovery:discover_packages(recursive) discover
[1.242s] INFO:colcon.colcon_core.package_discovery:Crawling recursively for packages in '/home/emred/ackerman_ws'
[1.242s] Level 1:colcon.colcon_core.package_identification:_identify(.) by extensions ['ignore', 'ignore_ament_install']
[1.242s] Level 1:colcon.colcon_core.package_identification:_identify(.) by extension 'ignore'
[1.242s] Level 1:colcon.colcon_core.package_identification:_identify(.) by extension 'ignore_ament_install'
[1.242s] Level 1:colcon.colcon_core.package_identification:_identify(.) by extensions ['colcon_pkg']
[1.242s] Level 1:colcon.colcon_core.package_identification:_identify(.) by extension 'colcon_pkg'
[1.242s] Level 1:colcon.colcon_core.package_identification:_identify(.) by extensions ['colcon_meta']
[1.242s] Level 1:colcon.colcon_core.package_identification:_identify(.) by extension 'colcon_meta'
[1.242s] Level 1:colcon.colcon_core.package_identification:_identify(.) by extensions ['ros']
[1.242s] Level 1:colcon.colcon_core.package_identification:_identify(.) by extension 'ros'
[1.255s] Level 1:colcon.colcon_core.package_identification:_identify(.) by extensions ['cmake', 'python']
[1.255s] Level 1:colcon.colcon_core.package_identification:_identify(.) by extension 'cmake'
[1.255s] Level 1:colcon.colcon_core.package_identification:_identify(.) by extension 'python'
[1.255s] Level 1:colcon.colcon_core.package_identification:_identify(.) by extensions ['python_setup_py']
[1.255s] Level 1:colcon.colcon_core.package_identification:_identify(.) by extension 'python_setup_py'
[1.255s] Level 1:colcon.colcon_core.package_identification:_identify(build) by extensions ['ignore', 'ignore_ament_install']
[1.255s] Level 1:colcon.colcon_core.package_identification:_identify(build) by extension 'ignore'
[1.255s] Level 1:colcon.colcon_core.package_identification:_identify(build) ignored
[1.256s] Level 1:colcon.colcon_core.package_identification:_identify(install) by extensions ['ignore', 'ignore_ament_install']
[1.256s] Level 1:colcon.colcon_core.package_identification:_identify(install) by extension 'ignore'
[1.256s] Level 1:colcon.colcon_core.package_identification:_identify(install) ignored
[1.256s] Level 1:colcon.colcon_core.package_identification:_identify(log) by extensions ['ignore', 'ignore_ament_install']
[1.256s] Level 1:colcon.colcon_core.package_identification:_identify(log) by extension 'ignore'
[1.256s] Level 1:colcon.colcon_core.package_identification:_identify(log) ignored
[1.256s] Level 1:colcon.colcon_core.package_identification:_identify(src) by extensions ['ignore', 'ignore_ament_install']
[1.256s] Level 1:colcon.colcon_core.package_identification:_identify(src) by extension 'ignore'
[1.256s] Level 1:colcon.colcon_core.package_identification:_identify(src) by extension 'ignore_ament_install'
[1.256s] Level 1:colcon.colcon_core.package_identification:_identify(src) by extensions ['colcon_pkg']
[1.256s] Level 1:colcon.colcon_core.package_identification:_identify(src) by extension 'colcon_pkg'
[1.256s] Level 1:colcon.colcon_core.package_identification:_identify(src) by extensions ['colcon_meta']
[1.256s] Level 1:colcon.colcon_core.package_identification:_identify(src) by extension 'colcon_meta'
[1.256s] Level 1:colcon.colcon_core.package_identification:_identify(src) by extensions ['ros']
[1.256s] Level 1:colcon.colcon_core.package_identification:_identify(src) by extension 'ros'
[1.256s] Level 1:colcon.colcon_core.package_identification:_identify(src) by extensions ['cmake', 'python']
[1.256s] Level 1:colcon.colcon_core.package_identification:_identify(src) by extension 'cmake'
[1.256s] Level 1:colcon.colcon_core.package_identification:_identify(src) by extension 'python'
[1.256s] Level 1:colcon.colcon_core.package_identification:_identify(src) by extensions ['python_setup_py']
[1.257s] Level 1:colcon.colcon_core.package_identification:_identify(src) by extension 'python_setup_py'
[1.257s] Level 1:colcon.colcon_core.package_identification:_identify(src/ack_robot_bringup) by extensions ['ignore', 'ignore_ament_install']
[1.257s] Level 1:colcon.colcon_core.package_identification:_identify(src/ack_robot_bringup) by extension 'ignore'
[1.257s] Level 1:colcon.colcon_core.package_identification:_identify(src/ack_robot_bringup) by extension 'ignore_ament_install'
[1.257s] Level 1:colcon.colcon_core.package_identification:_identify(src/ack_robot_bringup) by extensions ['colcon_pkg']
[1.257s] Level 1:colcon.colcon_core.package_identification:_identify(src/ack_robot_bringup) by extension 'colcon_pkg'
[1.257s] Level 1:colcon.colcon_core.package_identification:_identify(src/ack_robot_bringup) by extensions ['colcon_meta']
[1.257s] Level 1:colcon.colcon_core.package_identification:_identify(src/ack_robot_bringup) by extension 'colcon_meta'
[1.257s] Level 1:colcon.colcon_core.package_identification:_identify(src/ack_robot_bringup) by extensions ['ros']
[1.257s] Level 1:colcon.colcon_core.package_identification:_identify(src/ack_robot_bringup) by extension 'ros'
[1.259s] DEBUG:colcon.colcon_core.package_identification:Package 'src/ack_robot_bringup' with type 'ros.ament_cmake' and name 'ack_robot_bringup'
[1.259s] Level 1:colcon.colcon_core.package_identification:_identify(src/ack_robot_description) by extensions ['ignore', 'ignore_ament_install']
[1.260s] Level 1:colcon.colcon_core.package_identification:_identify(src/ack_robot_description) by extension 'ignore'
[1.260s] Level 1:colcon.colcon_core.package_identification:_identify(src/ack_robot_description) by extension 'ignore_ament_install'
[1.260s] Level 1:colcon.colcon_core.package_identification:_identify(src/ack_robot_description) by extensions ['colcon_pkg']
[1.260s] Level 1:colcon.colcon_core.package_identification:_identify(src/ack_robot_description) by extension 'colcon_pkg'
[1.260s] Level 1:colcon.colcon_core.package_identification:_identify(src/ack_robot_description) by extensions ['colcon_meta']
[1.260s] Level 1:colcon.colcon_core.package_identification:_identify(src/ack_robot_description) by extension 'colcon_meta'
[1.260s] Level 1:colcon.colcon_core.package_identification:_identify(src/ack_robot_description) by extensions ['ros']
[1.260s] Level 1:colcon.colcon_core.package_identification:_identify(src/ack_robot_description) by extension 'ros'
[1.260s] DEBUG:colcon.colcon_core.package_identification:Package 'src/ack_robot_description' with type 'ros.ament_cmake' and name 'ack_robot_description'
[1.260s] Level 1:colcon.colcon_core.package_discovery:discover_packages(recursive) using defaults
[1.261s] Level 1:colcon.colcon_core.package_discovery:discover_packages(ignore) discover
[1.261s] Level 1:colcon.colcon_core.package_discovery:discover_packages(ignore) using defaults
[1.261s] Level 1:colcon.colcon_core.package_discovery:discover_packages(path) discover
[1.261s] Level 1:colcon.colcon_core.package_discovery:discover_packages(path) using defaults
[1.351s] Level 1:colcon.colcon_core.package_discovery:discover_packages(prefix_path) check parameters
[1.351s] Level 1:colcon.colcon_core.package_discovery:discover_packages(prefix_path) discover
[1.366s] WARNING:colcon.colcon_ros.prefix_path.ament:The path '/home/emred/ackerman_ws/install/my_robot_description' in the environment variable AMENT_PREFIX_PATH doesn't exist
[1.366s] WARNING:colcon.colcon_ros.prefix_path.ament:The path '/home/emred/ackerman_ws/install/my_robot_bringup' in the environment variable AMENT_PREFIX_PATH doesn't exist
[1.367s] WARNING:colcon.colcon_ros.prefix_path.catkin:The path '/home/emred/ackerman_ws/install/my_robot_description' in the environment variable CMAKE_PREFIX_PATH doesn't exist
[1.367s] WARNING:colcon.colcon_ros.prefix_path.catkin:The path '/home/emred/ackerman_ws/install/my_robot_bringup' in the environment variable CMAKE_PREFIX_PATH doesn't exist
[1.402s] DEBUG:colcon.colcon_installed_package_information.package_discovery:Found 2 installed packages in /home/emred/ackerman_ws/install
[1.416s] DEBUG:colcon.colcon_installed_package_information.package_discovery:Found 5 installed packages in /home/emred/tas-gps/install
[1.432s] DEBUG:colcon.colcon_installed_package_information.package_discovery:Found 452 installed packages in /opt/ros/humble
[1.433s] Level 1:colcon.colcon_core.package_discovery:discover_packages(prefix_path) using defaults
[1.573s] Level 5:colcon.colcon_core.verb:set package 'ack_robot_bringup' build argument 'cmake_args' from command line to 'None'
[1.573s] Level 5:colcon.colcon_core.verb:set package 'ack_robot_bringup' build argument 'cmake_target' from command line to 'None'
[1.574s] Level 5:colcon.colcon_core.verb:set package 'ack_robot_bringup' build argument 'cmake_target_skip_unavailable' from command line to 'False'
[1.574s] Level 5:colcon.colcon_core.verb:set package 'ack_robot_bringup' build argument 'cmake_clean_cache' from command line to 'False'
[1.574s] Level 5:colcon.colcon_core.verb:set package 'ack_robot_bringup' build argument 'cmake_clean_first' from command line to 'False'
[1.574s] Level 5:colcon.colcon_core.verb:set package 'ack_robot_bringup' build argument 'cmake_force_configure' from command line to 'False'
[1.574s] Level 5:colcon.colcon_core.verb:set package 'ack_robot_bringup' build argument 'ament_cmake_args' from command line to 'None'
[1.574s] Level 5:colcon.colcon_core.verb:set package 'ack_robot_bringup' build argument 'catkin_cmake_args' from command line to 'None'
[1.574s] Level 5:colcon.colcon_core.verb:set package 'ack_robot_bringup' build argument 'catkin_skip_building_tests' from command line to 'False'
[1.574s] DEBUG:colcon.colcon_core.verb:Building package 'ack_robot_bringup' with the following arguments: {'ament_cmake_args': None, 'build_base': '/home/emred/ackerman_ws/build/ack_robot_bringup', 'catkin_cmake_args': None, 'catkin_skip_building_tests': False, 'cmake_args': None, 'cmake_clean_cache': False, 'cmake_clean_first': False, 'cmake_force_configure': False, 'cmake_target': None, 'cmake_target_skip_unavailable': False, 'install_base': '/home/emred/ackerman_ws/install/ack_robot_bringup', 'merge_install': False, 'path': '/home/emred/ackerman_ws/src/ack_robot_bringup', 'symlink_install': False, 'test_result_base': None}
[1.588s] Level 5:colcon.colcon_core.verb:set package 'ack_robot_description' build argument 'cmake_args' from command line to 'None'
[1.588s] Level 5:colcon.colcon_core.verb:set package 'ack_robot_description' build argument 'cmake_target' from command line to 'None'
[1.588s] Level 5:colcon.colcon_core.verb:set package 'ack_robot_description' build argument 'cmake_target_skip_unavailable' from command line to 'False'
[1.588s] Level 5:colcon.colcon_core.verb:set package 'ack_robot_description' build argument 'cmake_clean_cache' from command line to 'False'
[1.588s] Level 5:colcon.colcon_core.verb:set package 'ack_robot_description' build argument 'cmake_clean_first' from command line to 'False'
[1.588s] Level 5:colcon.colcon_core.verb:set package 'ack_robot_description' build argument 'cmake_force_configure' from command line to 'False'
[1.588s] Level 5:colcon.colcon_core.verb:set package 'ack_robot_description' build argument 'ament_cmake_args' from command line to 'None'
[1.588s] Level 5:colcon.colcon_core.verb:set package 'ack_robot_description' build argument 'catkin_cmake_args' from command line to 'None'
[1.588s] Level 5:colcon.colcon_core.verb:set package 'ack_robot_description' build argument 'catkin_skip_building_tests' from command line to 'False'
[1.588s] DEBUG:colcon.colcon_core.verb:Building package 'ack_robot_description' with the following arguments: {'ament_cmake_args': None, 'build_base': '/home/emred/ackerman_ws/build/ack_robot_description', 'catkin_cmake_args': None, 'catkin_skip_building_tests': False, 'cmake_args': None, 'cmake_clean_cache': False, 'cmake_clean_first': False, 'cmake_force_configure': False, 'cmake_target': None, 'cmake_target_skip_unavailable': False, 'install_base': '/home/emred/ackerman_ws/install/ack_robot_description', 'merge_install': False, 'path': '/home/emred/ackerman_ws/src/ack_robot_description', 'symlink_install': False, 'test_result_base': None}
[1.602s] INFO:colcon.colcon_core.executor:Executing jobs using 'parallel' executor
[1.617s] DEBUG:colcon.colcon_parallel_executor.executor.parallel:run_until_complete
[1.617s] INFO:colcon.colcon_ros.task.ament_cmake.build:Building ROS package in '/home/emred/ackerman_ws/src/ack_robot_bringup' with build type 'ament_cmake'
[1.617s] INFO:colcon.colcon_cmake.task.cmake.build:Building CMake package in '/home/emred/ackerman_ws/src/ack_robot_bringup'
[1.646s] INFO:colcon.colcon_core.plugin_system:Skipping extension 'colcon_core.shell.bat': Not used on non-Windows systems
[1.646s] INFO:colcon.colcon_core.shell:Skip shell extension 'powershell' for command environment: Not usable outside of PowerShell
[1.646s] DEBUG:colcon.colcon_core.shell:Skip shell extension 'dsv' for command environment
[1.707s] INFO:colcon.colcon_ros.task.ament_cmake.build:Building ROS package in '/home/emred/ackerman_ws/src/ack_robot_description' with build type 'ament_cmake'
[1.708s] INFO:colcon.colcon_cmake.task.cmake.build:Building CMake package in '/home/emred/ackerman_ws/src/ack_robot_description'
[1.723s] INFO:colcon.colcon_core.shell:Skip shell extension 'powershell' for command environment: Not usable outside of PowerShell
[1.723s] DEBUG:colcon.colcon_core.shell:Skip shell extension 'dsv' for command environment
[1.791s] DEBUG:colcon.colcon_core.event_handler.log_command:Invoking command in '/home/emred/ackerman_ws/build/ack_robot_bringup': CMAKE_PREFIX_PATH=${CMAKE_PREFIX_PATH}:/home/emred/tas-gps/install/nav2_project:/home/emred/tas-gps/install/moveon_control:/opt/ros/humble /usr/bin/cmake --build /home/emred/ackerman_ws/build/ack_robot_bringup -- -j16 -l16
[1.796s] DEBUG:colcon.colcon_core.event_handler.log_command:Invoking command in '/home/emred/ackerman_ws/build/ack_robot_description': CMAKE_PREFIX_PATH=${CMAKE_PREFIX_PATH}:/home/emred/tas-gps/install/nav2_project:/home/emred/tas-gps/install/moveon_control:/opt/ros/humble /usr/bin/cmake --build /home/emred/ackerman_ws/build/ack_robot_description -- -j16 -l16
[1.861s] DEBUG:colcon.colcon_core.event_handler.log_command:Invoked command in '/home/emred/ackerman_ws/build/ack_robot_bringup' returned '0': CMAKE_PREFIX_PATH=${CMAKE_PREFIX_PATH}:/home/emred/tas-gps/install/nav2_project:/home/emred/tas-gps/install/moveon_control:/opt/ros/humble /usr/bin/cmake --build /home/emred/ackerman_ws/build/ack_robot_bringup -- -j16 -l16
[1.880s] DEBUG:colcon.colcon_core.event_handler.log_command:Invoked command in '/home/emred/ackerman_ws/build/ack_robot_description' returned '0': CMAKE_PREFIX_PATH=${CMAKE_PREFIX_PATH}:/home/emred/tas-gps/install/nav2_project:/home/emred/tas-gps/install/moveon_control:/opt/ros/humble /usr/bin/cmake --build /home/emred/ackerman_ws/build/ack_robot_description -- -j16 -l16
[1.931s] DEBUG:colcon.colcon_core.event_handler.log_command:Invoking command in '/home/emred/ackerman_ws/build/ack_robot_bringup': CMAKE_PREFIX_PATH=${CMAKE_PREFIX_PATH}:/home/emred/tas-gps/install/nav2_project:/home/emred/tas-gps/install/moveon_control:/opt/ros/humble /usr/bin/cmake --install /home/emred/ackerman_ws/build/ack_robot_bringup
[1.934s] DEBUG:colcon.colcon_core.event_handler.log_command:Invoking command in '/home/emred/ackerman_ws/build/ack_robot_description': CMAKE_PREFIX_PATH=${CMAKE_PREFIX_PATH}:/home/emred/tas-gps/install/nav2_project:/home/emred/tas-gps/install/moveon_control:/opt/ros/humble /usr/bin/cmake --install /home/emred/ackerman_ws/build/ack_robot_description
[1.945s] Level 1:colcon.colcon_core.environment:create_environment_scripts_only(ack_robot_bringup)
[1.952s] DEBUG:colcon.colcon_core.event_handler.log_command:Invoked command in '/home/emred/ackerman_ws/build/ack_robot_bringup' returned '0': CMAKE_PREFIX_PATH=${CMAKE_PREFIX_PATH}:/home/emred/tas-gps/install/nav2_project:/home/emred/tas-gps/install/moveon_control:/opt/ros/humble /usr/bin/cmake --install /home/emred/ackerman_ws/build/ack_robot_bringup
[1.968s] Level 1:colcon.colcon_core.environment:checking '/home/emred/ackerman_ws/install/ack_robot_bringup' for CMake module files
[1.968s] Level 1:colcon.colcon_core.environment:checking '/home/emred/ackerman_ws/install/ack_robot_bringup' for CMake config files
[1.969s] Level 1:colcon.colcon_core.shell:create_environment_hook('ack_robot_bringup', 'cmake_prefix_path')
[1.983s] INFO:colcon.colcon_core.shell:Creating environment hook '/home/emred/ackerman_ws/install/ack_robot_bringup/share/ack_robot_bringup/hook/cmake_prefix_path.ps1'
[1.984s] INFO:colcon.colcon_core.shell:Creating environment descriptor '/home/emred/ackerman_ws/install/ack_robot_bringup/share/ack_robot_bringup/hook/cmake_prefix_path.dsv'
[1.984s] INFO:colcon.colcon_core.shell:Creating environment hook '/home/emred/ackerman_ws/install/ack_robot_bringup/share/ack_robot_bringup/hook/cmake_prefix_path.sh'
[1.985s] Level 1:colcon.colcon_core.environment:checking '/home/emred/ackerman_ws/install/ack_robot_bringup/bin'
[1.985s] Level 1:colcon.colcon_core.environment:checking '/home/emred/ackerman_ws/install/ack_robot_bringup/lib/pkgconfig/ack_robot_bringup.pc'
[1.985s] Level 1:colcon.colcon_core.environment:checking '/home/emred/ackerman_ws/install/ack_robot_bringup/lib/python3.10/site-packages'
[1.985s] Level 1:colcon.colcon_core.environment:checking '/home/emred/ackerman_ws/install/ack_robot_bringup/bin'
[2.000s] INFO:colcon.colcon_core.shell:Creating package script '/home/emred/ackerman_ws/install/ack_robot_bringup/share/ack_robot_bringup/package.ps1'
[2.001s] INFO:colcon.colcon_core.shell:Creating package descriptor '/home/emred/ackerman_ws/install/ack_robot_bringup/share/ack_robot_bringup/package.dsv'
[2.001s] INFO:colcon.colcon_core.shell:Creating package script '/home/emred/ackerman_ws/install/ack_robot_bringup/share/ack_robot_bringup/package.sh'
[2.002s] INFO:colcon.colcon_core.shell:Creating package script '/home/emred/ackerman_ws/install/ack_robot_bringup/share/ack_robot_bringup/package.bash'
[2.003s] INFO:colcon.colcon_core.shell:Creating package script '/home/emred/ackerman_ws/install/ack_robot_bringup/share/ack_robot_bringup/package.zsh'
[2.004s] Level 1:colcon.colcon_core.environment:create_file_with_runtime_dependencies(/home/emred/ackerman_ws/install/ack_robot_bringup/share/colcon-core/packages/ack_robot_bringup)
[2.006s] Level 1:colcon.colcon_core.environment:create_environment_scripts_only(ack_robot_description)
[2.007s] DEBUG:colcon.colcon_core.event_handler.log_command:Invoked command in '/home/emred/ackerman_ws/build/ack_robot_description' returned '0': CMAKE_PREFIX_PATH=${CMAKE_PREFIX_PATH}:/home/emred/tas-gps/install/nav2_project:/home/emred/tas-gps/install/moveon_control:/opt/ros/humble /usr/bin/cmake --install /home/emred/ackerman_ws/build/ack_robot_description
[2.023s] Level 1:colcon.colcon_core.environment:checking '/home/emred/ackerman_ws/install/ack_robot_description' for CMake module files
[2.024s] Level 1:colcon.colcon_core.environment:checking '/home/emred/ackerman_ws/install/ack_robot_description' for CMake config files
[2.025s] Level 1:colcon.colcon_core.shell:create_environment_hook('ack_robot_description', 'cmake_prefix_path')
[2.041s] INFO:colcon.colcon_core.shell:Creating environment hook '/home/emred/ackerman_ws/install/ack_robot_description/share/ack_robot_description/hook/cmake_prefix_path.ps1'
[2.041s] INFO:colcon.colcon_core.shell:Creating environment descriptor '/home/emred/ackerman_ws/install/ack_robot_description/share/ack_robot_description/hook/cmake_prefix_path.dsv'
[2.042s] INFO:colcon.colcon_core.shell:Creating environment hook '/home/emred/ackerman_ws/install/ack_robot_description/share/ack_robot_description/hook/cmake_prefix_path.sh'
[2.042s] Level 1:colcon.colcon_core.environment:checking '/home/emred/ackerman_ws/install/ack_robot_description/bin'
[2.042s] Level 1:colcon.colcon_core.environment:checking '/home/emred/ackerman_ws/install/ack_robot_description/lib/pkgconfig/ack_robot_description.pc'
[2.043s] Level 1:colcon.colcon_core.environment:checking '/home/emred/ackerman_ws/install/ack_robot_description/lib/python3.10/site-packages'
[2.043s] Level 1:colcon.colcon_core.environment:checking '/home/emred/ackerman_ws/install/ack_robot_description/bin'
[2.057s] INFO:colcon.colcon_core.shell:Creating package script '/home/emred/ackerman_ws/install/ack_robot_description/share/ack_robot_description/package.ps1'
[2.057s] INFO:colcon.colcon_core.shell:Creating package descriptor '/home/emred/ackerman_ws/install/ack_robot_description/share/ack_robot_description/package.dsv'
[2.058s] INFO:colcon.colcon_core.shell:Creating package script '/home/emred/ackerman_ws/install/ack_robot_description/share/ack_robot_description/package.sh'
[2.058s] INFO:colcon.colcon_core.shell:Creating package script '/home/emred/ackerman_ws/install/ack_robot_description/share/ack_robot_description/package.bash'
[2.058s] INFO:colcon.colcon_core.shell:Creating package script '/home/emred/ackerman_ws/install/ack_robot_description/share/ack_robot_description/package.zsh'
[2.059s] Level 1:colcon.colcon_core.environment:create_file_with_runtime_dependencies(/home/emred/ackerman_ws/install/ack_robot_description/share/colcon-core/packages/ack_robot_description)
[2.074s] Level 1:colcon.colcon_core.environment:create_environment_scripts_only(ack_robot_bringup)
[2.089s] Level 1:colcon.colcon_core.environment:checking '/home/emred/ackerman_ws/install/ack_robot_bringup' for CMake module files
[2.090s] Level 1:colcon.colcon_core.environment:checking '/home/emred/ackerman_ws/install/ack_robot_bringup' for CMake config files
[2.090s] Level 1:colcon.colcon_core.shell:create_environment_hook('ack_robot_bringup', 'cmake_prefix_path')
[2.105s] INFO:colcon.colcon_core.shell:Creating environment hook '/home/emred/ackerman_ws/install/ack_robot_bringup/share/ack_robot_bringup/hook/cmake_prefix_path.ps1'
[2.105s] INFO:colcon.colcon_core.shell:Creating environment descriptor '/home/emred/ackerman_ws/install/ack_robot_bringup/share/ack_robot_bringup/hook/cmake_prefix_path.dsv'
[2.106s] INFO:colcon.colcon_core.shell:Creating environment hook '/home/emred/ackerman_ws/install/ack_robot_bringup/share/ack_robot_bringup/hook/cmake_prefix_path.sh'
[2.106s] Level 1:colcon.colcon_core.environment:checking '/home/emred/ackerman_ws/install/ack_robot_bringup/bin'
[2.106s] Level 1:colcon.colcon_core.environment:checking '/home/emred/ackerman_ws/install/ack_robot_bringup/lib/pkgconfig/ack_robot_bringup.pc'
[2.107s] Level 1:colcon.colcon_core.environment:checking '/home/emred/ackerman_ws/install/ack_robot_bringup/lib/python3.10/site-packages'
[2.107s] Level 1:colcon.colcon_core.environment:checking '/home/emred/ackerman_ws/install/ack_robot_bringup/bin'
[2.121s] INFO:colcon.colcon_core.shell:Creating package script '/home/emred/ackerman_ws/install/ack_robot_bringup/share/ack_robot_bringup/package.ps1'
[2.122s] INFO:colcon.colcon_core.shell:Creating package descriptor '/home/emred/ackerman_ws/install/ack_robot_bringup/share/ack_robot_bringup/package.dsv'
[2.122s] INFO:colcon.colcon_core.shell:Creating package script '/home/emred/ackerman_ws/install/ack_robot_bringup/share/ack_robot_bringup/package.sh'
[2.122s] INFO:colcon.colcon_core.shell:Creating package script '/home/emred/ackerman_ws/install/ack_robot_bringup/share/ack_robot_bringup/package.bash'
[2.123s] INFO:colcon.colcon_core.shell:Creating package script '/home/emred/ackerman_ws/install/ack_robot_bringup/share/ack_robot_bringup/package.zsh'
[2.123s] Level 1:colcon.colcon_core.environment:create_file_with_runtime_dependencies(/home/emred/ackerman_ws/install/ack_robot_bringup/share/colcon-core/packages/ack_robot_bringup)
[2.139s] Level 1:colcon.colcon_core.environment:create_environment_scripts_only(ack_robot_description)
[2.153s] Level 1:colcon.colcon_core.environment:checking '/home/emred/ackerman_ws/install/ack_robot_description' for CMake module files
[2.153s] Level 1:colcon.colcon_core.environment:checking '/home/emred/ackerman_ws/install/ack_robot_description' for CMake config files
[2.154s] Level 1:colcon.colcon_core.shell:create_environment_hook('ack_robot_description', 'cmake_prefix_path')
[2.168s] INFO:colcon.colcon_core.shell:Creating environment hook '/home/emred/ackerman_ws/install/ack_robot_description/share/ack_robot_description/hook/cmake_prefix_path.ps1'
[2.169s] INFO:colcon.colcon_core.shell:Creating environment descriptor '/home/emred/ackerman_ws/install/ack_robot_description/share/ack_robot_description/hook/cmake_prefix_path.dsv'
[2.169s] INFO:colcon.colcon_core.shell:Creating environment hook '/home/emred/ackerman_ws/install/ack_robot_description/share/ack_robot_description/hook/cmake_prefix_path.sh'
[2.170s] Level 1:colcon.colcon_core.environment:checking '/home/emred/ackerman_ws/install/ack_robot_description/bin'
[2.170s] Level 1:colcon.colcon_core.environment:checking '/home/emred/ackerman_ws/install/ack_robot_description/lib/pkgconfig/ack_robot_description.pc'
[2.170s] Level 1:colcon.colcon_core.environment:checking '/home/emred/ackerman_ws/install/ack_robot_description/lib/python3.10/site-packages'
[2.170s] Level 1:colcon.colcon_core.environment:checking '/home/emred/ackerman_ws/install/ack_robot_description/bin'
[2.184s] INFO:colcon.colcon_core.shell:Creating package script '/home/emred/ackerman_ws/install/ack_robot_description/share/ack_robot_description/package.ps1'
[2.184s] INFO:colcon.colcon_core.shell:Creating package descriptor '/home/emred/ackerman_ws/install/ack_robot_description/share/ack_robot_description/package.dsv'
[2.185s] INFO:colcon.colcon_core.shell:Creating package script '/home/emred/ackerman_ws/install/ack_robot_description/share/ack_robot_description/package.sh'
[2.185s] INFO:colcon.colcon_core.shell:Creating package script '/home/emred/ackerman_ws/install/ack_robot_description/share/ack_robot_description/package.bash'
[2.185s] INFO:colcon.colcon_core.shell:Creating package script '/home/emred/ackerman_ws/install/ack_robot_description/share/ack_robot_description/package.zsh'
[2.186s] Level 1:colcon.colcon_core.environment:create_file_with_runtime_dependencies(/home/emred/ackerman_ws/install/ack_robot_description/share/colcon-core/packages/ack_robot_description)
[2.186s] DEBUG:colcon.colcon_parallel_executor.executor.parallel:closing loop
[2.186s] DEBUG:colcon.colcon_parallel_executor.executor.parallel:loop closed
[2.186s] DEBUG:colcon.colcon_parallel_executor.executor.parallel:run_until_complete finished with '0'
[2.186s] DEBUG:colcon.colcon_core.event_reactor:joining thread
[2.232s] INFO:colcon.colcon_core.plugin_system:Skipping extension 'colcon_notification.desktop_notification.terminal_notifier': Not used on non-Darwin systems
[2.232s] INFO:colcon.colcon_core.plugin_system:Skipping extension 'colcon_notification.desktop_notification.win32': Not used on non-Windows systems
[2.232s] INFO:colcon.colcon_notification.desktop_notification:Sending desktop notification using 'notify2'
[2.251s] DEBUG:colcon.colcon_core.event_reactor:joined thread
[2.265s] INFO:colcon.colcon_core.shell:Creating prefix script '/home/emred/ackerman_ws/install/local_setup.ps1'
[2.266s] INFO:colcon.colcon_core.shell:Creating prefix util module '/home/emred/ackerman_ws/install/_local_setup_util_ps1.py'
[2.267s] INFO:colcon.colcon_core.shell:Creating prefix chain script '/home/emred/ackerman_ws/install/setup.ps1'
[2.282s] INFO:colcon.colcon_core.shell:Creating prefix script '/home/emred/ackerman_ws/install/local_setup.sh'
[2.283s] INFO:colcon.colcon_core.shell:Creating prefix util module '/home/emred/ackerman_ws/install/_local_setup_util_sh.py'
[2.283s] INFO:colcon.colcon_core.shell:Creating prefix chain script '/home/emred/ackerman_ws/install/setup.sh'
[2.298s] INFO:colcon.colcon_core.shell:Creating prefix script '/home/emred/ackerman_ws/install/local_setup.bash'
[2.299s] INFO:colcon.colcon_core.shell:Creating prefix chain script '/home/emred/ackerman_ws/install/setup.bash'
[2.314s] INFO:colcon.colcon_core.shell:Creating prefix script '/home/emred/ackerman_ws/install/local_setup.zsh'
[2.315s] INFO:colcon.colcon_core.shell:Creating prefix chain script '/home/emred/ackerman_ws/install/setup.zsh'
