[0.236s] Invoking command in '/home/emred/ackerman_ws/src/build/mybot_description': /usr/bin/cmake /home/emred/ackerman_ws/src/mybot_ws/src/mybot_description -DCATKIN_INSTALL_INTO_PREFIX_ROOT=0 -DCMAKE_INSTALL_PREFIX=/home/emred/ackerman_ws/src/install/mybot_description
[0.247s] [0mCMake Deprecation Warning at CMakeLists.txt:1 (cmake_minimum_required):
[0.247s]   Compatibility with CMake < 2.8.12 will be removed from a future version of
[0.247s]   CMake.
[0.247s] 
[0.247s]   Update the VERSION argument <min> value or use a ...<max> suffix to tell
[0.247s]   CMake that the project does not need compatibility with older versions.
[0.247s] 
[0.247s] [0m
[0.372s] -- The C compiler identification is GNU 11.4.0
[0.485s] -- The CXX compiler identification is GNU 11.4.0
[0.496s] -- Detecting C compiler ABI info
[0.606s] -- Detecting C compiler ABI info - done
[0.616s] -- Check for working C compiler: /usr/bin/cc - skipped
[0.616s] -- Detecting C compile features
[0.617s] -- Detecting C compile features - done
[0.622s] -- Detecting CXX compiler ABI info
[0.742s] -- Detecting CXX compiler ABI info - done
[0.750s] -- Check for working CXX compiler: /usr/bin/c++ - skipped
[0.751s] -- Detecting CXX compile features
[0.751s] -- Detecting CXX compile features - done
[0.767s] [31mCMake Error at CMakeLists.txt:7 (find_package):
[0.767s]   By not providing "Findcatkin.cmake" in CMAKE_MODULE_PATH this project has
[0.767s]   asked CMake to find a package configuration file provided by "catkin", but
[0.767s]   CMake did not find one.
[0.767s] 
[0.768s]   Could not find a package configuration file provided by "catkin" with any
[0.768s]   of the following names:
[0.768s] 
[0.768s]     catkinConfig.cmake
[0.768s]     catkin-config.cmake
[0.768s] 
[0.768s]   Add the installation prefix of "catkin" to CMAKE_PREFIX_PATH or set
[0.768s]   "catkin_DIR" to a directory containing one of the above files.  If "catkin"
[0.768s]   provides a separate development package or SDK, be sure it has been
[0.768s]   installed.
[0.768s] 
[0.768s] [0m
[0.768s] -- Configuring incomplete, errors occurred!
[0.768s] See also "/home/emred/ackerman_ws/src/build/mybot_description/CMakeFiles/CMakeOutput.log".
[0.775s] Invoked command in '/home/emred/ackerman_ws/src/build/mybot_description' returned '1': /usr/bin/cmake /home/emred/ackerman_ws/src/mybot_ws/src/mybot_description -DCATKIN_INSTALL_INTO_PREFIX_ROOT=0 -DCMAKE_INSTALL_PREFIX=/home/emred/ackerman_ws/src/install/mybot_description
