[1.001s] DEBUG:colcon:Command line arguments: ['/usr/bin/colcon', 'build']
[1.001s] DEBUG:colcon:Parsed command line arguments: Namespace(log_base=None, log_level=None, verb_name='build', build_base='build', install_base='install', merge_install=False, symlink_install=False, test_result_base=None, continue_on_error=False, executor='parallel', parallel_workers=16, event_handlers=None, ignore_user_meta=False, metas=['./colcon.meta'], base_paths=['.'], packages_ignore=None, packages_ignore_regex=None, paths=None, packages_up_to=None, packages_up_to_regex=None, packages_above=None, packages_above_and_dependencies=None, packages_above_depth=None, packages_select_by_dep=None, packages_skip_by_dep=None, packages_skip_up_to=None, packages_select_build_failed=False, packages_skip_build_finished=False, packages_select_test_failures=False, packages_skip_test_passed=False, packages_select=None, packages_skip=None, packages_select_regex=None, packages_skip_regex=None, packages_start=None, packages_end=None, allow_overriding=[], cmake_args=None, cmake_target=None, cmake_target_skip_unavailable=False, cmake_clean_cache=False, cmake_clean_first=False, cmake_force_configure=False, ament_cmake_args=None, catkin_cmake_args=None, catkin_skip_building_tests=False, verb_parser=<colcon_defaults.argument_parser.defaults.DefaultArgumentsDecorator object at 0x7f0fcf4a8610>, verb_extension=<colcon_core.verb.build.BuildVerb object at 0x7f0fcf4a8460>, main=<bound method BuildVerb.main of <colcon_core.verb.build.BuildVerb object at 0x7f0fcf4a8460>>)
[1.062s] Level 1:colcon.colcon_core.package_discovery:discover_packages(colcon_meta) check parameters
[1.062s] Level 1:colcon.colcon_core.package_discovery:discover_packages(recursive) check parameters
[1.063s] Level 1:colcon.colcon_core.package_discovery:discover_packages(ignore) check parameters
[1.063s] Level 1:colcon.colcon_core.package_discovery:discover_packages(path) check parameters
[1.063s] Level 1:colcon.colcon_core.package_discovery:discover_packages(colcon_meta) discover
[1.063s] Level 1:colcon.colcon_core.package_discovery:discover_packages(recursive) discover
[1.063s] INFO:colcon.colcon_core.package_discovery:Crawling recursively for packages in '/home/emred/ackerman_ws'
[1.063s] Level 1:colcon.colcon_core.package_identification:_identify(.) by extensions ['ignore', 'ignore_ament_install']
[1.063s] Level 1:colcon.colcon_core.package_identification:_identify(.) by extension 'ignore'
[1.063s] Level 1:colcon.colcon_core.package_identification:_identify(.) by extension 'ignore_ament_install'
[1.063s] Level 1:colcon.colcon_core.package_identification:_identify(.) by extensions ['colcon_pkg']
[1.063s] Level 1:colcon.colcon_core.package_identification:_identify(.) by extension 'colcon_pkg'
[1.063s] Level 1:colcon.colcon_core.package_identification:_identify(.) by extensions ['colcon_meta']
[1.063s] Level 1:colcon.colcon_core.package_identification:_identify(.) by extension 'colcon_meta'
[1.063s] Level 1:colcon.colcon_core.package_identification:_identify(.) by extensions ['ros']
[1.063s] Level 1:colcon.colcon_core.package_identification:_identify(.) by extension 'ros'
[1.076s] Level 1:colcon.colcon_core.package_identification:_identify(.) by extensions ['cmake', 'python']
[1.077s] Level 1:colcon.colcon_core.package_identification:_identify(.) by extension 'cmake'
[1.077s] Level 1:colcon.colcon_core.package_identification:_identify(.) by extension 'python'
[1.077s] Level 1:colcon.colcon_core.package_identification:_identify(.) by extensions ['python_setup_py']
[1.077s] Level 1:colcon.colcon_core.package_identification:_identify(.) by extension 'python_setup_py'
[1.077s] Level 1:colcon.colcon_core.package_identification:_identify(build) by extensions ['ignore', 'ignore_ament_install']
[1.077s] Level 1:colcon.colcon_core.package_identification:_identify(build) by extension 'ignore'
[1.077s] Level 1:colcon.colcon_core.package_identification:_identify(build) ignored
[1.077s] Level 1:colcon.colcon_core.package_identification:_identify(install) by extensions ['ignore', 'ignore_ament_install']
[1.077s] Level 1:colcon.colcon_core.package_identification:_identify(install) by extension 'ignore'
[1.077s] Level 1:colcon.colcon_core.package_identification:_identify(install) ignored
[1.077s] Level 1:colcon.colcon_core.package_identification:_identify(log) by extensions ['ignore', 'ignore_ament_install']
[1.077s] Level 1:colcon.colcon_core.package_identification:_identify(log) by extension 'ignore'
[1.077s] Level 1:colcon.colcon_core.package_identification:_identify(log) ignored
[1.077s] Level 1:colcon.colcon_core.package_identification:_identify(src) by extensions ['ignore', 'ignore_ament_install']
[1.077s] Level 1:colcon.colcon_core.package_identification:_identify(src) by extension 'ignore'
[1.078s] Level 1:colcon.colcon_core.package_identification:_identify(src) by extension 'ignore_ament_install'
[1.078s] Level 1:colcon.colcon_core.package_identification:_identify(src) by extensions ['colcon_pkg']
[1.078s] Level 1:colcon.colcon_core.package_identification:_identify(src) by extension 'colcon_pkg'
[1.078s] Level 1:colcon.colcon_core.package_identification:_identify(src) by extensions ['colcon_meta']
[1.078s] Level 1:colcon.colcon_core.package_identification:_identify(src) by extension 'colcon_meta'
[1.078s] Level 1:colcon.colcon_core.package_identification:_identify(src) by extensions ['ros']
[1.078s] Level 1:colcon.colcon_core.package_identification:_identify(src) by extension 'ros'
[1.078s] Level 1:colcon.colcon_core.package_identification:_identify(src) by extensions ['cmake', 'python']
[1.078s] Level 1:colcon.colcon_core.package_identification:_identify(src) by extension 'cmake'
[1.078s] Level 1:colcon.colcon_core.package_identification:_identify(src) by extension 'python'
[1.078s] Level 1:colcon.colcon_core.package_identification:_identify(src) by extensions ['python_setup_py']
[1.078s] Level 1:colcon.colcon_core.package_identification:_identify(src) by extension 'python_setup_py'
[1.078s] Level 1:colcon.colcon_core.package_identification:_identify(src/ack_robot_bringup) by extensions ['ignore', 'ignore_ament_install']
[1.078s] Level 1:colcon.colcon_core.package_identification:_identify(src/ack_robot_bringup) by extension 'ignore'
[1.078s] Level 1:colcon.colcon_core.package_identification:_identify(src/ack_robot_bringup) by extension 'ignore_ament_install'
[1.078s] Level 1:colcon.colcon_core.package_identification:_identify(src/ack_robot_bringup) by extensions ['colcon_pkg']
[1.078s] Level 1:colcon.colcon_core.package_identification:_identify(src/ack_robot_bringup) by extension 'colcon_pkg'
[1.078s] Level 1:colcon.colcon_core.package_identification:_identify(src/ack_robot_bringup) by extensions ['colcon_meta']
[1.078s] Level 1:colcon.colcon_core.package_identification:_identify(src/ack_robot_bringup) by extension 'colcon_meta'
[1.078s] Level 1:colcon.colcon_core.package_identification:_identify(src/ack_robot_bringup) by extensions ['ros']
[1.078s] Level 1:colcon.colcon_core.package_identification:_identify(src/ack_robot_bringup) by extension 'ros'
[1.081s] DEBUG:colcon.colcon_core.package_identification:Package 'src/ack_robot_bringup' with type 'ros.ament_cmake' and name 'ack_robot_bringup'
[1.082s] Level 1:colcon.colcon_core.package_identification:_identify(src/ack_robot_description) by extensions ['ignore', 'ignore_ament_install']
[1.082s] Level 1:colcon.colcon_core.package_identification:_identify(src/ack_robot_description) by extension 'ignore'
[1.082s] Level 1:colcon.colcon_core.package_identification:_identify(src/ack_robot_description) by extension 'ignore_ament_install'
[1.082s] Level 1:colcon.colcon_core.package_identification:_identify(src/ack_robot_description) by extensions ['colcon_pkg']
[1.082s] Level 1:colcon.colcon_core.package_identification:_identify(src/ack_robot_description) by extension 'colcon_pkg'
[1.082s] Level 1:colcon.colcon_core.package_identification:_identify(src/ack_robot_description) by extensions ['colcon_meta']
[1.082s] Level 1:colcon.colcon_core.package_identification:_identify(src/ack_robot_description) by extension 'colcon_meta'
[1.082s] Level 1:colcon.colcon_core.package_identification:_identify(src/ack_robot_description) by extensions ['ros']
[1.082s] Level 1:colcon.colcon_core.package_identification:_identify(src/ack_robot_description) by extension 'ros'
[1.083s] DEBUG:colcon.colcon_core.package_identification:Package 'src/ack_robot_description' with type 'ros.ament_cmake' and name 'ack_robot_description'
[1.083s] Level 1:colcon.colcon_core.package_identification:_identify(src/build) by extensions ['ignore', 'ignore_ament_install']
[1.083s] Level 1:colcon.colcon_core.package_identification:_identify(src/build) by extension 'ignore'
[1.083s] Level 1:colcon.colcon_core.package_identification:_identify(src/build) ignored
[1.083s] Level 1:colcon.colcon_core.package_identification:_identify(src/install) by extensions ['ignore', 'ignore_ament_install']
[1.083s] Level 1:colcon.colcon_core.package_identification:_identify(src/install) by extension 'ignore'
[1.083s] Level 1:colcon.colcon_core.package_identification:_identify(src/install) ignored
[1.083s] Level 1:colcon.colcon_core.package_identification:_identify(src/log) by extensions ['ignore', 'ignore_ament_install']
[1.083s] Level 1:colcon.colcon_core.package_identification:_identify(src/log) by extension 'ignore'
[1.083s] Level 1:colcon.colcon_core.package_identification:_identify(src/log) ignored
[1.084s] Level 1:colcon.colcon_core.package_discovery:discover_packages(recursive) using defaults
[1.084s] Level 1:colcon.colcon_core.package_discovery:discover_packages(ignore) discover
[1.084s] Level 1:colcon.colcon_core.package_discovery:discover_packages(ignore) using defaults
[1.084s] Level 1:colcon.colcon_core.package_discovery:discover_packages(path) discover
[1.084s] Level 1:colcon.colcon_core.package_discovery:discover_packages(path) using defaults
[1.178s] Level 1:colcon.colcon_core.package_discovery:discover_packages(prefix_path) check parameters
[1.178s] Level 1:colcon.colcon_core.package_discovery:discover_packages(prefix_path) discover
[1.225s] DEBUG:colcon.colcon_installed_package_information.package_discovery:Found 2 installed packages in /home/emred/ackerman_ws/install
[1.241s] DEBUG:colcon.colcon_installed_package_information.package_discovery:Found 5 installed packages in /home/emred/tas-gps/install
[1.257s] DEBUG:colcon.colcon_installed_package_information.package_discovery:Found 452 installed packages in /opt/ros/humble
[1.259s] Level 1:colcon.colcon_core.package_discovery:discover_packages(prefix_path) using defaults
[1.378s] Level 5:colcon.colcon_core.verb:set package 'ack_robot_bringup' build argument 'cmake_args' from command line to 'None'
[1.378s] Level 5:colcon.colcon_core.verb:set package 'ack_robot_bringup' build argument 'cmake_target' from command line to 'None'
[1.378s] Level 5:colcon.colcon_core.verb:set package 'ack_robot_bringup' build argument 'cmake_target_skip_unavailable' from command line to 'False'
[1.378s] Level 5:colcon.colcon_core.verb:set package 'ack_robot_bringup' build argument 'cmake_clean_cache' from command line to 'False'
[1.378s] Level 5:colcon.colcon_core.verb:set package 'ack_robot_bringup' build argument 'cmake_clean_first' from command line to 'False'
[1.378s] Level 5:colcon.colcon_core.verb:set package 'ack_robot_bringup' build argument 'cmake_force_configure' from command line to 'False'
[1.378s] Level 5:colcon.colcon_core.verb:set package 'ack_robot_bringup' build argument 'ament_cmake_args' from command line to 'None'
[1.378s] Level 5:colcon.colcon_core.verb:set package 'ack_robot_bringup' build argument 'catkin_cmake_args' from command line to 'None'
[1.378s] Level 5:colcon.colcon_core.verb:set package 'ack_robot_bringup' build argument 'catkin_skip_building_tests' from command line to 'False'
[1.378s] DEBUG:colcon.colcon_core.verb:Building package 'ack_robot_bringup' with the following arguments: {'ament_cmake_args': None, 'build_base': '/home/emred/ackerman_ws/build/ack_robot_bringup', 'catkin_cmake_args': None, 'catkin_skip_building_tests': False, 'cmake_args': None, 'cmake_clean_cache': False, 'cmake_clean_first': False, 'cmake_force_configure': False, 'cmake_target': None, 'cmake_target_skip_unavailable': False, 'install_base': '/home/emred/ackerman_ws/install/ack_robot_bringup', 'merge_install': False, 'path': '/home/emred/ackerman_ws/src/ack_robot_bringup', 'symlink_install': False, 'test_result_base': None}
[1.392s] Level 5:colcon.colcon_core.verb:set package 'ack_robot_description' build argument 'cmake_args' from command line to 'None'
[1.392s] Level 5:colcon.colcon_core.verb:set package 'ack_robot_description' build argument 'cmake_target' from command line to 'None'
[1.392s] Level 5:colcon.colcon_core.verb:set package 'ack_robot_description' build argument 'cmake_target_skip_unavailable' from command line to 'False'
[1.392s] Level 5:colcon.colcon_core.verb:set package 'ack_robot_description' build argument 'cmake_clean_cache' from command line to 'False'
[1.392s] Level 5:colcon.colcon_core.verb:set package 'ack_robot_description' build argument 'cmake_clean_first' from command line to 'False'
[1.392s] Level 5:colcon.colcon_core.verb:set package 'ack_robot_description' build argument 'cmake_force_configure' from command line to 'False'
[1.392s] Level 5:colcon.colcon_core.verb:set package 'ack_robot_description' build argument 'ament_cmake_args' from command line to 'None'
[1.392s] Level 5:colcon.colcon_core.verb:set package 'ack_robot_description' build argument 'catkin_cmake_args' from command line to 'None'
[1.393s] Level 5:colcon.colcon_core.verb:set package 'ack_robot_description' build argument 'catkin_skip_building_tests' from command line to 'False'
[1.393s] DEBUG:colcon.colcon_core.verb:Building package 'ack_robot_description' with the following arguments: {'ament_cmake_args': None, 'build_base': '/home/emred/ackerman_ws/build/ack_robot_description', 'catkin_cmake_args': None, 'catkin_skip_building_tests': False, 'cmake_args': None, 'cmake_clean_cache': False, 'cmake_clean_first': False, 'cmake_force_configure': False, 'cmake_target': None, 'cmake_target_skip_unavailable': False, 'install_base': '/home/emred/ackerman_ws/install/ack_robot_description', 'merge_install': False, 'path': '/home/emred/ackerman_ws/src/ack_robot_description', 'symlink_install': False, 'test_result_base': None}
[1.406s] INFO:colcon.colcon_core.executor:Executing jobs using 'parallel' executor
[1.421s] DEBUG:colcon.colcon_parallel_executor.executor.parallel:run_until_complete
[1.421s] INFO:colcon.colcon_ros.task.ament_cmake.build:Building ROS package in '/home/emred/ackerman_ws/src/ack_robot_bringup' with build type 'ament_cmake'
[1.421s] INFO:colcon.colcon_cmake.task.cmake.build:Building CMake package in '/home/emred/ackerman_ws/src/ack_robot_bringup'
[1.445s] INFO:colcon.colcon_core.plugin_system:Skipping extension 'colcon_core.shell.bat': Not used on non-Windows systems
[1.446s] INFO:colcon.colcon_core.shell:Skip shell extension 'powershell' for command environment: Not usable outside of PowerShell
[1.446s] DEBUG:colcon.colcon_core.shell:Skip shell extension 'dsv' for command environment
[1.506s] INFO:colcon.colcon_ros.task.ament_cmake.build:Building ROS package in '/home/emred/ackerman_ws/src/ack_robot_description' with build type 'ament_cmake'
[1.506s] INFO:colcon.colcon_cmake.task.cmake.build:Building CMake package in '/home/emred/ackerman_ws/src/ack_robot_description'
[1.522s] INFO:colcon.colcon_core.shell:Skip shell extension 'powershell' for command environment: Not usable outside of PowerShell
[1.522s] DEBUG:colcon.colcon_core.shell:Skip shell extension 'dsv' for command environment
[1.587s] DEBUG:colcon.colcon_core.event_handler.log_command:Invoking command in '/home/emred/ackerman_ws/build/ack_robot_bringup': CMAKE_PREFIX_PATH=${CMAKE_PREFIX_PATH}:/home/emred/tas-gps/install/nav2_project:/home/emred/tas-gps/install/moveon_control:/opt/ros/humble /usr/bin/cmake --build /home/emred/ackerman_ws/build/ack_robot_bringup -- -j16 -l16
[1.594s] DEBUG:colcon.colcon_core.event_handler.log_command:Invoking command in '/home/emred/ackerman_ws/build/ack_robot_description': CMAKE_PREFIX_PATH=${CMAKE_PREFIX_PATH}:/home/emred/tas-gps/install/nav2_project:/home/emred/tas-gps/install/moveon_control:/opt/ros/humble /usr/bin/cmake --build /home/emred/ackerman_ws/build/ack_robot_description -- -j16 -l16
[1.643s] DEBUG:colcon.colcon_core.event_handler.log_command:Invoked command in '/home/emred/ackerman_ws/build/ack_robot_bringup' returned '0': CMAKE_PREFIX_PATH=${CMAKE_PREFIX_PATH}:/home/emred/tas-gps/install/nav2_project:/home/emred/tas-gps/install/moveon_control:/opt/ros/humble /usr/bin/cmake --build /home/emred/ackerman_ws/build/ack_robot_bringup -- -j16 -l16
[1.652s] DEBUG:colcon.colcon_core.event_handler.log_command:Invoked command in '/home/emred/ackerman_ws/build/ack_robot_description' returned '0': CMAKE_PREFIX_PATH=${CMAKE_PREFIX_PATH}:/home/emred/tas-gps/install/nav2_project:/home/emred/tas-gps/install/moveon_control:/opt/ros/humble /usr/bin/cmake --build /home/emred/ackerman_ws/build/ack_robot_description -- -j16 -l16
[1.686s] DEBUG:colcon.colcon_core.event_handler.log_command:Invoking command in '/home/emred/ackerman_ws/build/ack_robot_bringup': CMAKE_PREFIX_PATH=${CMAKE_PREFIX_PATH}:/home/emred/tas-gps/install/nav2_project:/home/emred/tas-gps/install/moveon_control:/opt/ros/humble /usr/bin/cmake --install /home/emred/ackerman_ws/build/ack_robot_bringup
[1.689s] DEBUG:colcon.colcon_core.event_handler.log_command:Invoking command in '/home/emred/ackerman_ws/build/ack_robot_description': CMAKE_PREFIX_PATH=${CMAKE_PREFIX_PATH}:/home/emred/tas-gps/install/nav2_project:/home/emred/tas-gps/install/moveon_control:/opt/ros/humble /usr/bin/cmake --install /home/emred/ackerman_ws/build/ack_robot_description
[1.698s] Level 1:colcon.colcon_core.environment:create_environment_scripts_only(ack_robot_bringup)
[1.700s] DEBUG:colcon.colcon_core.event_handler.log_command:Invoked command in '/home/emred/ackerman_ws/build/ack_robot_bringup' returned '0': CMAKE_PREFIX_PATH=${CMAKE_PREFIX_PATH}:/home/emred/tas-gps/install/nav2_project:/home/emred/tas-gps/install/moveon_control:/opt/ros/humble /usr/bin/cmake --install /home/emred/ackerman_ws/build/ack_robot_bringup
[1.720s] Level 1:colcon.colcon_core.environment:checking '/home/emred/ackerman_ws/install/ack_robot_bringup' for CMake module files
[1.720s] Level 1:colcon.colcon_core.environment:checking '/home/emred/ackerman_ws/install/ack_robot_bringup' for CMake config files
[1.720s] Level 1:colcon.colcon_core.shell:create_environment_hook('ack_robot_bringup', 'cmake_prefix_path')
[1.735s] INFO:colcon.colcon_core.shell:Creating environment hook '/home/emred/ackerman_ws/install/ack_robot_bringup/share/ack_robot_bringup/hook/cmake_prefix_path.ps1'
[1.736s] INFO:colcon.colcon_core.shell:Creating environment descriptor '/home/emred/ackerman_ws/install/ack_robot_bringup/share/ack_robot_bringup/hook/cmake_prefix_path.dsv'
[1.736s] INFO:colcon.colcon_core.shell:Creating environment hook '/home/emred/ackerman_ws/install/ack_robot_bringup/share/ack_robot_bringup/hook/cmake_prefix_path.sh'
[1.737s] Level 1:colcon.colcon_core.environment:checking '/home/emred/ackerman_ws/install/ack_robot_bringup/bin'
[1.737s] Level 1:colcon.colcon_core.environment:checking '/home/emred/ackerman_ws/install/ack_robot_bringup/lib/pkgconfig/ack_robot_bringup.pc'
[1.737s] Level 1:colcon.colcon_core.environment:checking '/home/emred/ackerman_ws/install/ack_robot_bringup/lib/python3.10/site-packages'
[1.737s] Level 1:colcon.colcon_core.environment:checking '/home/emred/ackerman_ws/install/ack_robot_bringup/bin'
[1.751s] INFO:colcon.colcon_core.shell:Creating package script '/home/emred/ackerman_ws/install/ack_robot_bringup/share/ack_robot_bringup/package.ps1'
[1.753s] INFO:colcon.colcon_core.shell:Creating package descriptor '/home/emred/ackerman_ws/install/ack_robot_bringup/share/ack_robot_bringup/package.dsv'
[1.753s] INFO:colcon.colcon_core.shell:Creating package script '/home/emred/ackerman_ws/install/ack_robot_bringup/share/ack_robot_bringup/package.sh'
[1.754s] INFO:colcon.colcon_core.shell:Creating package script '/home/emred/ackerman_ws/install/ack_robot_bringup/share/ack_robot_bringup/package.bash'
[1.755s] INFO:colcon.colcon_core.shell:Creating package script '/home/emred/ackerman_ws/install/ack_robot_bringup/share/ack_robot_bringup/package.zsh'
[1.756s] Level 1:colcon.colcon_core.environment:create_file_with_runtime_dependencies(/home/emred/ackerman_ws/install/ack_robot_bringup/share/colcon-core/packages/ack_robot_bringup)
[1.757s] Level 1:colcon.colcon_core.environment:create_environment_scripts_only(ack_robot_description)
[1.758s] DEBUG:colcon.colcon_core.event_handler.log_command:Invoked command in '/home/emred/ackerman_ws/build/ack_robot_description' returned '0': CMAKE_PREFIX_PATH=${CMAKE_PREFIX_PATH}:/home/emred/tas-gps/install/nav2_project:/home/emred/tas-gps/install/moveon_control:/opt/ros/humble /usr/bin/cmake --install /home/emred/ackerman_ws/build/ack_robot_description
[1.772s] Level 1:colcon.colcon_core.environment:checking '/home/emred/ackerman_ws/install/ack_robot_description' for CMake module files
[1.773s] Level 1:colcon.colcon_core.environment:checking '/home/emred/ackerman_ws/install/ack_robot_description' for CMake config files
[1.773s] Level 1:colcon.colcon_core.shell:create_environment_hook('ack_robot_description', 'cmake_prefix_path')
[1.787s] INFO:colcon.colcon_core.shell:Creating environment hook '/home/emred/ackerman_ws/install/ack_robot_description/share/ack_robot_description/hook/cmake_prefix_path.ps1'
[1.788s] INFO:colcon.colcon_core.shell:Creating environment descriptor '/home/emred/ackerman_ws/install/ack_robot_description/share/ack_robot_description/hook/cmake_prefix_path.dsv'
[1.788s] INFO:colcon.colcon_core.shell:Creating environment hook '/home/emred/ackerman_ws/install/ack_robot_description/share/ack_robot_description/hook/cmake_prefix_path.sh'
[1.788s] Level 1:colcon.colcon_core.environment:checking '/home/emred/ackerman_ws/install/ack_robot_description/bin'
[1.788s] Level 1:colcon.colcon_core.environment:checking '/home/emred/ackerman_ws/install/ack_robot_description/lib/pkgconfig/ack_robot_description.pc'
[1.789s] Level 1:colcon.colcon_core.environment:checking '/home/emred/ackerman_ws/install/ack_robot_description/lib/python3.10/site-packages'
[1.789s] Level 1:colcon.colcon_core.environment:checking '/home/emred/ackerman_ws/install/ack_robot_description/bin'
[1.804s] INFO:colcon.colcon_core.shell:Creating package script '/home/emred/ackerman_ws/install/ack_robot_description/share/ack_robot_description/package.ps1'
[1.804s] INFO:colcon.colcon_core.shell:Creating package descriptor '/home/emred/ackerman_ws/install/ack_robot_description/share/ack_robot_description/package.dsv'
[1.805s] INFO:colcon.colcon_core.shell:Creating package script '/home/emred/ackerman_ws/install/ack_robot_description/share/ack_robot_description/package.sh'
[1.805s] INFO:colcon.colcon_core.shell:Creating package script '/home/emred/ackerman_ws/install/ack_robot_description/share/ack_robot_description/package.bash'
[1.805s] INFO:colcon.colcon_core.shell:Creating package script '/home/emred/ackerman_ws/install/ack_robot_description/share/ack_robot_description/package.zsh'
[1.805s] Level 1:colcon.colcon_core.environment:create_file_with_runtime_dependencies(/home/emred/ackerman_ws/install/ack_robot_description/share/colcon-core/packages/ack_robot_description)
[1.822s] Level 1:colcon.colcon_core.environment:create_environment_scripts_only(ack_robot_bringup)
[1.838s] Level 1:colcon.colcon_core.environment:checking '/home/emred/ackerman_ws/install/ack_robot_bringup' for CMake module files
[1.838s] Level 1:colcon.colcon_core.environment:checking '/home/emred/ackerman_ws/install/ack_robot_bringup' for CMake config files
[1.838s] Level 1:colcon.colcon_core.shell:create_environment_hook('ack_robot_bringup', 'cmake_prefix_path')
[1.852s] INFO:colcon.colcon_core.shell:Creating environment hook '/home/emred/ackerman_ws/install/ack_robot_bringup/share/ack_robot_bringup/hook/cmake_prefix_path.ps1'
[1.853s] INFO:colcon.colcon_core.shell:Creating environment descriptor '/home/emred/ackerman_ws/install/ack_robot_bringup/share/ack_robot_bringup/hook/cmake_prefix_path.dsv'
[1.853s] INFO:colcon.colcon_core.shell:Creating environment hook '/home/emred/ackerman_ws/install/ack_robot_bringup/share/ack_robot_bringup/hook/cmake_prefix_path.sh'
[1.854s] Level 1:colcon.colcon_core.environment:checking '/home/emred/ackerman_ws/install/ack_robot_bringup/bin'
[1.854s] Level 1:colcon.colcon_core.environment:checking '/home/emred/ackerman_ws/install/ack_robot_bringup/lib/pkgconfig/ack_robot_bringup.pc'
[1.854s] Level 1:colcon.colcon_core.environment:checking '/home/emred/ackerman_ws/install/ack_robot_bringup/lib/python3.10/site-packages'
[1.854s] Level 1:colcon.colcon_core.environment:checking '/home/emred/ackerman_ws/install/ack_robot_bringup/bin'
[1.868s] INFO:colcon.colcon_core.shell:Creating package script '/home/emred/ackerman_ws/install/ack_robot_bringup/share/ack_robot_bringup/package.ps1'
[1.869s] INFO:colcon.colcon_core.shell:Creating package descriptor '/home/emred/ackerman_ws/install/ack_robot_bringup/share/ack_robot_bringup/package.dsv'
[1.869s] INFO:colcon.colcon_core.shell:Creating package script '/home/emred/ackerman_ws/install/ack_robot_bringup/share/ack_robot_bringup/package.sh'
[1.870s] INFO:colcon.colcon_core.shell:Creating package script '/home/emred/ackerman_ws/install/ack_robot_bringup/share/ack_robot_bringup/package.bash'
[1.870s] INFO:colcon.colcon_core.shell:Creating package script '/home/emred/ackerman_ws/install/ack_robot_bringup/share/ack_robot_bringup/package.zsh'
[1.870s] Level 1:colcon.colcon_core.environment:create_file_with_runtime_dependencies(/home/emred/ackerman_ws/install/ack_robot_bringup/share/colcon-core/packages/ack_robot_bringup)
[1.886s] Level 1:colcon.colcon_core.environment:create_environment_scripts_only(ack_robot_description)
[1.900s] Level 1:colcon.colcon_core.environment:checking '/home/emred/ackerman_ws/install/ack_robot_description' for CMake module files
[1.900s] Level 1:colcon.colcon_core.environment:checking '/home/emred/ackerman_ws/install/ack_robot_description' for CMake config files
[1.901s] Level 1:colcon.colcon_core.shell:create_environment_hook('ack_robot_description', 'cmake_prefix_path')
[1.915s] INFO:colcon.colcon_core.shell:Creating environment hook '/home/emred/ackerman_ws/install/ack_robot_description/share/ack_robot_description/hook/cmake_prefix_path.ps1'
[1.915s] INFO:colcon.colcon_core.shell:Creating environment descriptor '/home/emred/ackerman_ws/install/ack_robot_description/share/ack_robot_description/hook/cmake_prefix_path.dsv'
[1.916s] INFO:colcon.colcon_core.shell:Creating environment hook '/home/emred/ackerman_ws/install/ack_robot_description/share/ack_robot_description/hook/cmake_prefix_path.sh'
[1.916s] Level 1:colcon.colcon_core.environment:checking '/home/emred/ackerman_ws/install/ack_robot_description/bin'
[1.916s] Level 1:colcon.colcon_core.environment:checking '/home/emred/ackerman_ws/install/ack_robot_description/lib/pkgconfig/ack_robot_description.pc'
[1.916s] Level 1:colcon.colcon_core.environment:checking '/home/emred/ackerman_ws/install/ack_robot_description/lib/python3.10/site-packages'
[1.916s] Level 1:colcon.colcon_core.environment:checking '/home/emred/ackerman_ws/install/ack_robot_description/bin'
[1.931s] INFO:colcon.colcon_core.shell:Creating package script '/home/emred/ackerman_ws/install/ack_robot_description/share/ack_robot_description/package.ps1'
[1.931s] INFO:colcon.colcon_core.shell:Creating package descriptor '/home/emred/ackerman_ws/install/ack_robot_description/share/ack_robot_description/package.dsv'
[1.932s] INFO:colcon.colcon_core.shell:Creating package script '/home/emred/ackerman_ws/install/ack_robot_description/share/ack_robot_description/package.sh'
[1.932s] INFO:colcon.colcon_core.shell:Creating package script '/home/emred/ackerman_ws/install/ack_robot_description/share/ack_robot_description/package.bash'
[1.933s] INFO:colcon.colcon_core.shell:Creating package script '/home/emred/ackerman_ws/install/ack_robot_description/share/ack_robot_description/package.zsh'
[1.933s] Level 1:colcon.colcon_core.environment:create_file_with_runtime_dependencies(/home/emred/ackerman_ws/install/ack_robot_description/share/colcon-core/packages/ack_robot_description)
[1.934s] DEBUG:colcon.colcon_parallel_executor.executor.parallel:closing loop
[1.934s] DEBUG:colcon.colcon_parallel_executor.executor.parallel:loop closed
[1.934s] DEBUG:colcon.colcon_parallel_executor.executor.parallel:run_until_complete finished with '0'
[1.934s] DEBUG:colcon.colcon_core.event_reactor:joining thread
[1.977s] INFO:colcon.colcon_core.plugin_system:Skipping extension 'colcon_notification.desktop_notification.terminal_notifier': Not used on non-Darwin systems
[1.978s] INFO:colcon.colcon_core.plugin_system:Skipping extension 'colcon_notification.desktop_notification.win32': Not used on non-Windows systems
[1.978s] INFO:colcon.colcon_notification.desktop_notification:Sending desktop notification using 'notify2'
[1.997s] DEBUG:colcon.colcon_core.event_reactor:joined thread
[2.013s] INFO:colcon.colcon_core.shell:Creating prefix script '/home/emred/ackerman_ws/install/local_setup.ps1'
[2.014s] INFO:colcon.colcon_core.shell:Creating prefix util module '/home/emred/ackerman_ws/install/_local_setup_util_ps1.py'
[2.016s] INFO:colcon.colcon_core.shell:Creating prefix chain script '/home/emred/ackerman_ws/install/setup.ps1'
[2.031s] INFO:colcon.colcon_core.shell:Creating prefix script '/home/emred/ackerman_ws/install/local_setup.sh'
[2.032s] INFO:colcon.colcon_core.shell:Creating prefix util module '/home/emred/ackerman_ws/install/_local_setup_util_sh.py'
[2.033s] INFO:colcon.colcon_core.shell:Creating prefix chain script '/home/emred/ackerman_ws/install/setup.sh'
[2.049s] INFO:colcon.colcon_core.shell:Creating prefix script '/home/emred/ackerman_ws/install/local_setup.bash'
[2.049s] INFO:colcon.colcon_core.shell:Creating prefix chain script '/home/emred/ackerman_ws/install/setup.bash'
[2.065s] INFO:colcon.colcon_core.shell:Creating prefix script '/home/emred/ackerman_ws/install/local_setup.zsh'
[2.065s] INFO:colcon.colcon_core.shell:Creating prefix chain script '/home/emred/ackerman_ws/install/setup.zsh'
