[0.170s] Invoking command in '/home/emred/ackerman_ws/build/ack_robot_bringup': CMAKE_PREFIX_PATH=${CMAKE_PREFIX_PATH}:/home/emred/tas-gps/install/nav2_project:/home/emred/tas-gps/install/moveon_control:/opt/ros/humble /usr/bin/cmake --build /home/emred/ackerman_ws/build/ack_robot_bringup -- -j16 -l16
[0.220s] -- Found ament_cmake: 1.3.8 (/opt/ros/humble/share/ament_cmake/cmake)
[0.434s] -- Configuring done
[0.443s] -- Generating done
[0.445s] -- Build files have been written to: /home/emred/ackerman_ws/build/ack_robot_bringup
[0.487s] Invoked command in '/home/emred/ackerman_ws/build/ack_robot_bringup' returned '0': CMAKE_PREFIX_PATH=${CMAKE_PREFIX_PATH}:/home/emred/tas-gps/install/nav2_project:/home/emred/tas-gps/install/moveon_control:/opt/ros/humble /usr/bin/cmake --build /home/emred/ackerman_ws/build/ack_robot_bringup -- -j16 -l16
[0.539s] Invoking command in '/home/emred/ackerman_ws/build/ack_robot_bringup': CMAKE_PREFIX_PATH=${CMAKE_PREFIX_PATH}:/home/emred/tas-gps/install/nav2_project:/home/emred/tas-gps/install/moveon_control:/opt/ros/humble /usr/bin/cmake --install /home/emred/ackerman_ws/build/ack_robot_bringup
[0.549s] -- Install configuration: ""
[0.549s] -- Up-to-date: /home/emred/ackerman_ws/install/ack_robot_bringup/share/ack_robot_bringup//launch
[0.549s] -- Up-to-date: /home/emred/ackerman_ws/install/ack_robot_bringup/share/ack_robot_bringup//launch/my_robot_gazebo.launch.xml
[0.550s] -- Up-to-date: /home/emred/ackerman_ws/install/ack_robot_bringup/share/ament_index/resource_index/package_run_dependencies/ack_robot_bringup
[0.550s] -- Up-to-date: /home/emred/ackerman_ws/install/ack_robot_bringup/share/ament_index/resource_index/parent_prefix_path/ack_robot_bringup
[0.550s] -- Installing: /home/emred/ackerman_ws/install/ack_robot_bringup/share/ack_robot_bringup/environment/ament_prefix_path.sh
[0.550s] -- Installing: /home/emred/ackerman_ws/install/ack_robot_bringup/share/ack_robot_bringup/environment/ament_prefix_path.dsv
[0.550s] -- Installing: /home/emred/ackerman_ws/install/ack_robot_bringup/share/ack_robot_bringup/environment/path.sh
[0.550s] -- Installing: /home/emred/ackerman_ws/install/ack_robot_bringup/share/ack_robot_bringup/environment/path.dsv
[0.550s] -- Up-to-date: /home/emred/ackerman_ws/install/ack_robot_bringup/share/ack_robot_bringup/local_setup.bash
[0.550s] -- Up-to-date: /home/emred/ackerman_ws/install/ack_robot_bringup/share/ack_robot_bringup/local_setup.sh
[0.550s] -- Up-to-date: /home/emred/ackerman_ws/install/ack_robot_bringup/share/ack_robot_bringup/local_setup.zsh
[0.550s] -- Installing: /home/emred/ackerman_ws/install/ack_robot_bringup/share/ack_robot_bringup/local_setup.dsv
[0.550s] -- Installing: /home/emred/ackerman_ws/install/ack_robot_bringup/share/ack_robot_bringup/package.dsv
[0.551s] -- Up-to-date: /home/emred/ackerman_ws/install/ack_robot_bringup/share/ament_index/resource_index/packages/ack_robot_bringup
[0.551s] -- Up-to-date: /home/emred/ackerman_ws/install/ack_robot_bringup/share/ack_robot_bringup/cmake/ack_robot_bringupConfig.cmake
[0.551s] -- Up-to-date: /home/emred/ackerman_ws/install/ack_robot_bringup/share/ack_robot_bringup/cmake/ack_robot_bringupConfig-version.cmake
[0.551s] -- Up-to-date: /home/emred/ackerman_ws/install/ack_robot_bringup/share/ack_robot_bringup/package.xml
[0.553s] Invoked command in '/home/emred/ackerman_ws/build/ack_robot_bringup' returned '0': CMAKE_PREFIX_PATH=${CMAKE_PREFIX_PATH}:/home/emred/tas-gps/install/nav2_project:/home/emred/tas-gps/install/moveon_control:/opt/ros/humble /usr/bin/cmake --install /home/emred/ackerman_ws/build/ack_robot_bringup
