[0.309s] Invoking command in '/home/emred/ackerman_ws/src/build/mybot_control': /usr/bin/cmake /home/emred/ackerman_ws/src/mybot_ws/src/mybot_control -DCATKIN_INSTALL_INTO_PREFIX_ROOT=0 -DCMAKE_INSTALL_PREFIX=/home/emred/ackerman_ws/src/install/mybot_control
[0.324s] [0mCMake Deprecation Warning at CMakeLists.txt:1 (cmake_minimum_required):
[0.324s]   Compatibility with CMake < 2.8.12 will be removed from a future version of
[0.325s]   CMake.
[0.325s] 
[0.325s]   Update the VERSION argument <min> value or use a ...<max> suffix to tell
[0.325s]   CMake that the project does not need compatibility with older versions.
[0.325s] 
[0.325s] [0m
[0.443s] -- The C compiler identification is GNU 11.4.0
[0.569s] -- The CXX compiler identification is GNU 11.4.0
[0.580s] -- Detecting C compiler ABI info
[0.697s] -- Detecting C compiler ABI info - done
[0.704s] -- Check for working C compiler: /usr/bin/cc - skipped
[0.704s] -- Detecting C compile features
[0.704s] -- Detecting C compile features - done
[0.707s] -- Detecting CXX compiler ABI info
[0.837s] -- Detecting CXX compiler ABI info - done
[0.846s] -- Check for working CXX compiler: /usr/bin/c++ - skipped
[0.846s] -- Detecting CXX compile features
[0.847s] -- Detecting CXX compile features - done
[0.867s] [31mCMake Error at CMakeLists.txt:7 (find_package):
[0.868s]   By not providing "Findcatkin.cmake" in CMAKE_MODULE_PATH this project has
[0.868s]   asked CMake to find a package configuration file provided by "catkin", but
[0.868s]   CMake did not find one.
[0.868s] 
[0.869s]   Could not find a package configuration file provided by "catkin" with any
[0.869s]   of the following names:
[0.869s] 
[0.869s]     catkinConfig.cmake
[0.869s]     catkin-config.cmake
[0.869s] 
[0.869s]   Add the installation prefix of "catkin" to CMAKE_PREFIX_PATH or set
[0.869s]   "catkin_DIR" to a directory containing one of the above files.  If "catkin"
[0.869s]   provides a separate development package or SDK, be sure it has been
[0.869s]   installed.
[0.869s] 
[0.870s] [0m
[0.870s] -- Configuring incomplete, errors occurred!
[0.871s] See also "/home/emred/ackerman_ws/src/build/mybot_control/CMakeFiles/CMakeOutput.log".
