[0.164s] Invoking command in '/home/emred/ackerman_ws/src/build/mybot_gazebo': /usr/bin/cmake /home/emred/ackerman_ws/src/mybot_ws/src/mybot_gazebo -DCATKIN_INSTALL_INTO_PREFIX_ROOT=0 -DCMAKE_INSTALL_PREFIX=/home/emred/ackerman_ws/src/install/mybot_gazebo
[0.172s] [0mCMake Deprecation Warning at CMakeLists.txt:1 (cmake_minimum_required):
[0.172s]   Compatibility with CMake < 2.8.12 will be removed from a future version of
[0.172s]   CMake.
[0.172s] 
[0.172s]   Update the VERSION argument <min> value or use a ...<max> suffix to tell
[0.172s]   CMake that the project does not need compatibility with older versions.
[0.172s] 
[0.172s] [0m
[0.296s] -- The C compiler identification is GNU 11.4.0
[0.410s] -- The CXX compiler identification is GNU 11.4.0
[0.421s] -- Detecting C compiler ABI info
[0.535s] -- Detecting C compiler ABI info - done
[0.544s] -- Check for working C compiler: /usr/bin/cc - skipped
[0.545s] -- Detecting C compile features
[0.545s] -- Detecting C compile features - done
[0.548s] -- Detecting CXX compiler ABI info
[0.671s] -- Detecting CXX compiler ABI info - done
[0.680s] -- Check for working CXX compiler: /usr/bin/c++ - skipped
[0.680s] -- Detecting CXX compile features
[0.681s] -- Detecting CXX compile features - done
[0.696s] [31mCMake Error at CMakeLists.txt:7 (find_package):
[0.697s]   By not providing "Findcatkin.cmake" in CMAKE_MODULE_PATH this project has
[0.697s]   asked CMake to find a package configuration file provided by "catkin", but
[0.697s]   CMake did not find one.
[0.697s] 
[0.697s]   Could not find a package configuration file provided by "catkin" with any
[0.697s]   of the following names:
[0.697s] 
[0.697s]     catkinConfig.cmake
[0.697s]     catkin-config.cmake
[0.697s] 
[0.697s]   Add the installation prefix of "catkin" to CMAKE_PREFIX_PATH or set
[0.697s]   "catkin_DIR" to a directory containing one of the above files.  If "catkin"
[0.697s]   provides a separate development package or SDK, be sure it has been
[0.697s]   installed.
[0.698s] 
[0.698s] [0m
[0.698s] -- Configuring incomplete, errors occurred!
[0.698s] See also "/home/emred/ackerman_ws/src/build/mybot_gazebo/CMakeFiles/CMakeOutput.log".
[0.704s] Invoked command in '/home/emred/ackerman_ws/src/build/mybot_gazebo' returned '1': /usr/bin/cmake /home/emred/ackerman_ws/src/mybot_ws/src/mybot_gazebo -DCATKIN_INSTALL_INTO_PREFIX_ROOT=0 -DCMAKE_INSTALL_PREFIX=/home/emred/ackerman_ws/src/install/mybot_gazebo
