[0.083s] Invoking command in '/home/emred/ackerman_ws/build/ack_robot_description': CMAKE_PREFIX_PATH=${CMAKE_PREFIX_PATH}:/home/emred/tas-gps/install/nav2_project:/home/emred/tas-gps/install/moveon_control:/opt/ros/humble /usr/bin/cmake --build /home/emred/ackerman_ws/build/ack_robot_description -- -j16 -l16
[0.178s] Invoked command in '/home/emred/ackerman_ws/build/ack_robot_description' returned '0': CMAKE_PREFIX_PATH=${CMAKE_PREFIX_PATH}:/home/emred/tas-gps/install/nav2_project:/home/emred/tas-gps/install/moveon_control:/opt/ros/humble /usr/bin/cmake --build /home/emred/ackerman_ws/build/ack_robot_description -- -j16 -l16
[0.306s] Invoking command in '/home/emred/ackerman_ws/build/ack_robot_description': CMAKE_PREFIX_PATH=${CMAKE_PREFIX_PATH}:/home/emred/tas-gps/install/nav2_project:/home/emred/tas-gps/install/moveon_control:/opt/ros/humble /usr/bin/cmake --install /home/emred/ackerman_ws/build/ack_robot_description
[0.314s] -- Install configuration: ""
[0.314s] -- Up-to-date: /home/emred/ackerman_ws/install/ack_robot_description/share/ack_robot_description//urdf
[0.314s] -- Up-to-date: /home/emred/ackerman_ws/install/ack_robot_description/share/ack_robot_description//urdf/traktor.urdf
[0.315s] -- Up-to-date: /home/emred/ackerman_ws/install/ack_robot_description/share/ack_robot_description//launch
[0.315s] -- Up-to-date: /home/emred/ackerman_ws/install/ack_robot_description/share/ack_robot_description//launch/display.launch.xml
[0.315s] -- Up-to-date: /home/emred/ackerman_ws/install/ack_robot_description/share/ack_robot_description//rviz
[0.315s] -- Up-to-date: /home/emred/ackerman_ws/install/ack_robot_description/share/ack_robot_description//rviz/urdf_config.rviz
[0.315s] -- Up-to-date: /home/emred/ackerman_ws/install/ack_robot_description/share/ament_index/resource_index/package_run_dependencies/ack_robot_description
[0.315s] -- Up-to-date: /home/emred/ackerman_ws/install/ack_robot_description/share/ament_index/resource_index/parent_prefix_path/ack_robot_description
[0.315s] -- Up-to-date: /home/emred/ackerman_ws/install/ack_robot_description/share/ack_robot_description/environment/ament_prefix_path.sh
[0.315s] -- Up-to-date: /home/emred/ackerman_ws/install/ack_robot_description/share/ack_robot_description/environment/ament_prefix_path.dsv
[0.315s] -- Up-to-date: /home/emred/ackerman_ws/install/ack_robot_description/share/ack_robot_description/environment/path.sh
[0.316s] -- Up-to-date: /home/emred/ackerman_ws/install/ack_robot_description/share/ack_robot_description/environment/path.dsv
[0.316s] -- Up-to-date: /home/emred/ackerman_ws/install/ack_robot_description/share/ack_robot_description/local_setup.bash
[0.316s] -- Up-to-date: /home/emred/ackerman_ws/install/ack_robot_description/share/ack_robot_description/local_setup.sh
[0.316s] -- Up-to-date: /home/emred/ackerman_ws/install/ack_robot_description/share/ack_robot_description/local_setup.zsh
[0.316s] -- Up-to-date: /home/emred/ackerman_ws/install/ack_robot_description/share/ack_robot_description/local_setup.dsv
[0.316s] -- Installing: /home/emred/ackerman_ws/install/ack_robot_description/share/ack_robot_description/package.dsv
[0.316s] -- Up-to-date: /home/emred/ackerman_ws/install/ack_robot_description/share/ament_index/resource_index/packages/ack_robot_description
[0.317s] -- Up-to-date: /home/emred/ackerman_ws/install/ack_robot_description/share/ack_robot_description/cmake/ack_robot_descriptionConfig.cmake
[0.317s] -- Up-to-date: /home/emred/ackerman_ws/install/ack_robot_description/share/ack_robot_description/cmake/ack_robot_descriptionConfig-version.cmake
[0.318s] -- Up-to-date: /home/emred/ackerman_ws/install/ack_robot_description/share/ack_robot_description/package.xml
[0.318s] Invoked command in '/home/emred/ackerman_ws/build/ack_robot_description' returned '0': CMAKE_PREFIX_PATH=${CMAKE_PREFIX_PATH}:/home/emred/tas-gps/install/nav2_project:/home/emred/tas-gps/install/moveon_control:/opt/ros/humble /usr/bin/cmake --install /home/emred/ackerman_ws/build/ack_robot_description
