[0.962s] DEBUG:colcon:Command line arguments: ['/usr/bin/colcon', 'build']
[0.962s] DEBUG:colcon:Parsed command line arguments: Namespace(log_base=None, log_level=None, verb_name='build', build_base='build', install_base='install', merge_install=False, symlink_install=False, test_result_base=None, continue_on_error=False, executor='parallel', parallel_workers=16, event_handlers=None, ignore_user_meta=False, metas=['./colcon.meta'], base_paths=['.'], packages_ignore=None, packages_ignore_regex=None, paths=None, packages_up_to=None, packages_up_to_regex=None, packages_above=None, packages_above_and_dependencies=None, packages_above_depth=None, packages_select_by_dep=None, packages_skip_by_dep=None, packages_skip_up_to=None, packages_select_build_failed=False, packages_skip_build_finished=False, packages_select_test_failures=False, packages_skip_test_passed=False, packages_select=None, packages_skip=None, packages_select_regex=None, packages_skip_regex=None, packages_start=None, packages_end=None, allow_overriding=[], cmake_args=None, cmake_target=None, cmake_target_skip_unavailable=False, cmake_clean_cache=False, cmake_clean_first=False, cmake_force_configure=False, ament_cmake_args=None, catkin_cmake_args=None, catkin_skip_building_tests=False, verb_parser=<colcon_defaults.argument_parser.defaults.DefaultArgumentsDecorator object at 0x7f35a84f1840>, verb_extension=<colcon_core.verb.build.BuildVerb object at 0x7f35a84f0280>, main=<bound method BuildVerb.main of <colcon_core.verb.build.BuildVerb object at 0x7f35a84f0280>>)
[1.005s] Level 1:colcon.colcon_core.package_discovery:discover_packages(colcon_meta) check parameters
[1.005s] Level 1:colcon.colcon_core.package_discovery:discover_packages(recursive) check parameters
[1.005s] Level 1:colcon.colcon_core.package_discovery:discover_packages(ignore) check parameters
[1.005s] Level 1:colcon.colcon_core.package_discovery:discover_packages(path) check parameters
[1.005s] Level 1:colcon.colcon_core.package_discovery:discover_packages(colcon_meta) discover
[1.006s] Level 1:colcon.colcon_core.package_discovery:discover_packages(recursive) discover
[1.006s] INFO:colcon.colcon_core.package_discovery:Crawling recursively for packages in '/home/emred/ackerman_ws/src'
[1.006s] Level 1:colcon.colcon_core.package_identification:_identify(.) by extensions ['ignore', 'ignore_ament_install']
[1.006s] Level 1:colcon.colcon_core.package_identification:_identify(.) by extension 'ignore'
[1.006s] Level 1:colcon.colcon_core.package_identification:_identify(.) by extension 'ignore_ament_install'
[1.006s] Level 1:colcon.colcon_core.package_identification:_identify(.) by extensions ['colcon_pkg']
[1.006s] Level 1:colcon.colcon_core.package_identification:_identify(.) by extension 'colcon_pkg'
[1.006s] Level 1:colcon.colcon_core.package_identification:_identify(.) by extensions ['colcon_meta']
[1.006s] Level 1:colcon.colcon_core.package_identification:_identify(.) by extension 'colcon_meta'
[1.006s] Level 1:colcon.colcon_core.package_identification:_identify(.) by extensions ['ros']
[1.006s] Level 1:colcon.colcon_core.package_identification:_identify(.) by extension 'ros'
[1.016s] Level 1:colcon.colcon_core.package_identification:_identify(.) by extensions ['cmake', 'python']
[1.016s] Level 1:colcon.colcon_core.package_identification:_identify(.) by extension 'cmake'
[1.016s] Level 1:colcon.colcon_core.package_identification:_identify(.) by extension 'python'
[1.016s] Level 1:colcon.colcon_core.package_identification:_identify(.) by extensions ['python_setup_py']
[1.016s] Level 1:colcon.colcon_core.package_identification:_identify(.) by extension 'python_setup_py'
[1.016s] Level 1:colcon.colcon_core.package_identification:_identify(ack_robot_bringup) by extensions ['ignore', 'ignore_ament_install']
[1.016s] Level 1:colcon.colcon_core.package_identification:_identify(ack_robot_bringup) by extension 'ignore'
[1.016s] Level 1:colcon.colcon_core.package_identification:_identify(ack_robot_bringup) by extension 'ignore_ament_install'
[1.016s] Level 1:colcon.colcon_core.package_identification:_identify(ack_robot_bringup) by extensions ['colcon_pkg']
[1.017s] Level 1:colcon.colcon_core.package_identification:_identify(ack_robot_bringup) by extension 'colcon_pkg'
[1.017s] Level 1:colcon.colcon_core.package_identification:_identify(ack_robot_bringup) by extensions ['colcon_meta']
[1.017s] Level 1:colcon.colcon_core.package_identification:_identify(ack_robot_bringup) by extension 'colcon_meta'
[1.017s] Level 1:colcon.colcon_core.package_identification:_identify(ack_robot_bringup) by extensions ['ros']
[1.017s] Level 1:colcon.colcon_core.package_identification:_identify(ack_robot_bringup) by extension 'ros'
[1.019s] DEBUG:colcon.colcon_core.package_identification:Package 'ack_robot_bringup' with type 'ros.ament_cmake' and name 'ack_robot_bringup'
[1.020s] Level 1:colcon.colcon_core.package_identification:_identify(ack_robot_description) by extensions ['ignore', 'ignore_ament_install']
[1.020s] Level 1:colcon.colcon_core.package_identification:_identify(ack_robot_description) by extension 'ignore'
[1.020s] Level 1:colcon.colcon_core.package_identification:_identify(ack_robot_description) by extension 'ignore_ament_install'
[1.020s] Level 1:colcon.colcon_core.package_identification:_identify(ack_robot_description) by extensions ['colcon_pkg']
[1.020s] Level 1:colcon.colcon_core.package_identification:_identify(ack_robot_description) by extension 'colcon_pkg'
[1.020s] Level 1:colcon.colcon_core.package_identification:_identify(ack_robot_description) by extensions ['colcon_meta']
[1.020s] Level 1:colcon.colcon_core.package_identification:_identify(ack_robot_description) by extension 'colcon_meta'
[1.020s] Level 1:colcon.colcon_core.package_identification:_identify(ack_robot_description) by extensions ['ros']
[1.020s] Level 1:colcon.colcon_core.package_identification:_identify(ack_robot_description) by extension 'ros'
[1.020s] DEBUG:colcon.colcon_core.package_identification:Package 'ack_robot_description' with type 'ros.ament_cmake' and name 'ack_robot_description'
[1.020s] Level 1:colcon.colcon_core.package_identification:_identify(build) by extensions ['ignore', 'ignore_ament_install']
[1.020s] Level 1:colcon.colcon_core.package_identification:_identify(build) by extension 'ignore'
[1.020s] Level 1:colcon.colcon_core.package_identification:_identify(build) ignored
[1.021s] Level 1:colcon.colcon_core.package_identification:_identify(install) by extensions ['ignore', 'ignore_ament_install']
[1.021s] Level 1:colcon.colcon_core.package_identification:_identify(install) by extension 'ignore'
[1.021s] Level 1:colcon.colcon_core.package_identification:_identify(install) ignored
[1.021s] Level 1:colcon.colcon_core.package_identification:_identify(log) by extensions ['ignore', 'ignore_ament_install']
[1.021s] Level 1:colcon.colcon_core.package_identification:_identify(log) by extension 'ignore'
[1.021s] Level 1:colcon.colcon_core.package_identification:_identify(log) ignored
[1.021s] Level 1:colcon.colcon_core.package_discovery:discover_packages(recursive) using defaults
[1.021s] Level 1:colcon.colcon_core.package_discovery:discover_packages(ignore) discover
[1.021s] Level 1:colcon.colcon_core.package_discovery:discover_packages(ignore) using defaults
[1.021s] Level 1:colcon.colcon_core.package_discovery:discover_packages(path) discover
[1.021s] Level 1:colcon.colcon_core.package_discovery:discover_packages(path) using defaults
[1.105s] Level 1:colcon.colcon_core.package_discovery:discover_packages(prefix_path) check parameters
[1.105s] Level 1:colcon.colcon_core.package_discovery:discover_packages(prefix_path) discover
[1.149s] DEBUG:colcon.colcon_installed_package_information.package_discovery:Found 2 installed packages in /home/emred/ackerman_ws/install
[1.164s] DEBUG:colcon.colcon_installed_package_information.package_discovery:Found 5 installed packages in /home/emred/tas-gps/install
[1.187s] DEBUG:colcon.colcon_installed_package_information.package_discovery:Found 452 installed packages in /opt/ros/humble
[1.189s] Level 1:colcon.colcon_core.package_discovery:discover_packages(prefix_path) using defaults
[1.308s] Level 5:colcon.colcon_core.verb:set package 'ack_robot_bringup' build argument 'cmake_args' from command line to 'None'
[1.308s] Level 5:colcon.colcon_core.verb:set package 'ack_robot_bringup' build argument 'cmake_target' from command line to 'None'
[1.309s] Level 5:colcon.colcon_core.verb:set package 'ack_robot_bringup' build argument 'cmake_target_skip_unavailable' from command line to 'False'
[1.309s] Level 5:colcon.colcon_core.verb:set package 'ack_robot_bringup' build argument 'cmake_clean_cache' from command line to 'False'
[1.309s] Level 5:colcon.colcon_core.verb:set package 'ack_robot_bringup' build argument 'cmake_clean_first' from command line to 'False'
[1.309s] Level 5:colcon.colcon_core.verb:set package 'ack_robot_bringup' build argument 'cmake_force_configure' from command line to 'False'
[1.309s] Level 5:colcon.colcon_core.verb:set package 'ack_robot_bringup' build argument 'ament_cmake_args' from command line to 'None'
[1.309s] Level 5:colcon.colcon_core.verb:set package 'ack_robot_bringup' build argument 'catkin_cmake_args' from command line to 'None'
[1.309s] Level 5:colcon.colcon_core.verb:set package 'ack_robot_bringup' build argument 'catkin_skip_building_tests' from command line to 'False'
[1.309s] DEBUG:colcon.colcon_core.verb:Building package 'ack_robot_bringup' with the following arguments: {'ament_cmake_args': None, 'build_base': '/home/emred/ackerman_ws/src/build/ack_robot_bringup', 'catkin_cmake_args': None, 'catkin_skip_building_tests': False, 'cmake_args': None, 'cmake_clean_cache': False, 'cmake_clean_first': False, 'cmake_force_configure': False, 'cmake_target': None, 'cmake_target_skip_unavailable': False, 'install_base': '/home/emred/ackerman_ws/src/install/ack_robot_bringup', 'merge_install': False, 'path': '/home/emred/ackerman_ws/src/ack_robot_bringup', 'symlink_install': False, 'test_result_base': None}
[1.324s] Level 5:colcon.colcon_core.verb:set package 'ack_robot_description' build argument 'cmake_args' from command line to 'None'
[1.324s] Level 5:colcon.colcon_core.verb:set package 'ack_robot_description' build argument 'cmake_target' from command line to 'None'
[1.324s] Level 5:colcon.colcon_core.verb:set package 'ack_robot_description' build argument 'cmake_target_skip_unavailable' from command line to 'False'
[1.324s] Level 5:colcon.colcon_core.verb:set package 'ack_robot_description' build argument 'cmake_clean_cache' from command line to 'False'
[1.324s] Level 5:colcon.colcon_core.verb:set package 'ack_robot_description' build argument 'cmake_clean_first' from command line to 'False'
[1.324s] Level 5:colcon.colcon_core.verb:set package 'ack_robot_description' build argument 'cmake_force_configure' from command line to 'False'
[1.324s] Level 5:colcon.colcon_core.verb:set package 'ack_robot_description' build argument 'ament_cmake_args' from command line to 'None'
[1.324s] Level 5:colcon.colcon_core.verb:set package 'ack_robot_description' build argument 'catkin_cmake_args' from command line to 'None'
[1.324s] Level 5:colcon.colcon_core.verb:set package 'ack_robot_description' build argument 'catkin_skip_building_tests' from command line to 'False'
[1.324s] DEBUG:colcon.colcon_core.verb:Building package 'ack_robot_description' with the following arguments: {'ament_cmake_args': None, 'build_base': '/home/emred/ackerman_ws/src/build/ack_robot_description', 'catkin_cmake_args': None, 'catkin_skip_building_tests': False, 'cmake_args': None, 'cmake_clean_cache': False, 'cmake_clean_first': False, 'cmake_force_configure': False, 'cmake_target': None, 'cmake_target_skip_unavailable': False, 'install_base': '/home/emred/ackerman_ws/src/install/ack_robot_description', 'merge_install': False, 'path': '/home/emred/ackerman_ws/src/ack_robot_description', 'symlink_install': False, 'test_result_base': None}
[1.340s] INFO:colcon.colcon_core.executor:Executing jobs using 'parallel' executor
[1.357s] DEBUG:colcon.colcon_parallel_executor.executor.parallel:run_until_complete
[1.358s] INFO:colcon.colcon_ros.task.ament_cmake.build:Building ROS package in '/home/emred/ackerman_ws/src/ack_robot_bringup' with build type 'ament_cmake'
[1.358s] INFO:colcon.colcon_cmake.task.cmake.build:Building CMake package in '/home/emred/ackerman_ws/src/ack_robot_bringup'
[1.376s] INFO:colcon.colcon_core.plugin_system:Skipping extension 'colcon_core.shell.bat': Not used on non-Windows systems
[1.376s] INFO:colcon.colcon_core.shell:Skip shell extension 'powershell' for command environment: Not usable outside of PowerShell
[1.376s] DEBUG:colcon.colcon_core.shell:Skip shell extension 'dsv' for command environment
[1.443s] INFO:colcon.colcon_ros.task.ament_cmake.build:Building ROS package in '/home/emred/ackerman_ws/src/ack_robot_description' with build type 'ament_cmake'
[1.443s] INFO:colcon.colcon_cmake.task.cmake.build:Building CMake package in '/home/emred/ackerman_ws/src/ack_robot_description'
[1.460s] INFO:colcon.colcon_core.shell:Skip shell extension 'powershell' for command environment: Not usable outside of PowerShell
[1.460s] DEBUG:colcon.colcon_core.shell:Skip shell extension 'dsv' for command environment
[1.531s] DEBUG:colcon.colcon_core.event_handler.log_command:Invoking command in '/home/emred/ackerman_ws/src/build/ack_robot_bringup': CMAKE_PREFIX_PATH=${CMAKE_PREFIX_PATH}:/home/emred/tas-gps/install/nav2_project:/home/emred/tas-gps/install/moveon_control:/opt/ros/humble /usr/bin/cmake --build /home/emred/ackerman_ws/src/build/ack_robot_bringup -- -j16 -l16
[1.537s] DEBUG:colcon.colcon_core.event_handler.log_command:Invoking command in '/home/emred/ackerman_ws/src/build/ack_robot_description': CMAKE_PREFIX_PATH=${CMAKE_PREFIX_PATH}:/home/emred/tas-gps/install/nav2_project:/home/emred/tas-gps/install/moveon_control:/opt/ros/humble /usr/bin/cmake --build /home/emred/ackerman_ws/src/build/ack_robot_description -- -j16 -l16
[1.600s] DEBUG:colcon.colcon_core.event_handler.log_command:Invoked command in '/home/emred/ackerman_ws/src/build/ack_robot_description' returned '0': CMAKE_PREFIX_PATH=${CMAKE_PREFIX_PATH}:/home/emred/tas-gps/install/nav2_project:/home/emred/tas-gps/install/moveon_control:/opt/ros/humble /usr/bin/cmake --build /home/emred/ackerman_ws/src/build/ack_robot_description -- -j16 -l16
[1.608s] DEBUG:colcon.colcon_core.event_handler.log_command:Invoked command in '/home/emred/ackerman_ws/src/build/ack_robot_bringup' returned '0': CMAKE_PREFIX_PATH=${CMAKE_PREFIX_PATH}:/home/emred/tas-gps/install/nav2_project:/home/emred/tas-gps/install/moveon_control:/opt/ros/humble /usr/bin/cmake --build /home/emred/ackerman_ws/src/build/ack_robot_bringup -- -j16 -l16
[1.660s] DEBUG:colcon.colcon_core.event_handler.log_command:Invoking command in '/home/emred/ackerman_ws/src/build/ack_robot_description': CMAKE_PREFIX_PATH=${CMAKE_PREFIX_PATH}:/home/emred/tas-gps/install/nav2_project:/home/emred/tas-gps/install/moveon_control:/opt/ros/humble /usr/bin/cmake --install /home/emred/ackerman_ws/src/build/ack_robot_description
[1.662s] DEBUG:colcon.colcon_core.event_handler.log_command:Invoking command in '/home/emred/ackerman_ws/src/build/ack_robot_bringup': CMAKE_PREFIX_PATH=${CMAKE_PREFIX_PATH}:/home/emred/tas-gps/install/nav2_project:/home/emred/tas-gps/install/moveon_control:/opt/ros/humble /usr/bin/cmake --install /home/emred/ackerman_ws/src/build/ack_robot_bringup
[1.674s] Level 1:colcon.colcon_core.environment:create_environment_scripts_only(ack_robot_description)
[1.675s] DEBUG:colcon.colcon_core.event_handler.log_command:Invoked command in '/home/emred/ackerman_ws/src/build/ack_robot_description' returned '0': CMAKE_PREFIX_PATH=${CMAKE_PREFIX_PATH}:/home/emred/tas-gps/install/nav2_project:/home/emred/tas-gps/install/moveon_control:/opt/ros/humble /usr/bin/cmake --install /home/emred/ackerman_ws/src/build/ack_robot_description
[1.702s] Level 1:colcon.colcon_core.environment:checking '/home/emred/ackerman_ws/src/install/ack_robot_description' for CMake module files
[1.703s] Level 1:colcon.colcon_core.environment:checking '/home/emred/ackerman_ws/src/install/ack_robot_description' for CMake config files
[1.703s] Level 1:colcon.colcon_core.shell:create_environment_hook('ack_robot_description', 'cmake_prefix_path')
[1.718s] INFO:colcon.colcon_core.shell:Creating environment hook '/home/emred/ackerman_ws/src/install/ack_robot_description/share/ack_robot_description/hook/cmake_prefix_path.ps1'
[1.719s] INFO:colcon.colcon_core.shell:Creating environment descriptor '/home/emred/ackerman_ws/src/install/ack_robot_description/share/ack_robot_description/hook/cmake_prefix_path.dsv'
[1.719s] INFO:colcon.colcon_core.shell:Creating environment hook '/home/emred/ackerman_ws/src/install/ack_robot_description/share/ack_robot_description/hook/cmake_prefix_path.sh'
[1.720s] Level 1:colcon.colcon_core.environment:checking '/home/emred/ackerman_ws/src/install/ack_robot_description/bin'
[1.720s] Level 1:colcon.colcon_core.environment:checking '/home/emred/ackerman_ws/src/install/ack_robot_description/lib/pkgconfig/ack_robot_description.pc'
[1.720s] Level 1:colcon.colcon_core.environment:checking '/home/emred/ackerman_ws/src/install/ack_robot_description/lib/python3.10/site-packages'
[1.721s] Level 1:colcon.colcon_core.environment:checking '/home/emred/ackerman_ws/src/install/ack_robot_description/bin'
[1.736s] INFO:colcon.colcon_core.shell:Creating package script '/home/emred/ackerman_ws/src/install/ack_robot_description/share/ack_robot_description/package.ps1'
[1.737s] INFO:colcon.colcon_core.shell:Creating package descriptor '/home/emred/ackerman_ws/src/install/ack_robot_description/share/ack_robot_description/package.dsv'
[1.738s] INFO:colcon.colcon_core.shell:Creating package script '/home/emred/ackerman_ws/src/install/ack_robot_description/share/ack_robot_description/package.sh'
[1.738s] INFO:colcon.colcon_core.shell:Creating package script '/home/emred/ackerman_ws/src/install/ack_robot_description/share/ack_robot_description/package.bash'
[1.739s] INFO:colcon.colcon_core.shell:Creating package script '/home/emred/ackerman_ws/src/install/ack_robot_description/share/ack_robot_description/package.zsh'
[1.739s] Level 1:colcon.colcon_core.environment:create_file_with_runtime_dependencies(/home/emred/ackerman_ws/src/install/ack_robot_description/share/colcon-core/packages/ack_robot_description)
[1.741s] Level 1:colcon.colcon_core.environment:create_environment_scripts_only(ack_robot_bringup)
[1.743s] DEBUG:colcon.colcon_core.event_handler.log_command:Invoked command in '/home/emred/ackerman_ws/src/build/ack_robot_bringup' returned '0': CMAKE_PREFIX_PATH=${CMAKE_PREFIX_PATH}:/home/emred/tas-gps/install/nav2_project:/home/emred/tas-gps/install/moveon_control:/opt/ros/humble /usr/bin/cmake --install /home/emred/ackerman_ws/src/build/ack_robot_bringup
[1.757s] Level 1:colcon.colcon_core.environment:checking '/home/emred/ackerman_ws/src/install/ack_robot_bringup' for CMake module files
[1.758s] Level 1:colcon.colcon_core.environment:checking '/home/emred/ackerman_ws/src/install/ack_robot_bringup' for CMake config files
[1.759s] Level 1:colcon.colcon_core.shell:create_environment_hook('ack_robot_bringup', 'cmake_prefix_path')
[1.774s] INFO:colcon.colcon_core.shell:Creating environment hook '/home/emred/ackerman_ws/src/install/ack_robot_bringup/share/ack_robot_bringup/hook/cmake_prefix_path.ps1'
[1.774s] INFO:colcon.colcon_core.shell:Creating environment descriptor '/home/emred/ackerman_ws/src/install/ack_robot_bringup/share/ack_robot_bringup/hook/cmake_prefix_path.dsv'
[1.775s] INFO:colcon.colcon_core.shell:Creating environment hook '/home/emred/ackerman_ws/src/install/ack_robot_bringup/share/ack_robot_bringup/hook/cmake_prefix_path.sh'
[1.775s] Level 1:colcon.colcon_core.environment:checking '/home/emred/ackerman_ws/src/install/ack_robot_bringup/bin'
[1.775s] Level 1:colcon.colcon_core.environment:checking '/home/emred/ackerman_ws/src/install/ack_robot_bringup/lib/pkgconfig/ack_robot_bringup.pc'
[1.775s] Level 1:colcon.colcon_core.environment:checking '/home/emred/ackerman_ws/src/install/ack_robot_bringup/lib/python3.10/site-packages'
[1.776s] Level 1:colcon.colcon_core.environment:checking '/home/emred/ackerman_ws/src/install/ack_robot_bringup/bin'
[1.791s] INFO:colcon.colcon_core.shell:Creating package script '/home/emred/ackerman_ws/src/install/ack_robot_bringup/share/ack_robot_bringup/package.ps1'
[1.792s] INFO:colcon.colcon_core.shell:Creating package descriptor '/home/emred/ackerman_ws/src/install/ack_robot_bringup/share/ack_robot_bringup/package.dsv'
[1.793s] INFO:colcon.colcon_core.shell:Creating package script '/home/emred/ackerman_ws/src/install/ack_robot_bringup/share/ack_robot_bringup/package.sh'
[1.793s] INFO:colcon.colcon_core.shell:Creating package script '/home/emred/ackerman_ws/src/install/ack_robot_bringup/share/ack_robot_bringup/package.bash'
[1.793s] INFO:colcon.colcon_core.shell:Creating package script '/home/emred/ackerman_ws/src/install/ack_robot_bringup/share/ack_robot_bringup/package.zsh'
[1.794s] Level 1:colcon.colcon_core.environment:create_file_with_runtime_dependencies(/home/emred/ackerman_ws/src/install/ack_robot_bringup/share/colcon-core/packages/ack_robot_bringup)
[1.810s] Level 1:colcon.colcon_core.environment:create_environment_scripts_only(ack_robot_description)
[1.825s] Level 1:colcon.colcon_core.environment:checking '/home/emred/ackerman_ws/src/install/ack_robot_description' for CMake module files
[1.825s] Level 1:colcon.colcon_core.environment:checking '/home/emred/ackerman_ws/src/install/ack_robot_description' for CMake config files
[1.825s] Level 1:colcon.colcon_core.shell:create_environment_hook('ack_robot_description', 'cmake_prefix_path')
[1.840s] INFO:colcon.colcon_core.shell:Creating environment hook '/home/emred/ackerman_ws/src/install/ack_robot_description/share/ack_robot_description/hook/cmake_prefix_path.ps1'
[1.840s] INFO:colcon.colcon_core.shell:Creating environment descriptor '/home/emred/ackerman_ws/src/install/ack_robot_description/share/ack_robot_description/hook/cmake_prefix_path.dsv'
[1.841s] INFO:colcon.colcon_core.shell:Creating environment hook '/home/emred/ackerman_ws/src/install/ack_robot_description/share/ack_robot_description/hook/cmake_prefix_path.sh'
[1.841s] Level 1:colcon.colcon_core.environment:checking '/home/emred/ackerman_ws/src/install/ack_robot_description/bin'
[1.841s] Level 1:colcon.colcon_core.environment:checking '/home/emred/ackerman_ws/src/install/ack_robot_description/lib/pkgconfig/ack_robot_description.pc'
[1.841s] Level 1:colcon.colcon_core.environment:checking '/home/emred/ackerman_ws/src/install/ack_robot_description/lib/python3.10/site-packages'
[1.842s] Level 1:colcon.colcon_core.environment:checking '/home/emred/ackerman_ws/src/install/ack_robot_description/bin'
[1.856s] INFO:colcon.colcon_core.shell:Creating package script '/home/emred/ackerman_ws/src/install/ack_robot_description/share/ack_robot_description/package.ps1'
[1.856s] INFO:colcon.colcon_core.shell:Creating package descriptor '/home/emred/ackerman_ws/src/install/ack_robot_description/share/ack_robot_description/package.dsv'
[1.857s] INFO:colcon.colcon_core.shell:Creating package script '/home/emred/ackerman_ws/src/install/ack_robot_description/share/ack_robot_description/package.sh'
[1.857s] INFO:colcon.colcon_core.shell:Creating package script '/home/emred/ackerman_ws/src/install/ack_robot_description/share/ack_robot_description/package.bash'
[1.857s] INFO:colcon.colcon_core.shell:Creating package script '/home/emred/ackerman_ws/src/install/ack_robot_description/share/ack_robot_description/package.zsh'
[1.858s] Level 1:colcon.colcon_core.environment:create_file_with_runtime_dependencies(/home/emred/ackerman_ws/src/install/ack_robot_description/share/colcon-core/packages/ack_robot_description)
[1.875s] Level 1:colcon.colcon_core.environment:create_environment_scripts_only(ack_robot_bringup)
[1.890s] Level 1:colcon.colcon_core.environment:checking '/home/emred/ackerman_ws/src/install/ack_robot_bringup' for CMake module files
[1.891s] Level 1:colcon.colcon_core.environment:checking '/home/emred/ackerman_ws/src/install/ack_robot_bringup' for CMake config files
[1.891s] Level 1:colcon.colcon_core.shell:create_environment_hook('ack_robot_bringup', 'cmake_prefix_path')
[1.907s] INFO:colcon.colcon_core.shell:Creating environment hook '/home/emred/ackerman_ws/src/install/ack_robot_bringup/share/ack_robot_bringup/hook/cmake_prefix_path.ps1'
[1.907s] INFO:colcon.colcon_core.shell:Creating environment descriptor '/home/emred/ackerman_ws/src/install/ack_robot_bringup/share/ack_robot_bringup/hook/cmake_prefix_path.dsv'
[1.907s] INFO:colcon.colcon_core.shell:Creating environment hook '/home/emred/ackerman_ws/src/install/ack_robot_bringup/share/ack_robot_bringup/hook/cmake_prefix_path.sh'
[1.908s] Level 1:colcon.colcon_core.environment:checking '/home/emred/ackerman_ws/src/install/ack_robot_bringup/bin'
[1.908s] Level 1:colcon.colcon_core.environment:checking '/home/emred/ackerman_ws/src/install/ack_robot_bringup/lib/pkgconfig/ack_robot_bringup.pc'
[1.908s] Level 1:colcon.colcon_core.environment:checking '/home/emred/ackerman_ws/src/install/ack_robot_bringup/lib/python3.10/site-packages'
[1.908s] Level 1:colcon.colcon_core.environment:checking '/home/emred/ackerman_ws/src/install/ack_robot_bringup/bin'
[1.923s] INFO:colcon.colcon_core.shell:Creating package script '/home/emred/ackerman_ws/src/install/ack_robot_bringup/share/ack_robot_bringup/package.ps1'
[1.923s] INFO:colcon.colcon_core.shell:Creating package descriptor '/home/emred/ackerman_ws/src/install/ack_robot_bringup/share/ack_robot_bringup/package.dsv'
[1.924s] INFO:colcon.colcon_core.shell:Creating package script '/home/emred/ackerman_ws/src/install/ack_robot_bringup/share/ack_robot_bringup/package.sh'
[1.924s] INFO:colcon.colcon_core.shell:Creating package script '/home/emred/ackerman_ws/src/install/ack_robot_bringup/share/ack_robot_bringup/package.bash'
[1.924s] INFO:colcon.colcon_core.shell:Creating package script '/home/emred/ackerman_ws/src/install/ack_robot_bringup/share/ack_robot_bringup/package.zsh'
[1.925s] Level 1:colcon.colcon_core.environment:create_file_with_runtime_dependencies(/home/emred/ackerman_ws/src/install/ack_robot_bringup/share/colcon-core/packages/ack_robot_bringup)
[1.925s] DEBUG:colcon.colcon_parallel_executor.executor.parallel:closing loop
[1.925s] DEBUG:colcon.colcon_parallel_executor.executor.parallel:loop closed
[1.925s] DEBUG:colcon.colcon_parallel_executor.executor.parallel:run_until_complete finished with '0'
[1.925s] DEBUG:colcon.colcon_core.event_reactor:joining thread
[1.944s] INFO:colcon.colcon_core.plugin_system:Skipping extension 'colcon_notification.desktop_notification.terminal_notifier': Not used on non-Darwin systems
[1.945s] INFO:colcon.colcon_core.plugin_system:Skipping extension 'colcon_notification.desktop_notification.win32': Not used on non-Windows systems
[1.945s] INFO:colcon.colcon_notification.desktop_notification:Sending desktop notification using 'notify2'
[1.966s] DEBUG:colcon.colcon_core.event_reactor:joined thread
[1.982s] INFO:colcon.colcon_core.shell:Creating prefix script '/home/emred/ackerman_ws/src/install/local_setup.ps1'
[1.983s] INFO:colcon.colcon_core.shell:Creating prefix util module '/home/emred/ackerman_ws/src/install/_local_setup_util_ps1.py'
[1.984s] INFO:colcon.colcon_core.shell:Creating prefix chain script '/home/emred/ackerman_ws/src/install/setup.ps1'
[1.999s] INFO:colcon.colcon_core.shell:Creating prefix script '/home/emred/ackerman_ws/src/install/local_setup.sh'
[2.000s] INFO:colcon.colcon_core.shell:Creating prefix util module '/home/emred/ackerman_ws/src/install/_local_setup_util_sh.py'
[2.000s] INFO:colcon.colcon_core.shell:Creating prefix chain script '/home/emred/ackerman_ws/src/install/setup.sh'
[2.015s] INFO:colcon.colcon_core.shell:Creating prefix script '/home/emred/ackerman_ws/src/install/local_setup.bash'
[2.016s] INFO:colcon.colcon_core.shell:Creating prefix chain script '/home/emred/ackerman_ws/src/install/setup.bash'
[2.031s] INFO:colcon.colcon_core.shell:Creating prefix script '/home/emred/ackerman_ws/src/install/local_setup.zsh'
[2.031s] INFO:colcon.colcon_core.shell:Creating prefix chain script '/home/emred/ackerman_ws/src/install/setup.zsh'
