[0.152s] Invoking command in '/home/emred/ackerman_ws/src/build/ack_robot_bringup': CMAKE_PREFIX_PATH=${CMAKE_PREFIX_PATH}:/home/emred/tas-gps/install/nav2_project:/home/emred/tas-gps/install/moveon_control:/opt/ros/humble /usr/bin/cmake --build /home/emred/ackerman_ws/src/build/ack_robot_bringup -- -j16 -l16
[0.203s] Invoked command in '/home/emred/ackerman_ws/src/build/ack_robot_bringup' returned '0': CMAKE_PREFIX_PATH=${CMAKE_PREFIX_PATH}:/home/emred/tas-gps/install/nav2_project:/home/emred/tas-gps/install/moveon_control:/opt/ros/humble /usr/bin/cmake --build /home/emred/ackerman_ws/src/build/ack_robot_bringup -- -j16 -l16
[0.247s] Invoking command in '/home/emred/ackerman_ws/src/build/ack_robot_bringup': CMAKE_PREFIX_PATH=${CMAKE_PREFIX_PATH}:/home/emred/tas-gps/install/nav2_project:/home/emred/tas-gps/install/moveon_control:/opt/ros/humble /usr/bin/cmake --install /home/emred/ackerman_ws/src/build/ack_robot_bringup
[0.258s] -- Install configuration: ""
[0.258s] -- Installing: /home/emred/ackerman_ws/src/install/ack_robot_bringup/share/ack_robot_bringup//launch
[0.258s] -- Installing: /home/emred/ackerman_ws/src/install/ack_robot_bringup/share/ack_robot_bringup//launch/my_robot_gazebo.launch.xml
[0.262s] -- Installing: /home/emred/ackerman_ws/src/install/ack_robot_bringup/share/ament_index/resource_index/package_run_dependencies/ack_robot_bringup
[0.263s] -- Installing: /home/emred/ackerman_ws/src/install/ack_robot_bringup/share/ament_index/resource_index/parent_prefix_path/ack_robot_bringup
[0.263s] -- Installing: /home/emred/ackerman_ws/src/install/ack_robot_bringup/share/ack_robot_bringup/environment/ament_prefix_path.sh
[0.263s] -- Installing: /home/emred/ackerman_ws/src/install/ack_robot_bringup/share/ack_robot_bringup/environment/ament_prefix_path.dsv
[0.263s] -- Installing: /home/emred/ackerman_ws/src/install/ack_robot_bringup/share/ack_robot_bringup/environment/path.sh
[0.264s] -- Installing: /home/emred/ackerman_ws/src/install/ack_robot_bringup/share/ack_robot_bringup/environment/path.dsv
[0.264s] -- Installing: /home/emred/ackerman_ws/src/install/ack_robot_bringup/share/ack_robot_bringup/local_setup.bash
[0.264s] -- Installing: /home/emred/ackerman_ws/src/install/ack_robot_bringup/share/ack_robot_bringup/local_setup.sh
[0.264s] -- Installing: /home/emred/ackerman_ws/src/install/ack_robot_bringup/share/ack_robot_bringup/local_setup.zsh
[0.264s] -- Installing: /home/emred/ackerman_ws/src/install/ack_robot_bringup/share/ack_robot_bringup/local_setup.dsv
[0.264s] -- Installing: /home/emred/ackerman_ws/src/install/ack_robot_bringup/share/ack_robot_bringup/package.dsv
[0.265s] -- Installing: /home/emred/ackerman_ws/src/install/ack_robot_bringup/share/ament_index/resource_index/packages/ack_robot_bringup
[0.265s] -- Installing: /home/emred/ackerman_ws/src/install/ack_robot_bringup/share/ack_robot_bringup/cmake/ack_robot_bringupConfig.cmake
[0.265s] -- Installing: /home/emred/ackerman_ws/src/install/ack_robot_bringup/share/ack_robot_bringup/cmake/ack_robot_bringupConfig-version.cmake
[0.265s] -- Installing: /home/emred/ackerman_ws/src/install/ack_robot_bringup/share/ack_robot_bringup/package.xml
[0.267s] Invoked command in '/home/emred/ackerman_ws/src/build/ack_robot_bringup' returned '0': CMAKE_PREFIX_PATH=${CMAKE_PREFIX_PATH}:/home/emred/tas-gps/install/nav2_project:/home/emred/tas-gps/install/moveon_control:/opt/ros/humble /usr/bin/cmake --install /home/emred/ackerman_ws/src/build/ack_robot_bringup
