[0.098s] Invoking command in '/home/emred/ackerman_ws/build/ack_robot_description': CMAKE_PREFIX_PATH=${CMAKE_PREFIX_PATH}:/home/emred/test_ws/install/beetle_evaluation:/home/emred/tas-gps/install/nav2_project:/home/emred/tas-gps/install/nav2_gps_waypoint_follower_demo:/home/emred/tas-gps/install/my_robot_nav2:/home/emred/tas-gps/install/moveon_control:/opt/ros/humble /usr/bin/cmake --build /home/emred/ackerman_ws/build/ack_robot_description -- -j16 -l16
[0.187s] Invoked command in '/home/emred/ackerman_ws/build/ack_robot_description' returned '0': CMAKE_PREFIX_PATH=${CMAKE_PREFIX_PATH}:/home/emred/test_ws/install/beetle_evaluation:/home/emred/tas-gps/install/nav2_project:/home/emred/tas-gps/install/nav2_gps_waypoint_follower_demo:/home/emred/tas-gps/install/my_robot_nav2:/home/emred/tas-gps/install/moveon_control:/opt/ros/humble /usr/bin/cmake --build /home/emred/ackerman_ws/build/ack_robot_description -- -j16 -l16
[0.245s] Invoking command in '/home/emred/ackerman_ws/build/ack_robot_description': CMAKE_PREFIX_PATH=${CMAKE_PREFIX_PATH}:/home/emred/test_ws/install/beetle_evaluation:/home/emred/tas-gps/install/nav2_project:/home/emred/tas-gps/install/nav2_gps_waypoint_follower_demo:/home/emred/tas-gps/install/my_robot_nav2:/home/emred/tas-gps/install/moveon_control:/opt/ros/humble /usr/bin/cmake --install /home/emred/ackerman_ws/build/ack_robot_description
[0.255s] -- Install configuration: ""
[0.256s] -- Up-to-date: /home/emred/ackerman_ws/install/ack_robot_description/share/ack_robot_description//urdf
[0.256s] -- Installing: /home/emred/ackerman_ws/install/ack_robot_description/share/ack_robot_description//urdf/traktor.urdf
[0.256s] -- Up-to-date: /home/emred/ackerman_ws/install/ack_robot_description/share/ack_robot_description//launch
[0.256s] -- Up-to-date: /home/emred/ackerman_ws/install/ack_robot_description/share/ack_robot_description//launch/display.launch.xml
[0.256s] -- Up-to-date: /home/emred/ackerman_ws/install/ack_robot_description/share/ack_robot_description//rviz
[0.256s] -- Up-to-date: /home/emred/ackerman_ws/install/ack_robot_description/share/ack_robot_description//rviz/urdf_config.rviz
[0.256s] -- Up-to-date: /home/emred/ackerman_ws/install/ack_robot_description/share/ament_index/resource_index/package_run_dependencies/ack_robot_description
[0.257s] -- Up-to-date: /home/emred/ackerman_ws/install/ack_robot_description/share/ament_index/resource_index/parent_prefix_path/ack_robot_description
[0.257s] -- Up-to-date: /home/emred/ackerman_ws/install/ack_robot_description/share/ack_robot_description/environment/ament_prefix_path.sh
[0.257s] -- Up-to-date: /home/emred/ackerman_ws/install/ack_robot_description/share/ack_robot_description/environment/ament_prefix_path.dsv
[0.257s] -- Up-to-date: /home/emred/ackerman_ws/install/ack_robot_description/share/ack_robot_description/environment/path.sh
[0.257s] -- Up-to-date: /home/emred/ackerman_ws/install/ack_robot_description/share/ack_robot_description/environment/path.dsv
[0.258s] -- Up-to-date: /home/emred/ackerman_ws/install/ack_robot_description/share/ack_robot_description/local_setup.bash
[0.258s] -- Up-to-date: /home/emred/ackerman_ws/install/ack_robot_description/share/ack_robot_description/local_setup.sh
[0.259s] -- Up-to-date: /home/emred/ackerman_ws/install/ack_robot_description/share/ack_robot_description/local_setup.zsh
[0.260s] -- Up-to-date: /home/emred/ackerman_ws/install/ack_robot_description/share/ack_robot_description/local_setup.dsv
[0.260s] -- Installing: /home/emred/ackerman_ws/install/ack_robot_description/share/ack_robot_description/package.dsv
[0.260s] -- Up-to-date: /home/emred/ackerman_ws/install/ack_robot_description/share/ament_index/resource_index/packages/ack_robot_description
[0.260s] -- Up-to-date: /home/emred/ackerman_ws/install/ack_robot_description/share/ack_robot_description/cmake/ack_robot_descriptionConfig.cmake
[0.261s] -- Up-to-date: /home/emred/ackerman_ws/install/ack_robot_description/share/ack_robot_description/cmake/ack_robot_descriptionConfig-version.cmake
[0.261s] -- Up-to-date: /home/emred/ackerman_ws/install/ack_robot_description/share/ack_robot_description/package.xml
[0.266s] Invoked command in '/home/emred/ackerman_ws/build/ack_robot_description' returned '0': CMAKE_PREFIX_PATH=${CMAKE_PREFIX_PATH}:/home/emred/test_ws/install/beetle_evaluation:/home/emred/tas-gps/install/nav2_project:/home/emred/tas-gps/install/nav2_gps_waypoint_follower_demo:/home/emred/tas-gps/install/my_robot_nav2:/home/emred/tas-gps/install/moveon_control:/opt/ros/humble /usr/bin/cmake --install /home/emred/ackerman_ws/build/ack_robot_description
