[0.088s] Invoking command in '/home/emred/ackerman_ws/build/ack_robot_description': CMAKE_PREFIX_PATH=${CMAKE_PREFIX_PATH}:/home/emred/tas-gps/install/nav2_project:/home/emred/tas-gps/install/moveon_control:/opt/ros/humble /usr/bin/cmake --build /home/emred/ackerman_ws/build/ack_robot_description -- -j16 -l16
[0.123s] -- Found ament_cmake: 1.3.8 (/opt/ros/humble/share/ament_cmake/cmake)
[0.360s] -- Configuring done
[0.363s] -- Generating done
[0.364s] -- Build files have been written to: /home/emred/ackerman_ws/build/ack_robot_description
[0.395s] Invoked command in '/home/emred/ackerman_ws/build/ack_robot_description' returned '0': CMAKE_PREFIX_PATH=${CMAKE_PREFIX_PATH}:/home/emred/tas-gps/install/nav2_project:/home/emred/tas-gps/install/moveon_control:/opt/ros/humble /usr/bin/cmake --build /home/emred/ackerman_ws/build/ack_robot_description -- -j16 -l16
[0.454s] Invoking command in '/home/emred/ackerman_ws/build/ack_robot_description': CMAKE_PREFIX_PATH=${CMAKE_PREFIX_PATH}:/home/emred/tas-gps/install/nav2_project:/home/emred/tas-gps/install/moveon_control:/opt/ros/humble /usr/bin/cmake --install /home/emred/ackerman_ws/build/ack_robot_description
[0.465s] -- Install configuration: ""
[0.466s] -- Up-to-date: /home/emred/ackerman_ws/install/ack_robot_description/share/ack_robot_description//urdf
[0.468s] -- Up-to-date: /home/emred/ackerman_ws/install/ack_robot_description/share/ack_robot_description//urdf/traktor.urdf
[0.469s] -- Up-to-date: /home/emred/ackerman_ws/install/ack_robot_description/share/ack_robot_description//launch
[0.469s] -- Up-to-date: /home/emred/ackerman_ws/install/ack_robot_description/share/ack_robot_description//launch/display.launch.xml
[0.469s] -- Up-to-date: /home/emred/ackerman_ws/install/ack_robot_description/share/ack_robot_description//rviz
[0.470s] -- Up-to-date: /home/emred/ackerman_ws/install/ack_robot_description/share/ack_robot_description//rviz/urdf_config.rviz
[0.470s] -- Up-to-date: /home/emred/ackerman_ws/install/ack_robot_description/share/ament_index/resource_index/package_run_dependencies/ack_robot_description
[0.470s] -- Up-to-date: /home/emred/ackerman_ws/install/ack_robot_description/share/ament_index/resource_index/parent_prefix_path/ack_robot_description
[0.470s] -- Up-to-date: /home/emred/ackerman_ws/install/ack_robot_description/share/ack_robot_description/environment/ament_prefix_path.sh
[0.470s] -- Installing: /home/emred/ackerman_ws/install/ack_robot_description/share/ack_robot_description/environment/ament_prefix_path.dsv
[0.470s] -- Up-to-date: /home/emred/ackerman_ws/install/ack_robot_description/share/ack_robot_description/environment/path.sh
[0.470s] -- Installing: /home/emred/ackerman_ws/install/ack_robot_description/share/ack_robot_description/environment/path.dsv
[0.471s] -- Up-to-date: /home/emred/ackerman_ws/install/ack_robot_description/share/ack_robot_description/local_setup.bash
[0.471s] -- Up-to-date: /home/emred/ackerman_ws/install/ack_robot_description/share/ack_robot_description/local_setup.sh
[0.471s] -- Up-to-date: /home/emred/ackerman_ws/install/ack_robot_description/share/ack_robot_description/local_setup.zsh
[0.471s] -- Installing: /home/emred/ackerman_ws/install/ack_robot_description/share/ack_robot_description/local_setup.dsv
[0.471s] -- Installing: /home/emred/ackerman_ws/install/ack_robot_description/share/ack_robot_description/package.dsv
[0.471s] -- Up-to-date: /home/emred/ackerman_ws/install/ack_robot_description/share/ament_index/resource_index/packages/ack_robot_description
[0.471s] -- Up-to-date: /home/emred/ackerman_ws/install/ack_robot_description/share/ack_robot_description/cmake/ack_robot_descriptionConfig.cmake
[0.471s] -- Up-to-date: /home/emred/ackerman_ws/install/ack_robot_description/share/ack_robot_description/cmake/ack_robot_descriptionConfig-version.cmake
[0.472s] -- Installing: /home/emred/ackerman_ws/install/ack_robot_description/share/ack_robot_description/package.xml
[0.564s] Invoked command in '/home/emred/ackerman_ws/build/ack_robot_description' returned '0': CMAKE_PREFIX_PATH=${CMAKE_PREFIX_PATH}:/home/emred/tas-gps/install/nav2_project:/home/emred/tas-gps/install/moveon_control:/opt/ros/humble /usr/bin/cmake --install /home/emred/ackerman_ws/build/ack_robot_description
