[0.158s] Invoking command in '/home/emred/ackerman_ws/build/ack_robot_bringup': CMAKE_PREFIX_PATH=${CMAKE_PREFIX_PATH}:/home/emred/tas-gps/install/nav2_project:/home/emred/tas-gps/install/moveon_control:/opt/ros/humble /usr/bin/cmake /home/emred/ackerman_ws/src/ack_robot_bringup -DCMAKE_INSTALL_PREFIX=/home/emred/ackerman_ws/install/ack_robot_bringup
[0.227s] -- The C compiler identification is GNU 11.4.0
[0.324s] -- The CXX compiler identification is GNU 11.4.0
[0.336s] -- Detecting C compiler ABI info
[0.438s] -- Detecting C compiler ABI info - done
[0.445s] -- Check for working C compiler: /usr/bin/cc - skipped
[0.445s] -- Detecting C compile features
[0.445s] -- Detecting C compile features - done
[0.448s] -- Detecting CXX compiler ABI info
[0.546s] -- Detecting CXX compiler ABI info - done
[0.553s] -- Check for working CXX compiler: /usr/bin/c++ - skipped
[0.553s] -- Detecting CXX compile features
[0.554s] -- Detecting CXX compile features - done
[0.557s] -- Found ament_cmake: 1.3.8 (/opt/ros/humble/share/ament_cmake/cmake)
[0.720s] -- Found Python3: /usr/bin/python3 (found version "3.10.12") found components: Interpreter 
[0.945s] -- Configuring done
[0.948s] -- Generating done
[0.949s] -- Build files have been written to: /home/emred/ackerman_ws/build/ack_robot_bringup
[0.954s] Invoked command in '/home/emred/ackerman_ws/build/ack_robot_bringup' returned '0': CMAKE_PREFIX_PATH=${CMAKE_PREFIX_PATH}:/home/emred/tas-gps/install/nav2_project:/home/emred/tas-gps/install/moveon_control:/opt/ros/humble /usr/bin/cmake /home/emred/ackerman_ws/src/ack_robot_bringup -DCMAKE_INSTALL_PREFIX=/home/emred/ackerman_ws/install/ack_robot_bringup
[0.957s] Invoking command in '/home/emred/ackerman_ws/build/ack_robot_bringup': CMAKE_PREFIX_PATH=${CMAKE_PREFIX_PATH}:/home/emred/tas-gps/install/nav2_project:/home/emred/tas-gps/install/moveon_control:/opt/ros/humble /usr/bin/cmake --build /home/emred/ackerman_ws/build/ack_robot_bringup -- -j16 -l16
[1.006s] Invoked command in '/home/emred/ackerman_ws/build/ack_robot_bringup' returned '0': CMAKE_PREFIX_PATH=${CMAKE_PREFIX_PATH}:/home/emred/tas-gps/install/nav2_project:/home/emred/tas-gps/install/moveon_control:/opt/ros/humble /usr/bin/cmake --build /home/emred/ackerman_ws/build/ack_robot_bringup -- -j16 -l16
[1.076s] Invoking command in '/home/emred/ackerman_ws/build/ack_robot_bringup': CMAKE_PREFIX_PATH=${CMAKE_PREFIX_PATH}:/home/emred/tas-gps/install/nav2_project:/home/emred/tas-gps/install/moveon_control:/opt/ros/humble /usr/bin/cmake --install /home/emred/ackerman_ws/build/ack_robot_bringup
[1.085s] -- Install configuration: ""
[1.085s] -- Installing: /home/emred/ackerman_ws/install/ack_robot_bringup/share/ack_robot_bringup//launch
[1.085s] -- Installing: /home/emred/ackerman_ws/install/ack_robot_bringup/share/ack_robot_bringup//launch/my_robot_gazebo.launch.xml
[1.086s] -- Installing: /home/emred/ackerman_ws/install/ack_robot_bringup/share/ament_index/resource_index/package_run_dependencies/ack_robot_bringup
[1.086s] -- Installing: /home/emred/ackerman_ws/install/ack_robot_bringup/share/ament_index/resource_index/parent_prefix_path/ack_robot_bringup
[1.086s] -- Installing: /home/emred/ackerman_ws/install/ack_robot_bringup/share/ack_robot_bringup/environment/ament_prefix_path.sh
[1.086s] -- Installing: /home/emred/ackerman_ws/install/ack_robot_bringup/share/ack_robot_bringup/environment/ament_prefix_path.dsv
[1.086s] -- Installing: /home/emred/ackerman_ws/install/ack_robot_bringup/share/ack_robot_bringup/environment/path.sh
[1.086s] -- Installing: /home/emred/ackerman_ws/install/ack_robot_bringup/share/ack_robot_bringup/environment/path.dsv
[1.087s] -- Installing: /home/emred/ackerman_ws/install/ack_robot_bringup/share/ack_robot_bringup/local_setup.bash
[1.087s] -- Installing: /home/emred/ackerman_ws/install/ack_robot_bringup/share/ack_robot_bringup/local_setup.sh
[1.087s] -- Installing: /home/emred/ackerman_ws/install/ack_robot_bringup/share/ack_robot_bringup/local_setup.zsh
[1.087s] -- Installing: /home/emred/ackerman_ws/install/ack_robot_bringup/share/ack_robot_bringup/local_setup.dsv
[1.087s] -- Installing: /home/emred/ackerman_ws/install/ack_robot_bringup/share/ack_robot_bringup/package.dsv
[1.088s] -- Installing: /home/emred/ackerman_ws/install/ack_robot_bringup/share/ament_index/resource_index/packages/ack_robot_bringup
[1.088s] -- Installing: /home/emred/ackerman_ws/install/ack_robot_bringup/share/ack_robot_bringup/cmake/ack_robot_bringupConfig.cmake
[1.088s] -- Installing: /home/emred/ackerman_ws/install/ack_robot_bringup/share/ack_robot_bringup/cmake/ack_robot_bringupConfig-version.cmake
[1.088s] -- Installing: /home/emred/ackerman_ws/install/ack_robot_bringup/share/ack_robot_bringup/package.xml
[1.091s] Invoked command in '/home/emred/ackerman_ws/build/ack_robot_bringup' returned '0': CMAKE_PREFIX_PATH=${CMAKE_PREFIX_PATH}:/home/emred/tas-gps/install/nav2_project:/home/emred/tas-gps/install/moveon_control:/opt/ros/humble /usr/bin/cmake --install /home/emred/ackerman_ws/build/ack_robot_bringup
