[0.924s] DEBUG:colcon:Command line arguments: ['/usr/bin/colcon', 'build']
[0.924s] DEBUG:colcon:Parsed command line arguments: Namespace(log_base=None, log_level=None, verb_name='build', build_base='build', install_base='install', merge_install=False, symlink_install=False, test_result_base=None, continue_on_error=False, executor='parallel', parallel_workers=16, event_handlers=None, ignore_user_meta=False, metas=['./colcon.meta'], base_paths=['.'], packages_ignore=None, packages_ignore_regex=None, paths=None, packages_up_to=None, packages_up_to_regex=None, packages_above=None, packages_above_and_dependencies=None, packages_above_depth=None, packages_select_by_dep=None, packages_skip_by_dep=None, packages_skip_up_to=None, packages_select_build_failed=False, packages_skip_build_finished=False, packages_select_test_failures=False, packages_skip_test_passed=False, packages_select=None, packages_skip=None, packages_select_regex=None, packages_skip_regex=None, packages_start=None, packages_end=None, allow_overriding=[], cmake_args=None, cmake_target=None, cmake_target_skip_unavailable=False, cmake_clean_cache=False, cmake_clean_first=False, cmake_force_configure=False, ament_cmake_args=None, catkin_cmake_args=None, catkin_skip_building_tests=False, verb_parser=<colcon_defaults.argument_parser.defaults.DefaultArgumentsDecorator object at 0x7f91d3fabe20>, verb_extension=<colcon_core.verb.build.BuildVerb object at 0x7f91d3faa800>, main=<bound method BuildVerb.main of <colcon_core.verb.build.BuildVerb object at 0x7f91d3faa800>>)
[0.963s] Level 1:colcon.colcon_core.package_discovery:discover_packages(colcon_meta) check parameters
[0.963s] Level 1:colcon.colcon_core.package_discovery:discover_packages(recursive) check parameters
[0.964s] Level 1:colcon.colcon_core.package_discovery:discover_packages(ignore) check parameters
[0.964s] Level 1:colcon.colcon_core.package_discovery:discover_packages(path) check parameters
[0.964s] Level 1:colcon.colcon_core.package_discovery:discover_packages(colcon_meta) discover
[0.964s] Level 1:colcon.colcon_core.package_discovery:discover_packages(recursive) discover
[0.964s] INFO:colcon.colcon_core.package_discovery:Crawling recursively for packages in '/home/emred/ackerman_ws'
[0.964s] Level 1:colcon.colcon_core.package_identification:_identify(.) by extensions ['ignore', 'ignore_ament_install']
[0.964s] Level 1:colcon.colcon_core.package_identification:_identify(.) by extension 'ignore'
[0.964s] Level 1:colcon.colcon_core.package_identification:_identify(.) by extension 'ignore_ament_install'
[0.964s] Level 1:colcon.colcon_core.package_identification:_identify(.) by extensions ['colcon_pkg']
[0.964s] Level 1:colcon.colcon_core.package_identification:_identify(.) by extension 'colcon_pkg'
[0.964s] Level 1:colcon.colcon_core.package_identification:_identify(.) by extensions ['colcon_meta']
[0.964s] Level 1:colcon.colcon_core.package_identification:_identify(.) by extension 'colcon_meta'
[0.964s] Level 1:colcon.colcon_core.package_identification:_identify(.) by extensions ['ros']
[0.964s] Level 1:colcon.colcon_core.package_identification:_identify(.) by extension 'ros'
[0.973s] Level 1:colcon.colcon_core.package_identification:_identify(.) by extensions ['cmake', 'python']
[0.973s] Level 1:colcon.colcon_core.package_identification:_identify(.) by extension 'cmake'
[0.973s] Level 1:colcon.colcon_core.package_identification:_identify(.) by extension 'python'
[0.973s] Level 1:colcon.colcon_core.package_identification:_identify(.) by extensions ['python_setup_py']
[0.973s] Level 1:colcon.colcon_core.package_identification:_identify(.) by extension 'python_setup_py'
[0.973s] Level 1:colcon.colcon_core.package_identification:_identify(build) by extensions ['ignore', 'ignore_ament_install']
[0.973s] Level 1:colcon.colcon_core.package_identification:_identify(build) by extension 'ignore'
[0.973s] Level 1:colcon.colcon_core.package_identification:_identify(build) ignored
[0.973s] Level 1:colcon.colcon_core.package_identification:_identify(install) by extensions ['ignore', 'ignore_ament_install']
[0.973s] Level 1:colcon.colcon_core.package_identification:_identify(install) by extension 'ignore'
[0.973s] Level 1:colcon.colcon_core.package_identification:_identify(install) ignored
[0.974s] Level 1:colcon.colcon_core.package_identification:_identify(log) by extensions ['ignore', 'ignore_ament_install']
[0.974s] Level 1:colcon.colcon_core.package_identification:_identify(log) by extension 'ignore'
[0.974s] Level 1:colcon.colcon_core.package_identification:_identify(log) ignored
[0.974s] Level 1:colcon.colcon_core.package_identification:_identify(src) by extensions ['ignore', 'ignore_ament_install']
[0.974s] Level 1:colcon.colcon_core.package_identification:_identify(src) by extension 'ignore'
[0.974s] Level 1:colcon.colcon_core.package_identification:_identify(src) by extension 'ignore_ament_install'
[0.974s] Level 1:colcon.colcon_core.package_identification:_identify(src) by extensions ['colcon_pkg']
[0.974s] Level 1:colcon.colcon_core.package_identification:_identify(src) by extension 'colcon_pkg'
[0.974s] Level 1:colcon.colcon_core.package_identification:_identify(src) by extensions ['colcon_meta']
[0.974s] Level 1:colcon.colcon_core.package_identification:_identify(src) by extension 'colcon_meta'
[0.974s] Level 1:colcon.colcon_core.package_identification:_identify(src) by extensions ['ros']
[0.974s] Level 1:colcon.colcon_core.package_identification:_identify(src) by extension 'ros'
[0.974s] Level 1:colcon.colcon_core.package_identification:_identify(src) by extensions ['cmake', 'python']
[0.974s] Level 1:colcon.colcon_core.package_identification:_identify(src) by extension 'cmake'
[0.974s] Level 1:colcon.colcon_core.package_identification:_identify(src) by extension 'python'
[0.974s] Level 1:colcon.colcon_core.package_identification:_identify(src) by extensions ['python_setup_py']
[0.974s] Level 1:colcon.colcon_core.package_identification:_identify(src) by extension 'python_setup_py'
[0.974s] Level 1:colcon.colcon_core.package_identification:_identify(src/ack_robot_bringup) by extensions ['ignore', 'ignore_ament_install']
[0.975s] Level 1:colcon.colcon_core.package_identification:_identify(src/ack_robot_bringup) by extension 'ignore'
[0.975s] Level 1:colcon.colcon_core.package_identification:_identify(src/ack_robot_bringup) by extension 'ignore_ament_install'
[0.975s] Level 1:colcon.colcon_core.package_identification:_identify(src/ack_robot_bringup) by extensions ['colcon_pkg']
[0.975s] Level 1:colcon.colcon_core.package_identification:_identify(src/ack_robot_bringup) by extension 'colcon_pkg'
[0.975s] Level 1:colcon.colcon_core.package_identification:_identify(src/ack_robot_bringup) by extensions ['colcon_meta']
[0.975s] Level 1:colcon.colcon_core.package_identification:_identify(src/ack_robot_bringup) by extension 'colcon_meta'
[0.975s] Level 1:colcon.colcon_core.package_identification:_identify(src/ack_robot_bringup) by extensions ['ros']
[0.975s] Level 1:colcon.colcon_core.package_identification:_identify(src/ack_robot_bringup) by extension 'ros'
[0.977s] DEBUG:colcon.colcon_core.package_identification:Package 'src/ack_robot_bringup' with type 'ros.ament_cmake' and name 'ack_robot_bringup'
[0.977s] Level 1:colcon.colcon_core.package_identification:_identify(src/ack_robot_description) by extensions ['ignore', 'ignore_ament_install']
[0.977s] Level 1:colcon.colcon_core.package_identification:_identify(src/ack_robot_description) by extension 'ignore'
[0.977s] Level 1:colcon.colcon_core.package_identification:_identify(src/ack_robot_description) by extension 'ignore_ament_install'
[0.977s] Level 1:colcon.colcon_core.package_identification:_identify(src/ack_robot_description) by extensions ['colcon_pkg']
[0.977s] Level 1:colcon.colcon_core.package_identification:_identify(src/ack_robot_description) by extension 'colcon_pkg'
[0.977s] Level 1:colcon.colcon_core.package_identification:_identify(src/ack_robot_description) by extensions ['colcon_meta']
[0.977s] Level 1:colcon.colcon_core.package_identification:_identify(src/ack_robot_description) by extension 'colcon_meta'
[0.977s] Level 1:colcon.colcon_core.package_identification:_identify(src/ack_robot_description) by extensions ['ros']
[0.977s] Level 1:colcon.colcon_core.package_identification:_identify(src/ack_robot_description) by extension 'ros'
[0.977s] DEBUG:colcon.colcon_core.package_identification:Package 'src/ack_robot_description' with type 'ros.ament_cmake' and name 'ack_robot_description'
[0.977s] Level 1:colcon.colcon_core.package_identification:_identify(src/build) by extensions ['ignore', 'ignore_ament_install']
[0.978s] Level 1:colcon.colcon_core.package_identification:_identify(src/build) by extension 'ignore'
[0.978s] Level 1:colcon.colcon_core.package_identification:_identify(src/build) ignored
[0.978s] Level 1:colcon.colcon_core.package_identification:_identify(src/install) by extensions ['ignore', 'ignore_ament_install']
[0.978s] Level 1:colcon.colcon_core.package_identification:_identify(src/install) by extension 'ignore'
[0.978s] Level 1:colcon.colcon_core.package_identification:_identify(src/install) ignored
[0.978s] Level 1:colcon.colcon_core.package_identification:_identify(src/log) by extensions ['ignore', 'ignore_ament_install']
[0.978s] Level 1:colcon.colcon_core.package_identification:_identify(src/log) by extension 'ignore'
[0.978s] Level 1:colcon.colcon_core.package_identification:_identify(src/log) ignored
[0.978s] Level 1:colcon.colcon_core.package_discovery:discover_packages(recursive) using defaults
[0.978s] Level 1:colcon.colcon_core.package_discovery:discover_packages(ignore) discover
[0.978s] Level 1:colcon.colcon_core.package_discovery:discover_packages(ignore) using defaults
[0.978s] Level 1:colcon.colcon_core.package_discovery:discover_packages(path) discover
[0.978s] Level 1:colcon.colcon_core.package_discovery:discover_packages(path) using defaults
[1.060s] Level 1:colcon.colcon_core.package_discovery:discover_packages(prefix_path) check parameters
[1.060s] Level 1:colcon.colcon_core.package_discovery:discover_packages(prefix_path) discover
[1.101s] DEBUG:colcon.colcon_installed_package_information.package_discovery:Found 9 installed packages in /home/emred/test_ws/install
[1.115s] DEBUG:colcon.colcon_installed_package_information.package_discovery:Found 2 installed packages in /home/emred/ackerman_ws/install
[1.128s] DEBUG:colcon.colcon_installed_package_information.package_discovery:Found 8 installed packages in /home/emred/tas-gps/install
[1.143s] DEBUG:colcon.colcon_installed_package_information.package_discovery:Found 453 installed packages in /opt/ros/humble
[1.145s] Level 1:colcon.colcon_core.package_discovery:discover_packages(prefix_path) using defaults
[1.241s] Level 5:colcon.colcon_core.verb:set package 'ack_robot_bringup' build argument 'cmake_args' from command line to 'None'
[1.241s] Level 5:colcon.colcon_core.verb:set package 'ack_robot_bringup' build argument 'cmake_target' from command line to 'None'
[1.241s] Level 5:colcon.colcon_core.verb:set package 'ack_robot_bringup' build argument 'cmake_target_skip_unavailable' from command line to 'False'
[1.241s] Level 5:colcon.colcon_core.verb:set package 'ack_robot_bringup' build argument 'cmake_clean_cache' from command line to 'False'
[1.241s] Level 5:colcon.colcon_core.verb:set package 'ack_robot_bringup' build argument 'cmake_clean_first' from command line to 'False'
[1.241s] Level 5:colcon.colcon_core.verb:set package 'ack_robot_bringup' build argument 'cmake_force_configure' from command line to 'False'
[1.241s] Level 5:colcon.colcon_core.verb:set package 'ack_robot_bringup' build argument 'ament_cmake_args' from command line to 'None'
[1.241s] Level 5:colcon.colcon_core.verb:set package 'ack_robot_bringup' build argument 'catkin_cmake_args' from command line to 'None'
[1.241s] Level 5:colcon.colcon_core.verb:set package 'ack_robot_bringup' build argument 'catkin_skip_building_tests' from command line to 'False'
[1.241s] DEBUG:colcon.colcon_core.verb:Building package 'ack_robot_bringup' with the following arguments: {'ament_cmake_args': None, 'build_base': '/home/emred/ackerman_ws/build/ack_robot_bringup', 'catkin_cmake_args': None, 'catkin_skip_building_tests': False, 'cmake_args': None, 'cmake_clean_cache': False, 'cmake_clean_first': False, 'cmake_force_configure': False, 'cmake_target': None, 'cmake_target_skip_unavailable': False, 'install_base': '/home/emred/ackerman_ws/install/ack_robot_bringup', 'merge_install': False, 'path': '/home/emred/ackerman_ws/src/ack_robot_bringup', 'symlink_install': False, 'test_result_base': None}
[1.254s] Level 5:colcon.colcon_core.verb:set package 'ack_robot_description' build argument 'cmake_args' from command line to 'None'
[1.254s] Level 5:colcon.colcon_core.verb:set package 'ack_robot_description' build argument 'cmake_target' from command line to 'None'
[1.254s] Level 5:colcon.colcon_core.verb:set package 'ack_robot_description' build argument 'cmake_target_skip_unavailable' from command line to 'False'
[1.254s] Level 5:colcon.colcon_core.verb:set package 'ack_robot_description' build argument 'cmake_clean_cache' from command line to 'False'
[1.254s] Level 5:colcon.colcon_core.verb:set package 'ack_robot_description' build argument 'cmake_clean_first' from command line to 'False'
[1.254s] Level 5:colcon.colcon_core.verb:set package 'ack_robot_description' build argument 'cmake_force_configure' from command line to 'False'
[1.254s] Level 5:colcon.colcon_core.verb:set package 'ack_robot_description' build argument 'ament_cmake_args' from command line to 'None'
[1.255s] Level 5:colcon.colcon_core.verb:set package 'ack_robot_description' build argument 'catkin_cmake_args' from command line to 'None'
[1.255s] Level 5:colcon.colcon_core.verb:set package 'ack_robot_description' build argument 'catkin_skip_building_tests' from command line to 'False'
[1.255s] DEBUG:colcon.colcon_core.verb:Building package 'ack_robot_description' with the following arguments: {'ament_cmake_args': None, 'build_base': '/home/emred/ackerman_ws/build/ack_robot_description', 'catkin_cmake_args': None, 'catkin_skip_building_tests': False, 'cmake_args': None, 'cmake_clean_cache': False, 'cmake_clean_first': False, 'cmake_force_configure': False, 'cmake_target': None, 'cmake_target_skip_unavailable': False, 'install_base': '/home/emred/ackerman_ws/install/ack_robot_description', 'merge_install': False, 'path': '/home/emred/ackerman_ws/src/ack_robot_description', 'symlink_install': False, 'test_result_base': None}
[1.268s] INFO:colcon.colcon_core.executor:Executing jobs using 'parallel' executor
[1.282s] DEBUG:colcon.colcon_parallel_executor.executor.parallel:run_until_complete
[1.282s] INFO:colcon.colcon_ros.task.ament_cmake.build:Building ROS package in '/home/emred/ackerman_ws/src/ack_robot_bringup' with build type 'ament_cmake'
[1.282s] INFO:colcon.colcon_cmake.task.cmake.build:Building CMake package in '/home/emred/ackerman_ws/src/ack_robot_bringup'
[1.297s] INFO:colcon.colcon_core.plugin_system:Skipping extension 'colcon_core.shell.bat': Not used on non-Windows systems
[1.298s] INFO:colcon.colcon_core.shell:Skip shell extension 'powershell' for command environment: Not usable outside of PowerShell
[1.298s] DEBUG:colcon.colcon_core.shell:Skip shell extension 'dsv' for command environment
[1.368s] INFO:colcon.colcon_ros.task.ament_cmake.build:Building ROS package in '/home/emred/ackerman_ws/src/ack_robot_description' with build type 'ament_cmake'
[1.368s] INFO:colcon.colcon_cmake.task.cmake.build:Building CMake package in '/home/emred/ackerman_ws/src/ack_robot_description'
[1.381s] INFO:colcon.colcon_core.shell:Skip shell extension 'powershell' for command environment: Not usable outside of PowerShell
[1.382s] DEBUG:colcon.colcon_core.shell:Skip shell extension 'dsv' for command environment
[1.460s] DEBUG:colcon.colcon_core.event_handler.log_command:Invoking command in '/home/emred/ackerman_ws/build/ack_robot_bringup': CMAKE_PREFIX_PATH=${CMAKE_PREFIX_PATH}:/home/emred/test_ws/install/beetle_evaluation:/home/emred/tas-gps/install/nav2_project:/home/emred/tas-gps/install/nav2_gps_waypoint_follower_demo:/home/emred/tas-gps/install/my_robot_nav2:/home/emred/tas-gps/install/moveon_control:/opt/ros/humble /usr/bin/cmake --build /home/emred/ackerman_ws/build/ack_robot_bringup -- -j16 -l16
[1.464s] DEBUG:colcon.colcon_core.event_handler.log_command:Invoking command in '/home/emred/ackerman_ws/build/ack_robot_description': CMAKE_PREFIX_PATH=${CMAKE_PREFIX_PATH}:/home/emred/test_ws/install/beetle_evaluation:/home/emred/tas-gps/install/nav2_project:/home/emred/tas-gps/install/nav2_gps_waypoint_follower_demo:/home/emred/tas-gps/install/my_robot_nav2:/home/emred/tas-gps/install/moveon_control:/opt/ros/humble /usr/bin/cmake --build /home/emred/ackerman_ws/build/ack_robot_description -- -j16 -l16
[1.528s] DEBUG:colcon.colcon_core.event_handler.log_command:Invoked command in '/home/emred/ackerman_ws/build/ack_robot_bringup' returned '0': CMAKE_PREFIX_PATH=${CMAKE_PREFIX_PATH}:/home/emred/test_ws/install/beetle_evaluation:/home/emred/tas-gps/install/nav2_project:/home/emred/tas-gps/install/nav2_gps_waypoint_follower_demo:/home/emred/tas-gps/install/my_robot_nav2:/home/emred/tas-gps/install/moveon_control:/opt/ros/humble /usr/bin/cmake --build /home/emred/ackerman_ws/build/ack_robot_bringup -- -j16 -l16
[1.558s] DEBUG:colcon.colcon_core.event_handler.log_command:Invoked command in '/home/emred/ackerman_ws/build/ack_robot_description' returned '0': CMAKE_PREFIX_PATH=${CMAKE_PREFIX_PATH}:/home/emred/test_ws/install/beetle_evaluation:/home/emred/tas-gps/install/nav2_project:/home/emred/tas-gps/install/nav2_gps_waypoint_follower_demo:/home/emred/tas-gps/install/my_robot_nav2:/home/emred/tas-gps/install/moveon_control:/opt/ros/humble /usr/bin/cmake --build /home/emred/ackerman_ws/build/ack_robot_description -- -j16 -l16
[1.593s] DEBUG:colcon.colcon_core.event_handler.log_command:Invoking command in '/home/emred/ackerman_ws/build/ack_robot_bringup': CMAKE_PREFIX_PATH=${CMAKE_PREFIX_PATH}:/home/emred/test_ws/install/beetle_evaluation:/home/emred/tas-gps/install/nav2_project:/home/emred/tas-gps/install/nav2_gps_waypoint_follower_demo:/home/emred/tas-gps/install/my_robot_nav2:/home/emred/tas-gps/install/moveon_control:/opt/ros/humble /usr/bin/cmake --install /home/emred/ackerman_ws/build/ack_robot_bringup
[1.595s] DEBUG:colcon.colcon_core.event_handler.log_command:Invoking command in '/home/emred/ackerman_ws/build/ack_robot_description': CMAKE_PREFIX_PATH=${CMAKE_PREFIX_PATH}:/home/emred/test_ws/install/beetle_evaluation:/home/emred/tas-gps/install/nav2_project:/home/emred/tas-gps/install/nav2_gps_waypoint_follower_demo:/home/emred/tas-gps/install/my_robot_nav2:/home/emred/tas-gps/install/moveon_control:/opt/ros/humble /usr/bin/cmake --install /home/emred/ackerman_ws/build/ack_robot_description
[1.605s] Level 1:colcon.colcon_core.environment:create_environment_scripts_only(ack_robot_bringup)
[1.606s] DEBUG:colcon.colcon_core.event_handler.log_command:Invoked command in '/home/emred/ackerman_ws/build/ack_robot_bringup' returned '0': CMAKE_PREFIX_PATH=${CMAKE_PREFIX_PATH}:/home/emred/test_ws/install/beetle_evaluation:/home/emred/tas-gps/install/nav2_project:/home/emred/tas-gps/install/nav2_gps_waypoint_follower_demo:/home/emred/tas-gps/install/my_robot_nav2:/home/emred/tas-gps/install/moveon_control:/opt/ros/humble /usr/bin/cmake --install /home/emred/ackerman_ws/build/ack_robot_bringup
[1.645s] Level 1:colcon.colcon_core.environment:checking '/home/emred/ackerman_ws/install/ack_robot_bringup' for CMake module files
[1.646s] Level 1:colcon.colcon_core.environment:checking '/home/emred/ackerman_ws/install/ack_robot_bringup' for CMake config files
[1.646s] Level 1:colcon.colcon_core.shell:create_environment_hook('ack_robot_bringup', 'cmake_prefix_path')
[1.682s] INFO:colcon.colcon_core.shell:Creating environment hook '/home/emred/ackerman_ws/install/ack_robot_bringup/share/ack_robot_bringup/hook/cmake_prefix_path.ps1'
[1.683s] INFO:colcon.colcon_core.shell:Creating environment descriptor '/home/emred/ackerman_ws/install/ack_robot_bringup/share/ack_robot_bringup/hook/cmake_prefix_path.dsv'
[1.683s] INFO:colcon.colcon_core.shell:Creating environment hook '/home/emred/ackerman_ws/install/ack_robot_bringup/share/ack_robot_bringup/hook/cmake_prefix_path.sh'
[1.684s] Level 1:colcon.colcon_core.environment:checking '/home/emred/ackerman_ws/install/ack_robot_bringup/bin'
[1.684s] Level 1:colcon.colcon_core.environment:checking '/home/emred/ackerman_ws/install/ack_robot_bringup/lib/pkgconfig/ack_robot_bringup.pc'
[1.684s] Level 1:colcon.colcon_core.environment:checking '/home/emred/ackerman_ws/install/ack_robot_bringup/lib/python3.10/site-packages'
[1.684s] Level 1:colcon.colcon_core.environment:checking '/home/emred/ackerman_ws/install/ack_robot_bringup/bin'
[1.697s] INFO:colcon.colcon_core.shell:Creating package script '/home/emred/ackerman_ws/install/ack_robot_bringup/share/ack_robot_bringup/package.ps1'
[1.698s] INFO:colcon.colcon_core.shell:Creating package descriptor '/home/emred/ackerman_ws/install/ack_robot_bringup/share/ack_robot_bringup/package.dsv'
[1.699s] INFO:colcon.colcon_core.shell:Creating package script '/home/emred/ackerman_ws/install/ack_robot_bringup/share/ack_robot_bringup/package.sh'
[1.699s] INFO:colcon.colcon_core.shell:Creating package script '/home/emred/ackerman_ws/install/ack_robot_bringup/share/ack_robot_bringup/package.bash'
[1.700s] INFO:colcon.colcon_core.shell:Creating package script '/home/emred/ackerman_ws/install/ack_robot_bringup/share/ack_robot_bringup/package.zsh'
[1.700s] Level 1:colcon.colcon_core.environment:create_file_with_runtime_dependencies(/home/emred/ackerman_ws/install/ack_robot_bringup/share/colcon-core/packages/ack_robot_bringup)
[1.702s] Level 1:colcon.colcon_core.environment:create_environment_scripts_only(ack_robot_description)
[1.703s] DEBUG:colcon.colcon_core.event_handler.log_command:Invoked command in '/home/emred/ackerman_ws/build/ack_robot_description' returned '0': CMAKE_PREFIX_PATH=${CMAKE_PREFIX_PATH}:/home/emred/test_ws/install/beetle_evaluation:/home/emred/tas-gps/install/nav2_project:/home/emred/tas-gps/install/nav2_gps_waypoint_follower_demo:/home/emred/tas-gps/install/my_robot_nav2:/home/emred/tas-gps/install/moveon_control:/opt/ros/humble /usr/bin/cmake --install /home/emred/ackerman_ws/build/ack_robot_description
[1.716s] Level 1:colcon.colcon_core.environment:checking '/home/emred/ackerman_ws/install/ack_robot_description' for CMake module files
[1.717s] Level 1:colcon.colcon_core.environment:checking '/home/emred/ackerman_ws/install/ack_robot_description' for CMake config files
[1.717s] Level 1:colcon.colcon_core.shell:create_environment_hook('ack_robot_description', 'cmake_prefix_path')
[1.730s] INFO:colcon.colcon_core.shell:Creating environment hook '/home/emred/ackerman_ws/install/ack_robot_description/share/ack_robot_description/hook/cmake_prefix_path.ps1'
[1.731s] INFO:colcon.colcon_core.shell:Creating environment descriptor '/home/emred/ackerman_ws/install/ack_robot_description/share/ack_robot_description/hook/cmake_prefix_path.dsv'
[1.731s] INFO:colcon.colcon_core.shell:Creating environment hook '/home/emred/ackerman_ws/install/ack_robot_description/share/ack_robot_description/hook/cmake_prefix_path.sh'
[1.731s] Level 1:colcon.colcon_core.environment:checking '/home/emred/ackerman_ws/install/ack_robot_description/bin'
[1.731s] Level 1:colcon.colcon_core.environment:checking '/home/emred/ackerman_ws/install/ack_robot_description/lib/pkgconfig/ack_robot_description.pc'
[1.731s] Level 1:colcon.colcon_core.environment:checking '/home/emred/ackerman_ws/install/ack_robot_description/lib/python3.10/site-packages'
[1.732s] Level 1:colcon.colcon_core.environment:checking '/home/emred/ackerman_ws/install/ack_robot_description/bin'
[1.745s] INFO:colcon.colcon_core.shell:Creating package script '/home/emred/ackerman_ws/install/ack_robot_description/share/ack_robot_description/package.ps1'
[1.746s] INFO:colcon.colcon_core.shell:Creating package descriptor '/home/emred/ackerman_ws/install/ack_robot_description/share/ack_robot_description/package.dsv'
[1.746s] INFO:colcon.colcon_core.shell:Creating package script '/home/emred/ackerman_ws/install/ack_robot_description/share/ack_robot_description/package.sh'
[1.747s] INFO:colcon.colcon_core.shell:Creating package script '/home/emred/ackerman_ws/install/ack_robot_description/share/ack_robot_description/package.bash'
[1.747s] INFO:colcon.colcon_core.shell:Creating package script '/home/emred/ackerman_ws/install/ack_robot_description/share/ack_robot_description/package.zsh'
[1.747s] Level 1:colcon.colcon_core.environment:create_file_with_runtime_dependencies(/home/emred/ackerman_ws/install/ack_robot_description/share/colcon-core/packages/ack_robot_description)
[1.763s] Level 1:colcon.colcon_core.environment:create_environment_scripts_only(ack_robot_bringup)
[1.777s] Level 1:colcon.colcon_core.environment:checking '/home/emred/ackerman_ws/install/ack_robot_bringup' for CMake module files
[1.777s] Level 1:colcon.colcon_core.environment:checking '/home/emred/ackerman_ws/install/ack_robot_bringup' for CMake config files
[1.777s] Level 1:colcon.colcon_core.shell:create_environment_hook('ack_robot_bringup', 'cmake_prefix_path')
[1.791s] INFO:colcon.colcon_core.shell:Creating environment hook '/home/emred/ackerman_ws/install/ack_robot_bringup/share/ack_robot_bringup/hook/cmake_prefix_path.ps1'
[1.791s] INFO:colcon.colcon_core.shell:Creating environment descriptor '/home/emred/ackerman_ws/install/ack_robot_bringup/share/ack_robot_bringup/hook/cmake_prefix_path.dsv'
[1.791s] INFO:colcon.colcon_core.shell:Creating environment hook '/home/emred/ackerman_ws/install/ack_robot_bringup/share/ack_robot_bringup/hook/cmake_prefix_path.sh'
[1.792s] Level 1:colcon.colcon_core.environment:checking '/home/emred/ackerman_ws/install/ack_robot_bringup/bin'
[1.792s] Level 1:colcon.colcon_core.environment:checking '/home/emred/ackerman_ws/install/ack_robot_bringup/lib/pkgconfig/ack_robot_bringup.pc'
[1.792s] Level 1:colcon.colcon_core.environment:checking '/home/emred/ackerman_ws/install/ack_robot_bringup/lib/python3.10/site-packages'
[1.792s] Level 1:colcon.colcon_core.environment:checking '/home/emred/ackerman_ws/install/ack_robot_bringup/bin'
[1.806s] INFO:colcon.colcon_core.shell:Creating package script '/home/emred/ackerman_ws/install/ack_robot_bringup/share/ack_robot_bringup/package.ps1'
[1.806s] INFO:colcon.colcon_core.shell:Creating package descriptor '/home/emred/ackerman_ws/install/ack_robot_bringup/share/ack_robot_bringup/package.dsv'
[1.807s] INFO:colcon.colcon_core.shell:Creating package script '/home/emred/ackerman_ws/install/ack_robot_bringup/share/ack_robot_bringup/package.sh'
[1.807s] INFO:colcon.colcon_core.shell:Creating package script '/home/emred/ackerman_ws/install/ack_robot_bringup/share/ack_robot_bringup/package.bash'
[1.807s] INFO:colcon.colcon_core.shell:Creating package script '/home/emred/ackerman_ws/install/ack_robot_bringup/share/ack_robot_bringup/package.zsh'
[1.807s] Level 1:colcon.colcon_core.environment:create_file_with_runtime_dependencies(/home/emred/ackerman_ws/install/ack_robot_bringup/share/colcon-core/packages/ack_robot_bringup)
[1.822s] Level 1:colcon.colcon_core.environment:create_environment_scripts_only(ack_robot_description)
[1.835s] Level 1:colcon.colcon_core.environment:checking '/home/emred/ackerman_ws/install/ack_robot_description' for CMake module files
[1.836s] Level 1:colcon.colcon_core.environment:checking '/home/emred/ackerman_ws/install/ack_robot_description' for CMake config files
[1.836s] Level 1:colcon.colcon_core.shell:create_environment_hook('ack_robot_description', 'cmake_prefix_path')
[1.849s] INFO:colcon.colcon_core.shell:Creating environment hook '/home/emred/ackerman_ws/install/ack_robot_description/share/ack_robot_description/hook/cmake_prefix_path.ps1'
[1.850s] INFO:colcon.colcon_core.shell:Creating environment descriptor '/home/emred/ackerman_ws/install/ack_robot_description/share/ack_robot_description/hook/cmake_prefix_path.dsv'
[1.850s] INFO:colcon.colcon_core.shell:Creating environment hook '/home/emred/ackerman_ws/install/ack_robot_description/share/ack_robot_description/hook/cmake_prefix_path.sh'
[1.850s] Level 1:colcon.colcon_core.environment:checking '/home/emred/ackerman_ws/install/ack_robot_description/bin'
[1.851s] Level 1:colcon.colcon_core.environment:checking '/home/emred/ackerman_ws/install/ack_robot_description/lib/pkgconfig/ack_robot_description.pc'
[1.851s] Level 1:colcon.colcon_core.environment:checking '/home/emred/ackerman_ws/install/ack_robot_description/lib/python3.10/site-packages'
[1.851s] Level 1:colcon.colcon_core.environment:checking '/home/emred/ackerman_ws/install/ack_robot_description/bin'
[1.864s] INFO:colcon.colcon_core.shell:Creating package script '/home/emred/ackerman_ws/install/ack_robot_description/share/ack_robot_description/package.ps1'
[1.865s] INFO:colcon.colcon_core.shell:Creating package descriptor '/home/emred/ackerman_ws/install/ack_robot_description/share/ack_robot_description/package.dsv'
[1.865s] INFO:colcon.colcon_core.shell:Creating package script '/home/emred/ackerman_ws/install/ack_robot_description/share/ack_robot_description/package.sh'
[1.865s] INFO:colcon.colcon_core.shell:Creating package script '/home/emred/ackerman_ws/install/ack_robot_description/share/ack_robot_description/package.bash'
[1.866s] INFO:colcon.colcon_core.shell:Creating package script '/home/emred/ackerman_ws/install/ack_robot_description/share/ack_robot_description/package.zsh'
[1.866s] Level 1:colcon.colcon_core.environment:create_file_with_runtime_dependencies(/home/emred/ackerman_ws/install/ack_robot_description/share/colcon-core/packages/ack_robot_description)
[1.866s] DEBUG:colcon.colcon_parallel_executor.executor.parallel:closing loop
[1.866s] DEBUG:colcon.colcon_parallel_executor.executor.parallel:loop closed
[1.866s] DEBUG:colcon.colcon_parallel_executor.executor.parallel:run_until_complete finished with '0'
[1.866s] DEBUG:colcon.colcon_core.event_reactor:joining thread
[1.911s] INFO:colcon.colcon_core.plugin_system:Skipping extension 'colcon_notification.desktop_notification.terminal_notifier': Not used on non-Darwin systems
[1.911s] INFO:colcon.colcon_core.plugin_system:Skipping extension 'colcon_notification.desktop_notification.win32': Not used on non-Windows systems
[1.912s] INFO:colcon.colcon_notification.desktop_notification:Sending desktop notification using 'notify2'
[1.930s] DEBUG:colcon.colcon_core.event_reactor:joined thread
[1.945s] INFO:colcon.colcon_core.shell:Creating prefix script '/home/emred/ackerman_ws/install/local_setup.ps1'
[1.946s] INFO:colcon.colcon_core.shell:Creating prefix util module '/home/emred/ackerman_ws/install/_local_setup_util_ps1.py'
[1.947s] INFO:colcon.colcon_core.shell:Creating prefix chain script '/home/emred/ackerman_ws/install/setup.ps1'
[1.962s] INFO:colcon.colcon_core.shell:Creating prefix script '/home/emred/ackerman_ws/install/local_setup.sh'
[1.962s] INFO:colcon.colcon_core.shell:Creating prefix util module '/home/emred/ackerman_ws/install/_local_setup_util_sh.py'
[1.963s] INFO:colcon.colcon_core.shell:Creating prefix chain script '/home/emred/ackerman_ws/install/setup.sh'
[1.978s] INFO:colcon.colcon_core.shell:Creating prefix script '/home/emred/ackerman_ws/install/local_setup.bash'
[1.978s] INFO:colcon.colcon_core.shell:Creating prefix chain script '/home/emred/ackerman_ws/install/setup.bash'
[1.993s] INFO:colcon.colcon_core.shell:Creating prefix script '/home/emred/ackerman_ws/install/local_setup.zsh'
[1.993s] INFO:colcon.colcon_core.shell:Creating prefix chain script '/home/emred/ackerman_ws/install/setup.zsh'
