[0.084s] Invoking command in '/home/emred/ackerman_ws/build/ack_robot_description': CMAKE_PREFIX_PATH=${CMAKE_PREFIX_PATH}:/home/emred/tas-gps/install/nav2_project:/home/emred/tas-gps/install/moveon_control:/opt/ros/humble /usr/bin/cmake /home/emred/ackerman_ws/src/ack_robot_description -DCMAKE_INSTALL_PREFIX=/home/emred/ackerman_ws/install/ack_robot_description
[0.179s] -- The C compiler identification is GNU 11.4.0
[0.246s] -- The CXX compiler identification is GNU 11.4.0
[0.254s] -- Detecting C compiler ABI info
[0.340s] -- Detecting C compiler ABI info - done
[0.347s] -- Check for working C compiler: /usr/bin/cc - skipped
[0.347s] -- Detecting C compile features
[0.347s] -- Detecting C compile features - done
[0.350s] -- Detecting CXX compiler ABI info
[0.450s] -- Detecting CXX compiler ABI info - done
[0.458s] -- Check for working CXX compiler: /usr/bin/c++ - skipped
[0.458s] -- Detecting CXX compile features
[0.458s] -- Detecting CXX compile features - done
[0.462s] -- Found ament_cmake: 1.3.8 (/opt/ros/humble/share/ament_cmake/cmake)
[0.628s] -- Found Python3: /usr/bin/python3 (found version "3.10.12") found components: Interpreter 
[0.802s] -- Configuring done
[0.805s] -- Generating done
[0.806s] -- Build files have been written to: /home/emred/ackerman_ws/build/ack_robot_description
[0.811s] Invoked command in '/home/emred/ackerman_ws/build/ack_robot_description' returned '0': CMAKE_PREFIX_PATH=${CMAKE_PREFIX_PATH}:/home/emred/tas-gps/install/nav2_project:/home/emred/tas-gps/install/moveon_control:/opt/ros/humble /usr/bin/cmake /home/emred/ackerman_ws/src/ack_robot_description -DCMAKE_INSTALL_PREFIX=/home/emred/ackerman_ws/install/ack_robot_description
[0.814s] Invoking command in '/home/emred/ackerman_ws/build/ack_robot_description': CMAKE_PREFIX_PATH=${CMAKE_PREFIX_PATH}:/home/emred/tas-gps/install/nav2_project:/home/emred/tas-gps/install/moveon_control:/opt/ros/humble /usr/bin/cmake --build /home/emred/ackerman_ws/build/ack_robot_description -- -j16 -l16
[0.883s] Invoked command in '/home/emred/ackerman_ws/build/ack_robot_description' returned '0': CMAKE_PREFIX_PATH=${CMAKE_PREFIX_PATH}:/home/emred/tas-gps/install/nav2_project:/home/emred/tas-gps/install/moveon_control:/opt/ros/humble /usr/bin/cmake --build /home/emred/ackerman_ws/build/ack_robot_description -- -j16 -l16
[0.927s] Invoking command in '/home/emred/ackerman_ws/build/ack_robot_description': CMAKE_PREFIX_PATH=${CMAKE_PREFIX_PATH}:/home/emred/tas-gps/install/nav2_project:/home/emred/tas-gps/install/moveon_control:/opt/ros/humble /usr/bin/cmake --install /home/emred/ackerman_ws/build/ack_robot_description
[0.934s] -- Install configuration: ""
[0.935s] -- Installing: /home/emred/ackerman_ws/install/ack_robot_description/share/ack_robot_description//urdf
[0.935s] -- Installing: /home/emred/ackerman_ws/install/ack_robot_description/share/ack_robot_description//urdf/traktor.urdf
[0.935s] -- Installing: /home/emred/ackerman_ws/install/ack_robot_description/share/ack_robot_description//launch
[0.935s] -- Installing: /home/emred/ackerman_ws/install/ack_robot_description/share/ack_robot_description//launch/display.launch.xml
[0.935s] -- Installing: /home/emred/ackerman_ws/install/ack_robot_description/share/ack_robot_description//rviz
[0.935s] -- Installing: /home/emred/ackerman_ws/install/ack_robot_description/share/ack_robot_description//rviz/urdf_config.rviz
[0.935s] -- Installing: /home/emred/ackerman_ws/install/ack_robot_description/share/ament_index/resource_index/package_run_dependencies/ack_robot_description
[0.935s] -- Installing: /home/emred/ackerman_ws/install/ack_robot_description/share/ament_index/resource_index/parent_prefix_path/ack_robot_description
[0.936s] -- Installing: /home/emred/ackerman_ws/install/ack_robot_description/share/ack_robot_description/environment/ament_prefix_path.sh
[0.936s] -- Installing: /home/emred/ackerman_ws/install/ack_robot_description/share/ack_robot_description/environment/ament_prefix_path.dsv
[0.936s] -- Installing: /home/emred/ackerman_ws/install/ack_robot_description/share/ack_robot_description/environment/path.sh
[0.936s] -- Installing: /home/emred/ackerman_ws/install/ack_robot_description/share/ack_robot_description/environment/path.dsv
[0.936s] -- Installing: /home/emred/ackerman_ws/install/ack_robot_description/share/ack_robot_description/local_setup.bash
[0.936s] -- Installing: /home/emred/ackerman_ws/install/ack_robot_description/share/ack_robot_description/local_setup.sh
[0.937s] -- Installing: /home/emred/ackerman_ws/install/ack_robot_description/share/ack_robot_description/local_setup.zsh
[0.937s] -- Installing: /home/emred/ackerman_ws/install/ack_robot_description/share/ack_robot_description/local_setup.dsv
[0.937s] -- Installing: /home/emred/ackerman_ws/install/ack_robot_description/share/ack_robot_description/package.dsv
[0.937s] -- Installing: /home/emred/ackerman_ws/install/ack_robot_description/share/ament_index/resource_index/packages/ack_robot_description
[0.937s] -- Installing: /home/emred/ackerman_ws/install/ack_robot_description/share/ack_robot_description/cmake/ack_robot_descriptionConfig.cmake
[0.937s] -- Installing: /home/emred/ackerman_ws/install/ack_robot_description/share/ack_robot_description/cmake/ack_robot_descriptionConfig-version.cmake
[0.937s] -- Installing: /home/emred/ackerman_ws/install/ack_robot_description/share/ack_robot_description/package.xml
[0.940s] Invoked command in '/home/emred/ackerman_ws/build/ack_robot_description' returned '0': CMAKE_PREFIX_PATH=${CMAKE_PREFIX_PATH}:/home/emred/tas-gps/install/nav2_project:/home/emred/tas-gps/install/moveon_control:/opt/ros/humble /usr/bin/cmake --install /home/emred/ackerman_ws/build/ack_robot_description
